#
# There is insufficient memory for the Java Runtime Environment to continue.
# Native memory allocation (malloc) failed to allocate 32744 bytes for ChunkPool::allocate
# Possible reasons:
#   The system is out of physical RAM or swap space
#   The process is running with CompressedOops enabled, and the Java Heap may be blocking the growth of the native heap
# Possible solutions:
#   Reduce memory load on the system
#   Increase physical memory or swap space
#   Check if swap backing store is full
#   Decrease Java heap size (-Xmx/-Xms)
#   Decrease number of Java threads
#   Decrease Java thread stack sizes (-Xss)
#   Set larger code cache with -XX:ReservedCodeCacheSize=
#   JVM is running with Unscaled Compressed Oops mode in which the Java heap is
#     placed in the first 4GB address space. The Java Heap base address is the
#     maximum limit for the native heap growth. Please use -XX:HeapBaseMinAddress
#     to set the Java Heap base and to place the Java Heap above 4GB virtual address.
# This output file may be truncated or incomplete.
#
#  Out of Memory Error (arena.cpp:78), pid=22576, tid=10604
#
# JRE version: Java(TM) SE Runtime Environment (17.0.12+8) (build 17.0.12+8-LTS-286)
# Java VM: Java HotSpot(TM) 64-Bit Server VM (17.0.12+8-LTS-286, mixed mode, sharing, tiered, compressed oops, compressed class ptrs, g1 gc, windows-amd64)
# No core dump will be written. Minidumps are not enabled by default on client versions of Windows
#

---------------  S U M M A R Y ------------

Command Line: -javaagent:C:\Program Files\JetBrains\IntelliJ IDEA Community Edition 2024.3\lib\idea_rt.jar=50887:C:\Program Files\JetBrains\IntelliJ IDEA Community Edition 2024.3\bin -Dfile.encoding=UTF-8 com.jaya.BillServiceApplication

Host: Intel(R) Xeon(R) Gold 5120 CPU @ 2.20GHz, 4 cores, 7G,  Windows 11 , 64 bit Build 22621 (10.0.22621.5415)
Time: Sat Oct 11 19:37:10 2025 India Standard Time elapsed time: 5060.567675 seconds (0d 1h 24m 20s)

---------------  T H R E A D  ---------------

Current thread (0x000002625fd180b0):  JavaThread "C2 CompilerThread0" daemon [_thread_in_native, id=10604, stack(0x0000006d45000000,0x0000006d45100000)]


Current CompileTask:
C2:5060568 10688       4       java.util.stream.Collectors$$Lambda$180/0x00000262610b17c0::accept (11 bytes)

Stack: [0x0000006d45000000,0x0000006d45100000]
Native frames: (J=compiled Java code, j=interpreted, Vv=VM code, C=native code)
V  [jvm.dll+0x67a04a]
V  [jvm.dll+0x7da4ed]
V  [jvm.dll+0x7dbe33]
V  [jvm.dll+0x7dc4a3]
V  [jvm.dll+0x24508f]
V  [jvm.dll+0xab9a4]
V  [jvm.dll+0xabd3c]
V  [jvm.dll+0x1b7f58]
V  [jvm.dll+0x35e87c]
V  [jvm.dll+0x35ed09]
V  [jvm.dll+0x35eaf0]
V  [jvm.dll+0x2cf1b1]
V  [jvm.dll+0x640f17]
V  [jvm.dll+0x112c9c]
V  [jvm.dll+0x33c4ca]
V  [jvm.dll+0x695b36]
V  [jvm.dll+0x694e42]
V  [jvm.dll+0x690266]
V  [jvm.dll+0x68a3d5]
V  [jvm.dll+0x689a20]
V  [jvm.dll+0x687932]
V  [jvm.dll+0x1a5bac]
V  [jvm.dll+0x1a6708]
V  [jvm.dll+0x2a975c]
V  [jvm.dll+0x6923b6]
V  [jvm.dll+0x68a3d5]
V  [jvm.dll+0x689a20]
V  [jvm.dll+0x687932]
V  [jvm.dll+0x1a5bac]
V  [jvm.dll+0x1a6708]
V  [jvm.dll+0x2a975c]
V  [jvm.dll+0x6923b6]
V  [jvm.dll+0x68a3d5]
V  [jvm.dll+0x689a20]
V  [jvm.dll+0x687932]
V  [jvm.dll+0x1a5bac]
V  [jvm.dll+0x1a6708]
V  [jvm.dll+0x2a975c]
V  [jvm.dll+0x6923b6]
V  [jvm.dll+0x68a3d5]
V  [jvm.dll+0x689a20]
V  [jvm.dll+0x687932]
V  [jvm.dll+0x1a5bac]
V  [jvm.dll+0x1a6708]
V  [jvm.dll+0x1a6708]
V  [jvm.dll+0x1a664a]
V  [jvm.dll+0x2a975c]
V  [jvm.dll+0x6923b6]
V  [jvm.dll+0x68a3d5]
V  [jvm.dll+0x689a20]
V  [jvm.dll+0x687932]
V  [jvm.dll+0x1a5bac]
V  [jvm.dll+0x1a6708]
V  [jvm.dll+0x1a6708]
V  [jvm.dll+0x1a664a]
V  [jvm.dll+0x2a975c]
V  [jvm.dll+0x6923b6]
V  [jvm.dll+0x68a3d5]
V  [jvm.dll+0x689a20]
V  [jvm.dll+0x687932]
V  [jvm.dll+0x1a5bac]
V  [jvm.dll+0x215818]
V  [jvm.dll+0x1a2960]
V  [jvm.dll+0x22610b]
V  [jvm.dll+0x2242ab]
V  [jvm.dll+0x79075c]
V  [jvm.dll+0x78abea]
V  [jvm.dll+0x678f35]
C  [ucrtbase.dll+0x29333]
C  [KERNEL32.DLL+0x1259d]
C  [ntdll.dll+0x5af78]


---------------  P R O C E S S  ---------------

Threads class SMR info:
_java_thread_list=0x00000262a9ca0890, length=40, elements={
0x000002625fcff0e0, 0x000002625fcfff60, 0x000002625fd11990, 0x000002625fd13560,
0x000002625fd16540, 0x000002625fd17310, 0x000002625fd180b0, 0x000002625fd26fa0,
0x000002625fd360a0, 0x000002625fce8fc0, 0x00000262a53c84a0, 0x00000262a53c8980,
0x00000262a88ab060, 0x000002625fce94a0, 0x00000262a84cc070, 0x00000262a829d300,
0x00000262a9e8ee10, 0x00000262a9e8f830, 0x00000262a9e8cfb0, 0x00000262a9e8dee0,
0x00000262a9e8c080, 0x00000262a9e8caa0, 0x00000262a9e8d4c0, 0x00000262a9e8d9d0,
0x00000262a9e8e900, 0x00000262aa420cc0, 0x00000262aa423030, 0x00000262aa424470,
0x00000262aa423540, 0x00000262aa4211d0, 0x00000262aa422100, 0x00000262aa423a50,
0x00000262aa4216e0, 0x00000262aa422610, 0x00000262aa421bf0, 0x00000262aa422b20,
0x00000262aa423f60, 0x00000262a9e8e3f0, 0x00000262a6ee2330, 0x00000262a6edd230
}

Java Threads: ( => current thread )
  0x000002625fcff0e0 JavaThread "Reference Handler" daemon [_thread_blocked, id=3124, stack(0x0000006d44a00000,0x0000006d44b00000)]
  0x000002625fcfff60 JavaThread "Finalizer" daemon [_thread_blocked, id=28128, stack(0x0000006d44b00000,0x0000006d44c00000)]
  0x000002625fd11990 JavaThread "Signal Dispatcher" daemon [_thread_blocked, id=29852, stack(0x0000006d44c00000,0x0000006d44d00000)]
  0x000002625fd13560 JavaThread "Attach Listener" daemon [_thread_blocked, id=25048, stack(0x0000006d44d00000,0x0000006d44e00000)]
  0x000002625fd16540 JavaThread "Service Thread" daemon [_thread_blocked, id=22448, stack(0x0000006d44e00000,0x0000006d44f00000)]
  0x000002625fd17310 JavaThread "Monitor Deflation Thread" daemon [_thread_blocked, id=38104, stack(0x0000006d44f00000,0x0000006d45000000)]
=>0x000002625fd180b0 JavaThread "C2 CompilerThread0" daemon [_thread_in_native, id=10604, stack(0x0000006d45000000,0x0000006d45100000)]
  0x000002625fd26fa0 JavaThread "C1 CompilerThread0" daemon [_thread_blocked, id=13140, stack(0x0000006d45100000,0x0000006d45200000)]
  0x000002625fd360a0 JavaThread "Sweeper thread" daemon [_thread_blocked, id=27432, stack(0x0000006d45200000,0x0000006d45300000)]
  0x000002625fce8fc0 JavaThread "Common-Cleaner" daemon [_thread_blocked, id=30432, stack(0x0000006d45300000,0x0000006d45400000)]
  0x00000262a53c84a0 JavaThread "Monitor Ctrl-Break" daemon [_thread_in_native, id=6532, stack(0x0000006d45600000,0x0000006d45700000)]
  0x00000262a53c8980 JavaThread "Notification Thread" daemon [_thread_blocked, id=11272, stack(0x0000006d45700000,0x0000006d45800000)]
  0x00000262a88ab060 JavaThread "Catalina-utility-1" [_thread_blocked, id=33768, stack(0x0000006d45f00000,0x0000006d46000000)]
  0x000002625fce94a0 JavaThread "Catalina-utility-2" [_thread_blocked, id=24428, stack(0x0000006d46000000,0x0000006d46100000)]
  0x00000262a84cc070 JavaThread "container-0" [_thread_blocked, id=3652, stack(0x0000006d46100000,0x0000006d46200000)]
  0x00000262a829d300 JavaThread "mysql-cj-abandoned-connection-cleanup" daemon [_thread_blocked, id=21072, stack(0x0000006d46200000,0x0000006d46300000)]
  0x00000262a9e8ee10 JavaThread "HikariPool-1 housekeeper" daemon [_thread_blocked, id=22284, stack(0x0000006d46400000,0x0000006d46500000)]
  0x00000262a9e8f830 JavaThread "lettuce-timer-3-1" daemon [_thread_blocked, id=14644, stack(0x0000006d46600000,0x0000006d46700000)]
  0x00000262a9e8cfb0 JavaThread "File Watcher" daemon [_thread_blocked, id=30352, stack(0x0000006d46700000,0x0000006d46800000)]
  0x00000262a9e8dee0 JavaThread "spectator-gauge-polling-0" daemon [_thread_blocked, id=688, stack(0x0000006d46800000,0x0000006d46900000)]
  0x00000262a9e8c080 JavaThread "AsyncResolver-bootstrap-%d" daemon [_thread_blocked, id=20896, stack(0x0000006d46900000,0x0000006d46a00000)]
  0x00000262a9e8caa0 JavaThread "DiscoveryClient-%d" daemon [_thread_blocked, id=26492, stack(0x0000006d46a00000,0x0000006d46b00000)]
  0x00000262a9e8d4c0 JavaThread "DiscoveryClient-%d" daemon [_thread_blocked, id=27948, stack(0x0000006d46b00000,0x0000006d46c00000)]
  0x00000262a9e8d9d0 JavaThread "DiscoveryClient-InstanceInfoReplicator-%d" daemon [_thread_blocked, id=4836, stack(0x0000006d46c00000,0x0000006d46d00000)]
  0x00000262a9e8e900 JavaThread "http-nio-6007-exec-1" daemon [_thread_blocked, id=38092, stack(0x0000006d46d00000,0x0000006d46e00000)]
  0x00000262aa420cc0 JavaThread "http-nio-6007-exec-2" daemon [_thread_blocked, id=5296, stack(0x0000006d46e00000,0x0000006d46f00000)]
  0x00000262aa423030 JavaThread "http-nio-6007-exec-3" daemon [_thread_blocked, id=29176, stack(0x0000006d46f00000,0x0000006d47000000)]
  0x00000262aa424470 JavaThread "http-nio-6007-exec-4" daemon [_thread_blocked, id=24600, stack(0x0000006d47000000,0x0000006d47100000)]
  0x00000262aa423540 JavaThread "http-nio-6007-exec-5" daemon [_thread_blocked, id=3412, stack(0x0000006d47100000,0x0000006d47200000)]
  0x00000262aa4211d0 JavaThread "http-nio-6007-exec-6" daemon [_thread_blocked, id=28052, stack(0x0000006d47200000,0x0000006d47300000)]
  0x00000262aa422100 JavaThread "http-nio-6007-exec-7" daemon [_thread_blocked, id=23232, stack(0x0000006d47300000,0x0000006d47400000)]
  0x00000262aa423a50 JavaThread "http-nio-6007-exec-8" daemon [_thread_blocked, id=2992, stack(0x0000006d47400000,0x0000006d47500000)]
  0x00000262aa4216e0 JavaThread "http-nio-6007-exec-9" daemon [_thread_blocked, id=20144, stack(0x0000006d47500000,0x0000006d47600000)]
  0x00000262aa422610 JavaThread "http-nio-6007-exec-10" daemon [_thread_blocked, id=3400, stack(0x0000006d47600000,0x0000006d47700000)]
  0x00000262aa421bf0 JavaThread "http-nio-6007-Poller" daemon [_thread_in_native, id=7616, stack(0x0000006d47700000,0x0000006d47800000)]
  0x00000262aa422b20 JavaThread "http-nio-6007-Acceptor" daemon [_thread_in_native, id=12368, stack(0x0000006d47800000,0x0000006d47900000)]
  0x00000262aa423f60 JavaThread "DestroyJavaVM" [_thread_blocked, id=31556, stack(0x0000006d44300000,0x0000006d44400000)]
  0x00000262a9e8e3f0 JavaThread "DiscoveryClient-HeartbeatExecutor-%d" daemon [_thread_blocked, id=12748, stack(0x0000006d45b00000,0x0000006d45c00000)]
  0x00000262a6ee2330 JavaThread "DiscoveryClient-CacheRefreshExecutor-%d" daemon [_thread_blocked, id=26116, stack(0x0000006d45c00000,0x0000006d45d00000)]
  0x00000262a6edd230 JavaThread "AsyncResolver-bootstrap-executor-%d" daemon [_thread_blocked, id=10008, stack(0x0000006d44100000,0x0000006d44200000)]

Other Threads:
  0x000002625fcf95c0 VMThread "VM Thread" [stack: 0x0000006d44900000,0x0000006d44a00000] [id=22628]
  0x000002625fd04b50 WatcherThread [stack: 0x0000006d45800000,0x0000006d45900000] [id=34588]
  0x0000026242402c30 GCTaskThread "GC Thread#0" [stack: 0x0000006d44400000,0x0000006d44500000] [id=9708]
  0x00000262a52d5430 GCTaskThread "GC Thread#1" [stack: 0x0000006d45400000,0x0000006d45500000] [id=35168]
  0x00000262a5917880 GCTaskThread "GC Thread#2" [stack: 0x0000006d45500000,0x0000006d45600000] [id=2368]
  0x00000262a5c1a170 GCTaskThread "GC Thread#3" [stack: 0x0000006d45a00000,0x0000006d45b00000] [id=1164]
  0x0000026242416bb0 ConcurrentGCThread "G1 Main Marker" [stack: 0x0000006d44500000,0x0000006d44600000] [id=8520]
  0x0000026242417d60 ConcurrentGCThread "G1 Conc#0" [stack: 0x0000006d44600000,0x0000006d44700000] [id=28376]
  0x000002624243d610 ConcurrentGCThread "G1 Refine#0" [stack: 0x0000006d44700000,0x0000006d44800000] [id=23876]
  0x00000262a7b20bf0 ConcurrentGCThread "G1 Refine#1" [stack: 0x0000006d45d00000,0x0000006d45e00000] [id=19308]
  0x00000262a7b20900 ConcurrentGCThread "G1 Refine#2" [stack: 0x0000006d45e00000,0x0000006d45f00000] [id=35828]
  0x000002624243e040 ConcurrentGCThread "G1 Service" [stack: 0x0000006d44800000,0x0000006d44900000] [id=30384]

Threads with active compile tasks:
C2 CompilerThread0  5061372 10688       4       java.util.stream.Collectors$$Lambda$180/0x00000262610b17c0::accept (11 bytes)

VM state: not at safepoint (normal execution)

VM Mutex/Monitor currently owned by a thread: None

Heap address: 0x0000000080000000, size: 2048 MB, Compressed Oops mode: 32-bit

CDS archive(s) mapped at: [0x0000026260000000-0x0000026260bd0000-0x0000026260bd0000), size 12386304, SharedBaseAddress: 0x0000026260000000, ArchiveRelocationMode: 1.
Compressed class space mapped at: 0x0000026261000000-0x00000262a1000000, reserved size: 1073741824
Narrow klass base: 0x0000026260000000, Narrow klass shift: 0, Narrow klass range: 0x100000000

GC Precious Log:
 CPUs: 4 total, 4 available
 Memory: 8190M
 Large Page Support: Disabled
 NUMA Support: Disabled
 Compressed Oops: Enabled (32-bit)
 Heap Region Size: 1M
 Heap Min Capacity: 8M
 Heap Initial Capacity: 128M
 Heap Max Capacity: 2G
 Pre-touch: Disabled
 Parallel Workers: 4
 Concurrent Workers: 1
 Concurrent Refinement Workers: 4
 Periodic GC: Disabled

Heap:
 garbage-first heap   total 154624K, used 72374K [0x0000000080000000, 0x0000000100000000)
  region size 1024K, 15 young (15360K), 1 survivors (1024K)
 Metaspace       used 98050K, committed 98752K, reserved 1179648K
  class space    used 13463K, committed 13824K, reserved 1048576K

Heap Regions: E=young(eden), S=young(survivor), O=old, HS=humongous(starts), HC=humongous(continues), CS=collection set, F=free, OA=open archive, CA=closed archive, TAMS=top-at-mark-start (previous, next)
|   0|0x0000000080000000, 0x0000000080100000, 0x0000000080100000|100%|HS|  |TAMS 0x0000000080100000, 0x0000000080000000| Complete 
|   1|0x0000000080100000, 0x0000000080200000, 0x0000000080200000|100%| O|  |TAMS 0x0000000080200000, 0x0000000080100000| Untracked 
|   2|0x0000000080200000, 0x0000000080300000, 0x0000000080300000|100%|HS|  |TAMS 0x0000000080300000, 0x0000000080200000| Complete 
|   3|0x0000000080300000, 0x0000000080400000, 0x0000000080400000|100%|HS|  |TAMS 0x0000000080400000, 0x0000000080300000| Complete 
|   4|0x0000000080400000, 0x0000000080500000, 0x0000000080500000|100%| O|  |TAMS 0x0000000080500000, 0x0000000080400000| Untracked 
|   5|0x0000000080500000, 0x0000000080600000, 0x0000000080600000|100%| O|  |TAMS 0x0000000080600000, 0x0000000080500000| Untracked 
|   6|0x0000000080600000, 0x0000000080700000, 0x0000000080700000|100%| O|  |TAMS 0x0000000080700000, 0x0000000080600000| Untracked 
|   7|0x0000000080700000, 0x0000000080800000, 0x0000000080800000|100%| O|  |TAMS 0x0000000080800000, 0x0000000080700000| Untracked 
|   8|0x0000000080800000, 0x0000000080900000, 0x0000000080900000|100%| O|  |TAMS 0x0000000080900000, 0x0000000080800000| Untracked 
|   9|0x0000000080900000, 0x0000000080a00000, 0x0000000080a00000|100%| O|  |TAMS 0x0000000080a00000, 0x0000000080900000| Untracked 
|  10|0x0000000080a00000, 0x0000000080b00000, 0x0000000080b00000|100%| O|  |TAMS 0x0000000080b00000, 0x0000000080a00000| Untracked 
|  11|0x0000000080b00000, 0x0000000080c00000, 0x0000000080c00000|100%| O|  |TAMS 0x0000000080c00000, 0x0000000080b00000| Untracked 
|  12|0x0000000080c00000, 0x0000000080d00000, 0x0000000080d00000|100%| O|  |TAMS 0x0000000080d00000, 0x0000000080c00000| Untracked 
|  13|0x0000000080d00000, 0x0000000080e00000, 0x0000000080e00000|100%| O|  |TAMS 0x0000000080e00000, 0x0000000080d00000| Untracked 
|  14|0x0000000080e00000, 0x0000000080f00000, 0x0000000080f00000|100%| O|  |TAMS 0x0000000080f00000, 0x0000000080e00000| Untracked 
|  15|0x0000000080f00000, 0x0000000081000000, 0x0000000081000000|100%| O|  |TAMS 0x0000000081000000, 0x0000000080f00000| Untracked 
|  16|0x0000000081000000, 0x0000000081100000, 0x0000000081100000|100%| O|  |TAMS 0x0000000081100000, 0x0000000081000000| Untracked 
|  17|0x0000000081100000, 0x0000000081200000, 0x0000000081200000|100%| O|  |TAMS 0x0000000081200000, 0x0000000081100000| Untracked 
|  18|0x0000000081200000, 0x0000000081300000, 0x0000000081300000|100%| O|  |TAMS 0x0000000081300000, 0x0000000081200000| Untracked 
|  19|0x0000000081300000, 0x0000000081400000, 0x0000000081400000|100%| O|  |TAMS 0x0000000081400000, 0x0000000081300000| Untracked 
|  20|0x0000000081400000, 0x0000000081500000, 0x0000000081500000|100%| O|  |TAMS 0x0000000081500000, 0x0000000081400000| Untracked 
|  21|0x0000000081500000, 0x0000000081600000, 0x0000000081600000|100%| O|  |TAMS 0x0000000081600000, 0x0000000081500000| Untracked 
|  22|0x0000000081600000, 0x0000000081700000, 0x0000000081700000|100%| O|  |TAMS 0x0000000081700000, 0x0000000081600000| Untracked 
|  23|0x0000000081700000, 0x0000000081800000, 0x0000000081800000|100%| O|  |TAMS 0x0000000081800000, 0x0000000081700000| Untracked 
|  24|0x0000000081800000, 0x0000000081900000, 0x0000000081900000|100%| O|  |TAMS 0x0000000081900000, 0x0000000081800000| Untracked 
|  25|0x0000000081900000, 0x0000000081a00000, 0x0000000081a00000|100%| O|  |TAMS 0x0000000081a00000, 0x0000000081900000| Untracked 
|  26|0x0000000081a00000, 0x0000000081b00000, 0x0000000081b00000|100%| O|  |TAMS 0x0000000081b00000, 0x0000000081a00000| Untracked 
|  27|0x0000000081b00000, 0x0000000081c00000, 0x0000000081c00000|100%| O|  |TAMS 0x0000000081c00000, 0x0000000081b00000| Untracked 
|  28|0x0000000081c00000, 0x0000000081d00000, 0x0000000081d00000|100%| O|  |TAMS 0x0000000081d00000, 0x0000000081c00000| Untracked 
|  29|0x0000000081d00000, 0x0000000081e00000, 0x0000000081e00000|100%| O|  |TAMS 0x0000000081e00000, 0x0000000081d00000| Untracked 
|  30|0x0000000081e00000, 0x0000000081f00000, 0x0000000081f00000|100%| O|  |TAMS 0x0000000081f00000, 0x0000000081e00000| Untracked 
|  31|0x0000000081f00000, 0x0000000082000000, 0x0000000082000000|100%| O|  |TAMS 0x0000000082000000, 0x0000000081f00000| Untracked 
|  32|0x0000000082000000, 0x0000000082100000, 0x0000000082100000|100%| O|  |TAMS 0x0000000082100000, 0x0000000082000000| Untracked 
|  33|0x0000000082100000, 0x0000000082200000, 0x0000000082200000|100%| O|  |TAMS 0x0000000082200000, 0x0000000082100000| Untracked 
|  34|0x0000000082200000, 0x0000000082300000, 0x0000000082300000|100%| O|  |TAMS 0x0000000082300000, 0x0000000082200000| Untracked 
|  35|0x0000000082300000, 0x0000000082400000, 0x0000000082400000|100%| O|  |TAMS 0x00000000823f1c00, 0x0000000082300000| Untracked 
|  36|0x0000000082400000, 0x0000000082500000, 0x0000000082500000|100%| O|  |TAMS 0x0000000082400000, 0x0000000082400000| Untracked 
|  37|0x0000000082500000, 0x0000000082600000, 0x0000000082600000|100%| O|  |TAMS 0x0000000082500000, 0x0000000082500000| Untracked 
|  38|0x0000000082600000, 0x0000000082700000, 0x0000000082700000|100%| O|  |TAMS 0x0000000082600000, 0x0000000082600000| Untracked 
|  39|0x0000000082700000, 0x0000000082800000, 0x0000000082800000|100%| O|  |TAMS 0x0000000082700000, 0x0000000082700000| Untracked 
|  40|0x0000000082800000, 0x0000000082900000, 0x0000000082900000|100%| O|  |TAMS 0x0000000082800000, 0x0000000082800000| Untracked 
|  41|0x0000000082900000, 0x0000000082a00000, 0x0000000082a00000|100%| O|  |TAMS 0x0000000082900000, 0x0000000082900000| Untracked 
|  42|0x0000000082a00000, 0x0000000082b00000, 0x0000000082b00000|100%| O|  |TAMS 0x0000000082a00000, 0x0000000082a00000| Untracked 
|  43|0x0000000082b00000, 0x0000000082c00000, 0x0000000082c00000|100%| O|  |TAMS 0x0000000082b00000, 0x0000000082b00000| Untracked 
|  44|0x0000000082c00000, 0x0000000082d00000, 0x0000000082d00000|100%| O|  |TAMS 0x0000000082c00000, 0x0000000082c00000| Untracked 
|  45|0x0000000082d00000, 0x0000000082e00000, 0x0000000082e00000|100%| O|  |TAMS 0x0000000082d00000, 0x0000000082d00000| Untracked 
|  46|0x0000000082e00000, 0x0000000082f00000, 0x0000000082f00000|100%| O|  |TAMS 0x0000000082e00000, 0x0000000082e00000| Untracked 
|  47|0x0000000082f00000, 0x0000000083000000, 0x0000000083000000|100%| O|  |TAMS 0x0000000082f00000, 0x0000000082f00000| Untracked 
|  48|0x0000000083000000, 0x0000000083100000, 0x0000000083100000|100%| O|  |TAMS 0x0000000083000000, 0x0000000083000000| Untracked 
|  49|0x0000000083100000, 0x0000000083200000, 0x0000000083200000|100%| O|  |TAMS 0x0000000083100000, 0x0000000083100000| Untracked 
|  50|0x0000000083200000, 0x0000000083300000, 0x0000000083300000|100%| O|  |TAMS 0x0000000083200000, 0x0000000083200000| Untracked 
|  51|0x0000000083300000, 0x0000000083400000, 0x0000000083400000|100%| O|  |TAMS 0x0000000083300000, 0x0000000083300000| Untracked 
|  52|0x0000000083400000, 0x0000000083500000, 0x0000000083500000|100%| O|  |TAMS 0x0000000083400000, 0x0000000083400000| Untracked 
|  53|0x0000000083500000, 0x0000000083600000, 0x0000000083600000|100%| O|  |TAMS 0x0000000083500000, 0x0000000083500000| Untracked 
|  54|0x0000000083600000, 0x0000000083700000, 0x0000000083700000|100%| O|  |TAMS 0x0000000083600000, 0x0000000083600000| Untracked 
|  55|0x0000000083700000, 0x0000000083800000, 0x0000000083800000|100%| O|  |TAMS 0x0000000083700000, 0x0000000083700000| Untracked 
|  56|0x0000000083800000, 0x00000000838bf600, 0x0000000083900000| 74%| O|  |TAMS 0x0000000083800000, 0x0000000083800000| Untracked 
|  57|0x0000000083900000, 0x0000000083900000, 0x0000000083a00000|  0%| F|  |TAMS 0x0000000083900000, 0x0000000083900000| Untracked 
|  58|0x0000000083a00000, 0x0000000083a00000, 0x0000000083b00000|  0%| F|  |TAMS 0x0000000083a00000, 0x0000000083a00000| Untracked 
|  59|0x0000000083b00000, 0x0000000083b00000, 0x0000000083c00000|  0%| F|  |TAMS 0x0000000083b00000, 0x0000000083b00000| Untracked 
|  60|0x0000000083c00000, 0x0000000083c00000, 0x0000000083d00000|  0%| F|  |TAMS 0x0000000083c00000, 0x0000000083c00000| Untracked 
|  61|0x0000000083d00000, 0x0000000083d00000, 0x0000000083e00000|  0%| F|  |TAMS 0x0000000083d00000, 0x0000000083d00000| Untracked 
|  62|0x0000000083e00000, 0x0000000083e00000, 0x0000000083f00000|  0%| F|  |TAMS 0x0000000083e00000, 0x0000000083e00000| Untracked 
|  63|0x0000000083f00000, 0x0000000083f00000, 0x0000000084000000|  0%| F|  |TAMS 0x0000000083f00000, 0x0000000083f00000| Untracked 
|  64|0x0000000084000000, 0x0000000084000000, 0x0000000084100000|  0%| F|  |TAMS 0x0000000084000000, 0x0000000084000000| Untracked 
|  65|0x0000000084100000, 0x0000000084100000, 0x0000000084200000|  0%| F|  |TAMS 0x0000000084100000, 0x0000000084100000| Untracked 
|  66|0x0000000084200000, 0x0000000084200000, 0x0000000084300000|  0%| F|  |TAMS 0x0000000084200000, 0x0000000084200000| Untracked 
|  67|0x0000000084300000, 0x0000000084300000, 0x0000000084400000|  0%| F|  |TAMS 0x0000000084300000, 0x0000000084300000| Untracked 
|  68|0x0000000084400000, 0x0000000084400000, 0x0000000084500000|  0%| F|  |TAMS 0x0000000084400000, 0x0000000084400000| Untracked 
|  69|0x0000000084500000, 0x0000000084500000, 0x0000000084600000|  0%| F|  |TAMS 0x0000000084500000, 0x0000000084500000| Untracked 
|  70|0x0000000084600000, 0x0000000084600000, 0x0000000084700000|  0%| F|  |TAMS 0x0000000084600000, 0x0000000084600000| Untracked 
|  71|0x0000000084700000, 0x0000000084700000, 0x0000000084800000|  0%| F|  |TAMS 0x0000000084700000, 0x0000000084700000| Untracked 
|  72|0x0000000084800000, 0x0000000084800000, 0x0000000084900000|  0%| F|  |TAMS 0x0000000084800000, 0x0000000084800000| Untracked 
|  73|0x0000000084900000, 0x0000000084900000, 0x0000000084a00000|  0%| F|  |TAMS 0x0000000084900000, 0x0000000084900000| Untracked 
|  74|0x0000000084a00000, 0x0000000084a00000, 0x0000000084b00000|  0%| F|  |TAMS 0x0000000084a00000, 0x0000000084a00000| Untracked 
|  75|0x0000000084b00000, 0x0000000084b00000, 0x0000000084c00000|  0%| F|  |TAMS 0x0000000084b00000, 0x0000000084b00000| Untracked 
|  76|0x0000000084c00000, 0x0000000084c00000, 0x0000000084d00000|  0%| F|  |TAMS 0x0000000084c00000, 0x0000000084c00000| Untracked 
|  77|0x0000000084d00000, 0x0000000084d00000, 0x0000000084e00000|  0%| F|  |TAMS 0x0000000084d00000, 0x0000000084d00000| Untracked 
|  78|0x0000000084e00000, 0x0000000084e00000, 0x0000000084f00000|  0%| F|  |TAMS 0x0000000084e00000, 0x0000000084e00000| Untracked 
|  79|0x0000000084f00000, 0x0000000084f00000, 0x0000000085000000|  0%| F|  |TAMS 0x0000000084f00000, 0x0000000084f00000| Untracked 
|  80|0x0000000085000000, 0x0000000085000000, 0x0000000085100000|  0%| F|  |TAMS 0x0000000085000000, 0x0000000085000000| Untracked 
|  81|0x0000000085100000, 0x0000000085100000, 0x0000000085200000|  0%| F|  |TAMS 0x0000000085100000, 0x0000000085100000| Untracked 
|  82|0x0000000085200000, 0x0000000085200000, 0x0000000085300000|  0%| F|  |TAMS 0x0000000085200000, 0x0000000085200000| Untracked 
|  83|0x0000000085300000, 0x0000000085300000, 0x0000000085400000|  0%| F|  |TAMS 0x0000000085300000, 0x0000000085300000| Untracked 
|  84|0x0000000085400000, 0x0000000085400000, 0x0000000085500000|  0%| F|  |TAMS 0x0000000085400000, 0x0000000085400000| Untracked 
|  85|0x0000000085500000, 0x0000000085500000, 0x0000000085600000|  0%| F|  |TAMS 0x0000000085500000, 0x0000000085500000| Untracked 
|  86|0x0000000085600000, 0x0000000085600000, 0x0000000085700000|  0%| F|  |TAMS 0x0000000085600000, 0x0000000085600000| Untracked 
|  87|0x0000000085700000, 0x0000000085700000, 0x0000000085800000|  0%| F|  |TAMS 0x0000000085700000, 0x0000000085700000| Untracked 
|  88|0x0000000085800000, 0x0000000085800000, 0x0000000085900000|  0%| F|  |TAMS 0x0000000085800000, 0x0000000085800000| Untracked 
|  89|0x0000000085900000, 0x0000000085900000, 0x0000000085a00000|  0%| F|  |TAMS 0x0000000085900000, 0x0000000085900000| Untracked 
|  90|0x0000000085a00000, 0x0000000085a00000, 0x0000000085b00000|  0%| F|  |TAMS 0x0000000085a00000, 0x0000000085a00000| Untracked 
|  91|0x0000000085b00000, 0x0000000085b00000, 0x0000000085c00000|  0%| F|  |TAMS 0x0000000085b00000, 0x0000000085b00000| Untracked 
|  92|0x0000000085c00000, 0x0000000085c00000, 0x0000000085d00000|  0%| F|  |TAMS 0x0000000085c00000, 0x0000000085c00000| Untracked 
|  93|0x0000000085d00000, 0x0000000085d00000, 0x0000000085e00000|  0%| F|  |TAMS 0x0000000085d00000, 0x0000000085d00000| Untracked 
|  94|0x0000000085e00000, 0x0000000085e00000, 0x0000000085f00000|  0%| F|  |TAMS 0x0000000085e00000, 0x0000000085e00000| Untracked 
|  95|0x0000000085f00000, 0x0000000085fee3d0, 0x0000000086000000| 93%| S|CS|TAMS 0x0000000085f00000, 0x0000000085f00000| Complete 
|  96|0x0000000086000000, 0x0000000086000000, 0x0000000086100000|  0%| F|  |TAMS 0x0000000086000000, 0x0000000086000000| Untracked 
|  97|0x0000000086100000, 0x0000000086100000, 0x0000000086200000|  0%| F|  |TAMS 0x0000000086100000, 0x0000000086100000| Untracked 
|  98|0x0000000086200000, 0x0000000086200000, 0x0000000086300000|  0%| F|  |TAMS 0x0000000086200000, 0x0000000086200000| Untracked 
|  99|0x0000000086300000, 0x0000000086300000, 0x0000000086400000|  0%| F|  |TAMS 0x0000000086300000, 0x0000000086300000| Untracked 
| 100|0x0000000086400000, 0x0000000086400000, 0x0000000086500000|  0%| F|  |TAMS 0x0000000086400000, 0x0000000086400000| Untracked 
| 101|0x0000000086500000, 0x0000000086500000, 0x0000000086600000|  0%| F|  |TAMS 0x0000000086500000, 0x0000000086500000| Untracked 
| 102|0x0000000086600000, 0x0000000086600000, 0x0000000086700000|  0%| F|  |TAMS 0x0000000086600000, 0x0000000086600000| Untracked 
| 103|0x0000000086700000, 0x0000000086700000, 0x0000000086800000|  0%| F|  |TAMS 0x0000000086700000, 0x0000000086700000| Untracked 
| 104|0x0000000086800000, 0x0000000086800000, 0x0000000086900000|  0%| F|  |TAMS 0x0000000086800000, 0x0000000086800000| Untracked 
| 105|0x0000000086900000, 0x0000000086900000, 0x0000000086a00000|  0%| F|  |TAMS 0x0000000086900000, 0x0000000086900000| Untracked 
| 106|0x0000000086a00000, 0x0000000086a00000, 0x0000000086b00000|  0%| F|  |TAMS 0x0000000086a00000, 0x0000000086a00000| Untracked 
| 107|0x0000000086b00000, 0x0000000086b00000, 0x0000000086c00000|  0%| F|  |TAMS 0x0000000086b00000, 0x0000000086b00000| Untracked 
| 108|0x0000000086c00000, 0x0000000086c00000, 0x0000000086d00000|  0%| F|  |TAMS 0x0000000086c00000, 0x0000000086c00000| Untracked 
| 109|0x0000000086d00000, 0x0000000086d00000, 0x0000000086e00000|  0%| F|  |TAMS 0x0000000086d00000, 0x0000000086d00000| Untracked 
| 110|0x0000000086e00000, 0x0000000086e00000, 0x0000000086f00000|  0%| F|  |TAMS 0x0000000086e00000, 0x0000000086e00000| Untracked 
| 111|0x0000000086f00000, 0x0000000086f00000, 0x0000000087000000|  0%| F|  |TAMS 0x0000000086f00000, 0x0000000086f00000| Untracked 
| 112|0x0000000087000000, 0x0000000087000000, 0x0000000087100000|  0%| F|  |TAMS 0x0000000087000000, 0x0000000087000000| Untracked 
| 113|0x0000000087100000, 0x0000000087100000, 0x0000000087200000|  0%| F|  |TAMS 0x0000000087100000, 0x0000000087100000| Untracked 
| 114|0x0000000087200000, 0x0000000087200000, 0x0000000087300000|  0%| F|  |TAMS 0x0000000087200000, 0x0000000087200000| Untracked 
| 115|0x0000000087300000, 0x0000000087300000, 0x0000000087400000|  0%| F|  |TAMS 0x0000000087300000, 0x0000000087300000| Untracked 
| 116|0x0000000087400000, 0x0000000087400000, 0x0000000087500000|  0%| F|  |TAMS 0x0000000087400000, 0x0000000087400000| Untracked 
| 117|0x0000000087500000, 0x0000000087500000, 0x0000000087600000|  0%| F|  |TAMS 0x0000000087500000, 0x0000000087500000| Untracked 
| 118|0x0000000087600000, 0x0000000087600000, 0x0000000087700000|  0%| F|  |TAMS 0x0000000087600000, 0x0000000087600000| Untracked 
| 119|0x0000000087700000, 0x0000000087700000, 0x0000000087800000|  0%| F|  |TAMS 0x0000000087700000, 0x0000000087700000| Untracked 
| 120|0x0000000087800000, 0x0000000087800000, 0x0000000087900000|  0%| F|  |TAMS 0x0000000087800000, 0x0000000087800000| Untracked 
| 121|0x0000000087900000, 0x0000000087900000, 0x0000000087a00000|  0%| F|  |TAMS 0x0000000087900000, 0x0000000087900000| Untracked 
| 122|0x0000000087a00000, 0x0000000087a00000, 0x0000000087b00000|  0%| F|  |TAMS 0x0000000087a00000, 0x0000000087a00000| Untracked 
| 123|0x0000000087b00000, 0x0000000087b00000, 0x0000000087c00000|  0%| F|  |TAMS 0x0000000087b00000, 0x0000000087b00000| Untracked 
| 124|0x0000000087c00000, 0x0000000087c00000, 0x0000000087d00000|  0%| F|  |TAMS 0x0000000087c00000, 0x0000000087c00000| Untracked 
| 125|0x0000000087d00000, 0x0000000087d00000, 0x0000000087e00000|  0%| F|  |TAMS 0x0000000087d00000, 0x0000000087d00000| Untracked 
| 126|0x0000000087e00000, 0x0000000087e00000, 0x0000000087f00000|  0%| F|  |TAMS 0x0000000087e00000, 0x0000000087e00000| Untracked 
| 127|0x0000000087f00000, 0x0000000087f00000, 0x0000000088000000|  0%| F|  |TAMS 0x0000000087f00000, 0x0000000087f00000| Untracked 
| 128|0x0000000088000000, 0x0000000088000000, 0x0000000088100000|  0%| F|  |TAMS 0x0000000088000000, 0x0000000088000000| Untracked 
| 129|0x0000000088100000, 0x0000000088100000, 0x0000000088200000|  0%| F|  |TAMS 0x0000000088100000, 0x0000000088100000| Untracked 
| 130|0x0000000088200000, 0x0000000088200000, 0x0000000088300000|  0%| F|  |TAMS 0x0000000088200000, 0x0000000088200000| Untracked 
| 131|0x0000000088300000, 0x0000000088300000, 0x0000000088400000|  0%| F|  |TAMS 0x0000000088300000, 0x0000000088300000| Untracked 
| 132|0x0000000088400000, 0x0000000088400000, 0x0000000088500000|  0%| F|  |TAMS 0x0000000088400000, 0x0000000088400000| Untracked 
| 133|0x0000000088500000, 0x0000000088500000, 0x0000000088600000|  0%| F|  |TAMS 0x0000000088500000, 0x0000000088500000| Untracked 
| 134|0x0000000088600000, 0x0000000088600000, 0x0000000088700000|  0%| F|  |TAMS 0x0000000088600000, 0x0000000088600000| Untracked 
| 135|0x0000000088700000, 0x0000000088700000, 0x0000000088800000|  0%| F|  |TAMS 0x0000000088700000, 0x0000000088700000| Untracked 
| 136|0x0000000088800000, 0x0000000088800000, 0x0000000088900000|  0%| F|  |TAMS 0x0000000088800000, 0x0000000088800000| Untracked 
| 137|0x0000000088900000, 0x000000008890b990, 0x0000000088a00000|  4%| E|  |TAMS 0x0000000088900000, 0x0000000088900000| Complete 
| 138|0x0000000088a00000, 0x0000000088b00000, 0x0000000088b00000|100%| E|CS|TAMS 0x0000000088a00000, 0x0000000088a00000| Complete 
| 139|0x0000000088b00000, 0x0000000088c00000, 0x0000000088c00000|100%| E|CS|TAMS 0x0000000088b00000, 0x0000000088b00000| Complete 
| 140|0x0000000088c00000, 0x0000000088d00000, 0x0000000088d00000|100%| E|CS|TAMS 0x0000000088c00000, 0x0000000088c00000| Complete 
| 141|0x0000000088d00000, 0x0000000088e00000, 0x0000000088e00000|100%| E|CS|TAMS 0x0000000088d00000, 0x0000000088d00000| Complete 
| 142|0x0000000088e00000, 0x0000000088f00000, 0x0000000088f00000|100%| E|CS|TAMS 0x0000000088e00000, 0x0000000088e00000| Complete 
| 143|0x0000000088f00000, 0x0000000089000000, 0x0000000089000000|100%| E|CS|TAMS 0x0000000088f00000, 0x0000000088f00000| Complete 
| 144|0x0000000089000000, 0x0000000089100000, 0x0000000089100000|100%| E|CS|TAMS 0x0000000089000000, 0x0000000089000000| Complete 
| 145|0x0000000089100000, 0x0000000089200000, 0x0000000089200000|100%| E|CS|TAMS 0x0000000089100000, 0x0000000089100000| Complete 
| 146|0x0000000089200000, 0x0000000089300000, 0x0000000089300000|100%| E|CS|TAMS 0x0000000089200000, 0x0000000089200000| Complete 
| 147|0x0000000089300000, 0x0000000089400000, 0x0000000089400000|100%| E|CS|TAMS 0x0000000089300000, 0x0000000089300000| Complete 
| 148|0x0000000089400000, 0x0000000089500000, 0x0000000089500000|100%| E|CS|TAMS 0x0000000089400000, 0x0000000089400000| Complete 
| 149|0x0000000089500000, 0x0000000089600000, 0x0000000089600000|100%| E|CS|TAMS 0x0000000089500000, 0x0000000089500000| Complete 
| 150|0x0000000089600000, 0x0000000089700000, 0x0000000089700000|100%| E|CS|TAMS 0x0000000089600000, 0x0000000089600000| Complete 

Card table byte_map: [0x0000026259030000,0x0000026259430000] _byte_map_base: 0x0000026258c30000

Marking Bits (Prev, Next): (CMBitMap*) 0x0000026242403250, (CMBitMap*) 0x0000026242403290
 Prev Bits: [0x0000026259830000, 0x000002625b830000)
 Next Bits: [0x000002625b830000, 0x000002625d830000)

Polling page: 0x0000026240330000

Metaspace:

Usage:
  Non-class:     82.60 MB used.
      Class:     13.15 MB used.
       Both:     95.75 MB used.

Virtual space:
  Non-class space:      128.00 MB reserved,      82.94 MB ( 65%) committed,  2 nodes.
      Class space:        1.00 GB reserved,      13.50 MB (  1%) committed,  1 nodes.
             Both:        1.12 GB reserved,      96.44 MB (  8%) committed. 

Chunk freelists:
   Non-Class:  12.28 MB
       Class:  2.43 MB
        Both:  14.71 MB

MaxMetaspaceSize: unlimited
CompressedClassSpaceSize: 1.00 GB
Initial GC threshold: 21.00 MB
Current GC threshold: 111.19 MB
CDS: on
MetaspaceReclaimPolicy: balanced
 - commit_granule_bytes: 65536.
 - commit_granule_words: 8192.
 - virtual_space_node_default_size: 8388608.
 - enlarge_chunks_in_place: 1.
 - new_chunks_are_fully_committed: 0.
 - uncommit_free_chunks: 1.
 - use_allocation_guard: 0.
 - handle_deallocations: 1.


Internal statistics:

num_allocs_failed_limit: 12.
num_arena_births: 1022.
num_arena_deaths: 0.
num_vsnodes_births: 3.
num_vsnodes_deaths: 0.
num_space_committed: 1543.
num_space_uncommitted: 0.
num_chunks_returned_to_freelist: 12.
num_chunks_taken_from_freelist: 4633.
num_chunk_merges: 12.
num_chunk_splits: 3413.
num_chunks_enlarged: 2682.
num_inconsistent_stats: 0.

CodeHeap 'non-profiled nmethods': size=120000Kb used=5819Kb max_used=5819Kb free=114180Kb
 bounds [0x0000026251700000, 0x0000026251cb0000, 0x0000026258c30000]
CodeHeap 'profiled nmethods': size=120000Kb used=16474Kb max_used=16474Kb free=103525Kb
 bounds [0x0000026249c30000, 0x000002624ac50000, 0x0000026251160000]
CodeHeap 'non-nmethods': size=5760Kb used=1400Kb max_used=1438Kb free=4359Kb
 bounds [0x0000026251160000, 0x00000262513d0000, 0x0000026251700000]
 total_blobs=9485 nmethods=8737 adapters=659
 compilation: enabled
              stopped_count=0, restarted_count=0
 full_count=0

Compilation events (20 events):
Event: 4958.708 Thread 0x000002625fd26fa0 10665       3       com.fasterxml.jackson.core.io.NumberInput::parseLong (32 bytes)
Event: 4958.743 Thread 0x000002625fd26fa0 nmethod 10665 0x000002624ac43990 code [0x000002624ac43b40, 0x000002624ac43cd8]
Event: 4958.745 Thread 0x000002625fd26fa0 10666       1       org.springframework.http.HttpEntity::getBody (5 bytes)
Event: 4958.848 Thread 0x000002625fd26fa0 nmethod 10666 0x0000026251cad910 code [0x0000026251cadaa0, 0x0000026251cadb78]
Event: 4986.335 Thread 0x000002625fd180b0 10667       4       java.util.HashMap::<init> (8 bytes)
Event: 4986.343 Thread 0x000002625fd26fa0 10668       3       java.util.concurrent.atomic.AtomicBoolean::<init> (5 bytes)
Event: 4986.361 Thread 0x000002625fd26fa0 nmethod 10668 0x000002624ac43e10 code [0x000002624ac43fa0, 0x000002624ac440f8]
Event: 4986.418 Thread 0x000002625fd180b0 nmethod 10667 0x0000026251cadc10 code [0x0000026251cadd80, 0x0000026251cade58]
Event: 4989.231 Thread 0x000002625fd26fa0 10669   !   3       com.fasterxml.jackson.databind.deser.SettableAnyProperty::deserializeAndSet (94 bytes)
Event: 4989.500 Thread 0x000002625fd26fa0 nmethod 10669 0x000002624ac44190 code [0x000002624ac443c0, 0x000002624ac44b78]
Event: 4992.369 Thread 0x000002625fd26fa0 10670       3       com.zaxxer.hikari.util.ConcurrentBag::getCount (49 bytes)
Event: 4992.473 Thread 0x000002625fd26fa0 nmethod 10670 0x000002624ac44e90 code [0x000002624ac450c0, 0x000002624ac459f8]
Event: 5019.444 Thread 0x000002625fd26fa0 10671       3       com.netflix.discovery.shared.Application$$Lambda$1974/0x0000026261cad740::get (8 bytes)
Event: 5019.504 Thread 0x000002625fd26fa0 nmethod 10671 0x000002624ac45d10 code [0x000002624ac45ec0, 0x000002624ac46028]
Event: 5039.797 Thread 0x000002625fd180b0 10672       4       java.lang.ref.ReferenceQueue::reallyPoll (65 bytes)
Event: 5042.326 Thread 0x000002625fd180b0 nmethod 10672 0x0000026251cadf90 code [0x0000026251cae120, 0x0000026251cae3f8]
Event: 5049.753 Thread 0x000002625fd180b0 10673       4       java.util.ArrayList::grow (60 bytes)
Event: 5053.185 Thread 0x000002625fd180b0 nmethod 10673 0x0000026251cae490 code [0x0000026251cae620, 0x0000026251caec38]
Event: 5055.984 Thread 0x000002625fd26fa0 10674       3       com.fasterxml.jackson.databind.deser.std.StdDeserializer::_parseBooleanPrimitive (303 bytes)
Event: 5059.411 Thread 0x000002625fd180b0 10688       4       java.util.stream.Collectors$$Lambda$180/0x00000262610b17c0::accept (11 bytes)

GC Heap History (20 events):
Event: 9.070 GC heap before
{Heap before GC invocations=20 (full 0):
 garbage-first heap   total 154624K, used 126491K [0x0000000080000000, 0x0000000100000000)
  region size 1024K, 82 young (83968K), 4 survivors (4096K)
 Metaspace       used 84025K, committed 84672K, reserved 1179648K
  class space    used 11674K, committed 11968K, reserved 1048576K
}
Event: 9.080 GC heap after
{Heap after GC invocations=21 (full 0):
 garbage-first heap   total 154624K, used 52847K [0x0000000080000000, 0x0000000100000000)
  region size 1024K, 10 young (10240K), 10 survivors (10240K)
 Metaspace       used 84025K, committed 84672K, reserved 1179648K
  class space    used 11674K, committed 11968K, reserved 1048576K
}
Event: 115.919 GC heap before
{Heap before GC invocations=21 (full 0):
 garbage-first heap   total 154624K, used 121455K [0x0000000080000000, 0x0000000100000000)
  region size 1024K, 77 young (78848K), 10 survivors (10240K)
 Metaspace       used 92673K, committed 93312K, reserved 1179648K
  class space    used 12885K, committed 13184K, reserved 1048576K
}
Event: 116.271 GC heap after
{Heap after GC invocations=22 (full 0):
 garbage-first heap   total 154624K, used 56736K [0x0000000080000000, 0x0000000100000000)
  region size 1024K, 5 young (5120K), 5 survivors (5120K)
 Metaspace       used 92673K, committed 93312K, reserved 1179648K
  class space    used 12885K, committed 13184K, reserved 1048576K
}
Event: 986.841 GC heap before
{Heap before GC invocations=22 (full 0):
 garbage-first heap   total 154624K, used 122272K [0x0000000080000000, 0x0000000100000000)
  region size 1024K, 69 young (70656K), 5 survivors (5120K)
 Metaspace       used 92968K, committed 93632K, reserved 1179648K
  class space    used 12887K, committed 13184K, reserved 1048576K
}
Event: 987.183 GC heap after
{Heap after GC invocations=23 (full 0):
 garbage-first heap   total 154624K, used 56441K [0x0000000080000000, 0x0000000100000000)
  region size 1024K, 5 young (5120K), 5 survivors (5120K)
 Metaspace       used 92968K, committed 93632K, reserved 1179648K
  class space    used 12887K, committed 13184K, reserved 1048576K
}
Event: 1963.843 GC heap before
{Heap before GC invocations=23 (full 0):
 garbage-first heap   total 154624K, used 126073K [0x0000000080000000, 0x0000000100000000)
  region size 1024K, 73 young (74752K), 5 survivors (5120K)
 Metaspace       used 93238K, committed 93888K, reserved 1179648K
  class space    used 12896K, committed 13184K, reserved 1048576K
}
Event: 1964.405 GC heap after
{Heap after GC invocations=24 (full 0):
 garbage-first heap   total 154624K, used 56955K [0x0000000080000000, 0x0000000100000000)
  region size 1024K, 5 young (5120K), 5 survivors (5120K)
 Metaspace       used 93238K, committed 93888K, reserved 1179648K
  class space    used 12896K, committed 13184K, reserved 1048576K
}
Event: 1990.971 GC heap before
{Heap before GC invocations=24 (full 0):
 garbage-first heap   total 154624K, used 59003K [0x0000000080000000, 0x0000000100000000)
  region size 1024K, 7 young (7168K), 5 survivors (5120K)
 Metaspace       used 93240K, committed 93888K, reserved 1179648K
  class space    used 12896K, committed 13184K, reserved 1048576K
}
Event: 1991.034 GC heap after
{Heap after GC invocations=25 (full 0):
 garbage-first heap   total 154624K, used 57427K [0x0000000080000000, 0x0000000100000000)
  region size 1024K, 1 young (1024K), 1 survivors (1024K)
 Metaspace       used 93240K, committed 93888K, reserved 1179648K
  class space    used 12896K, committed 13184K, reserved 1048576K
}
Event: 2691.631 GC heap before
{Heap before GC invocations=25 (full 0):
 garbage-first heap   total 154624K, used 128083K [0x0000000080000000, 0x0000000100000000)
  region size 1024K, 71 young (72704K), 1 survivors (1024K)
 Metaspace       used 97714K, committed 98432K, reserved 1179648K
  class space    used 13462K, committed 13824K, reserved 1048576K
}
Event: 2692.081 GC heap after
{Heap after GC invocations=26 (full 0):
 garbage-first heap   total 154624K, used 58217K [0x0000000080000000, 0x0000000100000000)
  region size 1024K, 2 young (2048K), 2 survivors (2048K)
 Metaspace       used 97714K, committed 98432K, reserved 1179648K
  class space    used 13462K, committed 13824K, reserved 1048576K
}
Event: 2895.091 GC heap before
{Heap before GC invocations=26 (full 0):
 garbage-first heap   total 154624K, used 73577K [0x0000000080000000, 0x0000000100000000)
  region size 1024K, 17 young (17408K), 2 survivors (2048K)
 Metaspace       used 97764K, committed 98496K, reserved 1179648K
  class space    used 13462K, committed 13824K, reserved 1048576K
}
Event: 2895.240 GC heap after
{Heap after GC invocations=27 (full 0):
 garbage-first heap   total 154624K, used 58368K [0x0000000080000000, 0x0000000100000000)
  region size 1024K, 1 young (1024K), 1 survivors (1024K)
 Metaspace       used 97764K, committed 98496K, reserved 1179648K
  class space    used 13462K, committed 13824K, reserved 1048576K
}
Event: 3858.994 GC heap before
{Heap before GC invocations=27 (full 0):
 garbage-first heap   total 154624K, used 131072K [0x0000000080000000, 0x0000000100000000)
  region size 1024K, 72 young (73728K), 1 survivors (1024K)
 Metaspace       used 97898K, committed 98624K, reserved 1179648K
  class space    used 13462K, committed 13824K, reserved 1048576K
}
Event: 3859.232 GC heap after
{Heap after GC invocations=28 (full 0):
 garbage-first heap   total 154624K, used 58894K [0x0000000080000000, 0x0000000100000000)
  region size 1024K, 1 young (1024K), 1 survivors (1024K)
 Metaspace       used 97898K, committed 98624K, reserved 1179648K
  class space    used 13462K, committed 13824K, reserved 1048576K
}
Event: 4140.318 GC heap before
{Heap before GC invocations=28 (full 0):
 garbage-first heap   total 154624K, used 80398K [0x0000000080000000, 0x0000000100000000)
  region size 1024K, 22 young (22528K), 1 survivors (1024K)
 Metaspace       used 97989K, committed 98688K, reserved 1179648K
  class space    used 13463K, committed 13824K, reserved 1048576K
}
Event: 4140.482 GC heap after
{Heap after GC invocations=29 (full 0):
 garbage-first heap   total 154624K, used 59028K [0x0000000080000000, 0x0000000100000000)
  region size 1024K, 1 young (1024K), 1 survivors (1024K)
 Metaspace       used 97989K, committed 98688K, reserved 1179648K
  class space    used 13463K, committed 13824K, reserved 1048576K
}
Event: 4867.409 GC heap before
{Heap before GC invocations=29 (full 0):
 garbage-first heap   total 154624K, used 114324K [0x0000000080000000, 0x0000000100000000)
  region size 1024K, 55 young (56320K), 1 survivors (1024K)
 Metaspace       used 98035K, committed 98752K, reserved 1179648K
  class space    used 13463K, committed 13824K, reserved 1048576K
}
Event: 4867.662 GC heap after
{Heap after GC invocations=30 (full 0):
 garbage-first heap   total 154624K, used 59062K [0x0000000080000000, 0x0000000100000000)
  region size 1024K, 1 young (1024K), 1 survivors (1024K)
 Metaspace       used 98035K, committed 98752K, reserved 1179648K
  class space    used 13463K, committed 13824K, reserved 1048576K
}

Deoptimization events (20 events):
Event: 4003.870 Thread 0x00000262a88ab060 Uncommon trap: trap_request=0xffffffd6 fr.pc=0x0000026251c98adc relative=0x000000000000043c
Event: 4003.870 Thread 0x00000262a88ab060 Uncommon trap: reason=array_check action=maybe_recompile pc=0x0000026251c98adc method=java.util.HashMap.valuesToArray([Ljava/lang/Object;)[Ljava/lang/Object; @ 62 c2
Event: 4003.870 Thread 0x00000262a88ab060 DEOPT PACKING pc=0x0000026251c98adc sp=0x0000006d45fff0f0
Event: 4003.874 Thread 0x00000262a88ab060 DEOPT UNPACKING pc=0x00000262511b23a3 sp=0x0000006d45fff088 mode 2
Event: 4003.874 Thread 0x00000262a88ab060 Uncommon trap: trap_request=0xffffffd6 fr.pc=0x0000026251c98adc relative=0x000000000000043c
Event: 4003.874 Thread 0x00000262a88ab060 Uncommon trap: reason=array_check action=maybe_recompile pc=0x0000026251c98adc method=java.util.HashMap.valuesToArray([Ljava/lang/Object;)[Ljava/lang/Object; @ 62 c2
Event: 4003.874 Thread 0x00000262a88ab060 DEOPT PACKING pc=0x0000026251c98adc sp=0x0000006d45fff020
Event: 4003.876 Thread 0x00000262a88ab060 DEOPT UNPACKING pc=0x00000262511b23a3 sp=0x0000006d45ffefb8 mode 2
Event: 4003.876 Thread 0x00000262a88ab060 Uncommon trap: trap_request=0xffffffd6 fr.pc=0x0000026251c98adc relative=0x000000000000043c
Event: 4003.876 Thread 0x00000262a88ab060 Uncommon trap: reason=array_check action=maybe_recompile pc=0x0000026251c98adc method=java.util.HashMap.valuesToArray([Ljava/lang/Object;)[Ljava/lang/Object; @ 62 c2
Event: 4003.876 Thread 0x00000262a88ab060 DEOPT PACKING pc=0x0000026251c98adc sp=0x0000006d45ffef50
Event: 4003.876 Thread 0x00000262a88ab060 DEOPT UNPACKING pc=0x00000262511b23a3 sp=0x0000006d45ffeee8 mode 2
Event: 4013.884 Thread 0x00000262a88ab060 Uncommon trap: trap_request=0xffffffd6 fr.pc=0x0000026251c98adc relative=0x000000000000043c
Event: 4013.884 Thread 0x00000262a88ab060 Uncommon trap: reason=array_check action=maybe_recompile pc=0x0000026251c98adc method=java.util.HashMap.valuesToArray([Ljava/lang/Object;)[Ljava/lang/Object; @ 62 c2
Event: 4013.884 Thread 0x00000262a88ab060 DEOPT PACKING pc=0x0000026251c98adc sp=0x0000006d45fff0f0
Event: 4013.884 Thread 0x00000262a88ab060 DEOPT UNPACKING pc=0x00000262511b23a3 sp=0x0000006d45fff088 mode 2
Event: 4886.612 Thread 0x00000262a9e8dee0 Uncommon trap: trap_request=0xffffff45 fr.pc=0x0000026251c460dc relative=0x0000000000000edc
Event: 4886.614 Thread 0x00000262a9e8dee0 Uncommon trap: reason=unstable_if action=reinterpret pc=0x0000026251c460dc method=java.util.concurrent.ConcurrentLinkedQueue$Itr.next()Ljava/lang/Object; @ 43 c2
Event: 4886.616 Thread 0x00000262a9e8dee0 DEOPT PACKING pc=0x0000026251c460dc sp=0x0000006d468ff580
Event: 4886.619 Thread 0x00000262a9e8dee0 DEOPT UNPACKING pc=0x00000262511b23a3 sp=0x0000006d468ff288 mode 2

Classes unloaded (0 events):
No events

Classes redefined (0 events):
No events

Internal exceptions (20 events):
Event: 8.626 Thread 0x00000262a6239b90 Exception <a 'java/lang/NoSuchMethodError'{0x0000000086401650}: 'java.lang.Object java.lang.invoke.Invokers$Holder.invoke_MT(java.lang.Object, java.lang.Object, java.lang.Object, java.lang.Object, java.lang.Object, java.lang.Object, java.lang.Object, java.lang.Object, java.lang.Object)'> (0x0000000086401650) 
thrown [s\open\src\hotspot\share\interpreter\linkResolver.cpp, line 759]
Event: 8.878 Thread 0x00000262a6239b90 Exception <a 'java/lang/NoSuchMethodError'{0x000000008586b140}: 'java.lang.Object java.lang.invoke.DirectMethodHandle$Holder.invokeStaticInit(java.lang.Object, long)'> (0x000000008586b140) 
thrown [s\open\src\hotspot\share\interpreter\linkResolver.cpp, line 759]
Event: 9.008 Thread 0x00000262a6239b90 Exception <a 'java/lang/IncompatibleClassChangeError'{0x0000000084e22870}: Found class java.lang.Object, but interface was expected> (0x0000000084e22870) 
thrown [s\open\src\hotspot\share\interpreter\linkResolver.cpp, line 826]
Event: 9.014 Thread 0x00000262a6239b90 Implicit null exception at 0x000002625190b03a to 0x000002625190b220
Event: 9.131 Thread 0x00000262a6239b90 Exception <a 'java/lang/NoSuchMethodError'{0x00000000893b09a0}: 'java.lang.Object java.lang.invoke.DirectMethodHandle$Holder.invokeSpecial(java.lang.Object, java.lang.Object, java.lang.Object, java.lang.Object, java.lang.Object, java.lang.Object, java.lang.Object, java.lang.Object, java.lang.Object, java.lang.Object, java.lang.Object)'> (0x00000000893b09a0) 
thrown [s\open\src\hotspot\share\interpreter\linkResolver.cpp, line 759]
Event: 9.131 Thread 0x00000262a6239b90 Exception <a 'java/lang/NoSuchMethodError'{0x00000000893b4dd0}: 'java.lang.Object java.lang.invoke.Invokers$Holder.invoke_MT(java.lang.Object, java.lang.Object, java.lang.Object, java.lang.Object, java.lang.Object, java.lang.Object, java.lang.Object, java.lang.Object, java.lang.Object, java.lang.Object, java.lang.Object)'> (0x00000000893b4dd0) 
thrown [s\open\src\hotspot\share\interpreter\linkResolver.cpp, line 759]
Event: 9.245 Thread 0x00000262a6239b90 Exception <a 'java/lang/NoSuchMethodError'{0x0000000088c22628}: 'void java.lang.invoke.DirectMethodHandle$Holder.invokeVirtual(java.lang.Object, java.lang.Object, long)'> (0x0000000088c22628) 
thrown [s\open\src\hotspot\share\interpreter\linkResolver.cpp, line 759]
Event: 9.245 Thread 0x00000262a6239b90 Exception <a 'java/lang/NoSuchMethodError'{0x0000000088c35790}: 'void java.lang.invoke.DirectMethodHandle$Holder.invokeVirtual(java.lang.Object, java.lang.Object, float)'> (0x0000000088c35790) 
thrown [s\open\src\hotspot\share\interpreter\linkResolver.cpp, line 759]
Event: 9.440 Thread 0x00000262a6239b90 Exception <a 'java/lang/IncompatibleClassChangeError'{0x0000000088247728}: Found class java.lang.Object, but interface was expected> (0x0000000088247728) 
thrown [s\open\src\hotspot\share\interpreter\linkResolver.cpp, line 826]
Event: 9.578 Thread 0x00000262a6239b90 Exception <a 'java/lang/NoSuchMethodError'{0x0000000087c83ec8}: 'double java.lang.invoke.DirectMethodHandle$Holder.invokeVirtual(java.lang.Object, java.lang.Object)'> (0x0000000087c83ec8) 
thrown [s\open\src\hotspot\share\interpreter\linkResolver.cpp, line 759]
Event: 9.614 Thread 0x00000262a6239b90 Exception <a 'sun/nio/fs/WindowsException'{0x0000000087a1fc08}> (0x0000000087a1fc08) 
thrown [s\open\src\hotspot\share\prims\jni.cpp, line 516]
Event: 9.684 Thread 0x00000262a6239b90 Exception <a 'java/lang/NoSuchMethodError'{0x00000000876ff370}: 'java.lang.Object java.lang.invoke.DirectMethodHandle$Holder.invokeStatic(java.lang.Object, java.lang.Object, java.lang.Object, java.lang.Object, int, java.lang.Object, java.lang.Object)'> (0x00000000876ff370) 
thrown [s\open\src\hotspot\share\interpreter\linkResolver.cpp, line 759]
Event: 10.006 Thread 0x00000262a6239b90 Exception <a 'java/lang/NoSuchMethodError'{0x0000000086777380}: 'java.lang.Object java.lang.invoke.DirectMethodHandle$Holder.invokeStatic(java.lang.Object, int, int)'> (0x0000000086777380) 
thrown [s\open\src\hotspot\share\interpreter\linkResolver.cpp, line 759]
Event: 2138.875 Thread 0x00000262aa420cc0 Exception <a 'java/lang/NoSuchMethodError'{0x0000000088938b08}: 'java.lang.Object java.lang.invoke.DirectMethodHandle$Holder.invokeSpecial(java.lang.Object, java.lang.Object, java.lang.Object, java.lang.Object, java.lang.Object, long)'> (0x0000000088938b08) 
thrown [s\open\src\hotspot\share\interpreter\linkResolver.cpp, line 759]
Event: 2139.084 Thread 0x00000262aa420cc0 Exception <a 'java/lang/NoSuchMethodError'{0x000000008893c548}: 'java.lang.Object java.lang.invoke.Invokers$Holder.linkToTargetMethod(java.lang.Object, java.lang.Object, java.lang.Object, long, java.lang.Object)'> (0x000000008893c548) 
thrown [s\open\src\hotspot\share\interpreter\linkResolver.cpp, line 759]
Event: 2157.511 Thread 0x00000262aa420cc0 Exception <a 'java/lang/NoSuchMethodError'{0x00000000880eb220}: 'void java.lang.invoke.DirectMethodHandle$Holder.invokeSpecialIFC(java.lang.Object, java.lang.Object, int, java.lang.Object, java.lang.Object, java.lang.Object, java.lang.Object)'> (0x00000000880eb220) 
thrown [s\open\src\hotspot\share\interpreter\linkResolver.cpp, line 759]
Event: 2157.511 Thread 0x00000262a9e8e900 Exception <a 'java/lang/NoSuchMethodError'{0x00000000880d1328}: 'void java.lang.invoke.DirectMethodHandle$Holder.invokeSpecialIFC(java.lang.Object, java.lang.Object, int, java.lang.Object, java.lang.Object, java.lang.Object, java.lang.Object)'> (0x00000000880d1328) 
thrown [s\open\src\hotspot\share\interpreter\linkResolver.cpp, line 759]
Event: 2158.645 Thread 0x00000262a9e8e900 Exception <a 'java/lang/NoSuchMethodError'{0x0000000087de3080}: 'void java.lang.invoke.DirectMethodHandle$Holder.invokeSpecial(java.lang.Object, java.lang.Object, java.lang.Object, int)'> (0x0000000087de3080) 
thrown [s\open\src\hotspot\share\interpreter\linkResolver.cpp, line 759]
Event: 2159.173 Thread 0x00000262a9e8e900 Exception <a 'java/lang/IncompatibleClassChangeError'{0x0000000087c92e70}: Found class java.lang.Object, but interface was expected> (0x0000000087c92e70) 
thrown [s\open\src\hotspot\share\interpreter\linkResolver.cpp, line 826]
Event: 2160.353 Thread 0x00000262aa420cc0 Exception <a 'java/lang/IncompatibleClassChangeError'{0x0000000087a7f010}: Found class java.lang.Object, but interface was expected> (0x0000000087a7f010) 
thrown [s\open\src\hotspot\share\interpreter\linkResolver.cpp, line 826]

VM Operations (20 events):
Event: 4537.297 Executing VM operation: Cleanup
Event: 4537.297 Executing VM operation: Cleanup done
Event: 4715.830 Executing VM operation: Cleanup
Event: 4715.831 Executing VM operation: Cleanup done
Event: 4717.850 Executing VM operation: Cleanup
Event: 4717.850 Executing VM operation: Cleanup done
Event: 4746.115 Executing VM operation: Cleanup
Event: 4746.115 Executing VM operation: Cleanup done
Event: 4777.391 Executing VM operation: Cleanup
Event: 4777.391 Executing VM operation: Cleanup done
Event: 4867.404 Executing VM operation: G1CollectForAllocation
Event: 4867.662 Executing VM operation: G1CollectForAllocation done
Event: 4868.669 Executing VM operation: Cleanup
Event: 4868.669 Executing VM operation: Cleanup done
Event: 4896.915 Executing VM operation: Cleanup
Event: 4896.916 Executing VM operation: Cleanup done
Event: 5055.699 Executing VM operation: Cleanup
Event: 5058.715 Executing VM operation: Cleanup done
Event: 5059.723 Executing VM operation: Cleanup
Event: 5060.117 Executing VM operation: Cleanup done

Events (20 events):
Event: 3562.571 Thread 0x000002625fd360a0 flushing nmethod 0x000002624a5f6e10
Event: 3562.882 Thread 0x000002625fd360a0 flushing nmethod 0x000002624a86af90
Event: 3563.010 Thread 0x000002625fd360a0 flushing nmethod 0x000002624a988310
Event: 3563.012 Thread 0x000002625fd360a0 flushing nmethod 0x000002624a98c190
Event: 3563.012 Thread 0x000002625fd360a0 flushing nmethod 0x000002624a98db90
Event: 3563.013 Thread 0x000002625fd360a0 flushing nmethod 0x000002624a98df10
Event: 3563.018 Thread 0x000002625fd360a0 flushing nmethod 0x000002624a998590
Event: 3563.029 Thread 0x000002625fd360a0 flushing nmethod 0x000002624a9af590
Event: 3563.033 Thread 0x000002625fd360a0 flushing nmethod 0x000002624a9bbf10
Event: 3563.035 Thread 0x000002625fd360a0 flushing nmethod 0x000002624a9be710
Event: 3563.050 Thread 0x000002625fd360a0 flushing nmethod 0x000002624a9e1610
Event: 3563.051 Thread 0x000002625fd360a0 flushing nmethod 0x000002624a9e3c10
Event: 3563.052 Thread 0x000002625fd360a0 flushing nmethod 0x000002624a9e7590
Event: 3563.053 Thread 0x000002625fd360a0 flushing nmethod 0x000002624a9ee010
Event: 3565.267 Thread 0x00000262a6edd740 Thread exited: 0x00000262a6edd740
Event: 3565.313 Thread 0x00000262a6edeb80 Thread exited: 0x00000262a6edeb80
Event: 3575.369 Thread 0x00000262a6eddc50 Thread added: 0x00000262a6eddc50
Event: 3575.440 Thread 0x00000262a6edf5a0 Thread added: 0x00000262a6edf5a0
Event: 3580.456 Thread 0x00000262a6eddc50 Thread exited: 0x00000262a6eddc50
Event: 3580.793 Thread 0x00000262a6edf5a0 Thread exited: 0x00000262a6edf5a0


Dynamic libraries:
0x00007ff67bed0000 - 0x00007ff67bee0000 	C:\Program Files\Java\jdk-17\bin\java.exe
0x00007ff8eb710000 - 0x00007ff8eb927000 	C:\Windows\SYSTEM32\ntdll.dll
0x00007ff8eaa80000 - 0x00007ff8eab44000 	C:\Windows\System32\KERNEL32.DLL
0x00007ff8e8970000 - 0x00007ff8e8d40000 	C:\Windows\System32\KERNELBASE.dll
0x00007ff8e8f50000 - 0x00007ff8e9061000 	C:\Windows\System32\ucrtbase.dll
0x00007ff8e1b90000 - 0x00007ff8e1ba9000 	C:\Program Files\Java\jdk-17\bin\jli.dll
0x00007ff8ddef0000 - 0x00007ff8ddf0b000 	C:\Program Files\Java\jdk-17\bin\VCRUNTIME140.dll
0x00007ff8eb610000 - 0x00007ff8eb6c1000 	C:\Windows\System32\ADVAPI32.dll
0x00007ff8ea2e0000 - 0x00007ff8ea387000 	C:\Windows\System32\msvcrt.dll
0x00007ff8ea230000 - 0x00007ff8ea2d8000 	C:\Windows\System32\sechost.dll
0x00007ff8e8de0000 - 0x00007ff8e8e08000 	C:\Windows\System32\bcrypt.dll
0x00007ff8ea960000 - 0x00007ff8eaa78000 	C:\Windows\System32\RPCRT4.dll
0x00007ff8eb440000 - 0x00007ff8eb5f1000 	C:\Windows\System32\USER32.dll
0x00007ff8e8810000 - 0x00007ff8e8836000 	C:\Windows\System32\win32u.dll
0x00007ff8ea590000 - 0x00007ff8ea5b9000 	C:\Windows\System32\GDI32.dll
0x00007ff8e8840000 - 0x00007ff8e8963000 	C:\Windows\System32\gdi32full.dll
0x00007ff8c36d0000 - 0x00007ff8c396c000 	C:\Windows\WinSxS\amd64_microsoft.windows.common-controls_6595b64144ccf1df_6.0.22621.5840_none_2710ea077384a4fe\COMCTL32.dll
0x00007ff8e8d40000 - 0x00007ff8e8dda000 	C:\Windows\System32\msvcp_win.dll
0x00007ff8e72a0000 - 0x00007ff8e72aa000 	C:\Windows\SYSTEM32\VERSION.dll
0x00007ff8eb0a0000 - 0x00007ff8eb0d1000 	C:\Windows\System32\IMM32.DLL
0x00007ff8e8680000 - 0x00007ff8e86b9000 	C:\Windows\system32\vmwsci.dll
0x00007ff8e9530000 - 0x00007ff8e9538000 	C:\Windows\System32\PSAPI.DLL
0x00007ff8e1b80000 - 0x00007ff8e1b8c000 	C:\Program Files\Java\jdk-17\bin\vcruntime140_1.dll
0x00007ff8cbad0000 - 0x00007ff8cbb5e000 	C:\Program Files\Java\jdk-17\bin\msvcp140.dll
0x00007ff87eb80000 - 0x00007ff87f760000 	C:\Program Files\Java\jdk-17\bin\server\jvm.dll
0x00007ff8d8cc0000 - 0x00007ff8d8cf4000 	C:\Windows\SYSTEM32\WINMM.dll
0x00007ff8d90d0000 - 0x00007ff8d90d9000 	C:\Windows\SYSTEM32\WSOCK32.dll
0x00007ff8eaba0000 - 0x00007ff8eac11000 	C:\Windows\System32\WS2_32.dll
0x00007ff8e76c0000 - 0x00007ff8e76d8000 	C:\Windows\SYSTEM32\kernel.appcore.dll
0x00007ff8de1b0000 - 0x00007ff8de1ba000 	C:\Program Files\Java\jdk-17\bin\jimage.dll
0x00007ff8e5bc0000 - 0x00007ff8e5df3000 	C:\Windows\SYSTEM32\DBGHELP.DLL
0x00007ff8ea5c0000 - 0x00007ff8ea951000 	C:\Windows\System32\combase.dll
0x00007ff8e9540000 - 0x00007ff8e9618000 	C:\Windows\System32\OLEAUT32.dll
0x00007ff8d6940000 - 0x00007ff8d6972000 	C:\Windows\SYSTEM32\dbgcore.DLL
0x00007ff8e9070000 - 0x00007ff8e90eb000 	C:\Windows\System32\bcryptPrimitives.dll
0x00007ff8de0c0000 - 0x00007ff8de0ce000 	C:\Program Files\Java\jdk-17\bin\instrument.dll
0x00007ff8cc510000 - 0x00007ff8cc535000 	C:\Program Files\Java\jdk-17\bin\java.dll
0x00007ff8af670000 - 0x00007ff8af747000 	C:\Program Files\Java\jdk-17\bin\jsvml.dll
0x00007ff8e9620000 - 0x00007ff8e9ec1000 	C:\Windows\System32\SHELL32.dll
0x00007ff8e90f0000 - 0x00007ff8e922f000 	C:\Windows\System32\wintypes.dll
0x00007ff8e5e50000 - 0x00007ff8e676a000 	C:\Windows\SYSTEM32\windows.storage.dll
0x00007ff8e9420000 - 0x00007ff8e952a000 	C:\Windows\System32\SHCORE.dll
0x00007ff8ea0f0000 - 0x00007ff8ea159000 	C:\Windows\System32\shlwapi.dll
0x00007ff8e8740000 - 0x00007ff8e8765000 	C:\Windows\SYSTEM32\profapi.dll
0x00007ff8cf440000 - 0x00007ff8cf458000 	C:\Program Files\Java\jdk-17\bin\zip.dll
0x00007ff8d3160000 - 0x00007ff8d3179000 	C:\Program Files\Java\jdk-17\bin\net.dll
0x00007ff8e76e0000 - 0x00007ff8e780c000 	C:\Windows\SYSTEM32\WINHTTP.dll
0x00007ff8e7cd0000 - 0x00007ff8e7d39000 	C:\Windows\system32\mswsock.dll
0x00007ff8d0bc0000 - 0x00007ff8d0bd6000 	C:\Program Files\Java\jdk-17\bin\nio.dll
0x00007ff8cbc90000 - 0x00007ff8cbcaa000 	C:\Program Files\JetBrains\IntelliJ IDEA Community Edition 2024.3\bin\breakgen64.dll
0x00007ff8dc4d0000 - 0x00007ff8dc4e0000 	C:\Program Files\Java\jdk-17\bin\verify.dll
0x00007ff8dd6f0000 - 0x00007ff8dd6fa000 	C:\Program Files\Java\jdk-17\bin\management.dll
0x00007ff8dcd60000 - 0x00007ff8dcd6b000 	C:\Program Files\Java\jdk-17\bin\management_ext.dll
0x00007ff8e6d10000 - 0x00007ff8e6d3d000 	C:\Windows\SYSTEM32\IPHLPAPI.DLL
0x00007ff8ea560000 - 0x00007ff8ea569000 	C:\Windows\System32\NSI.dll
0x00007ff8df3c0000 - 0x00007ff8df3d9000 	C:\Windows\SYSTEM32\dhcpcsvc6.DLL
0x00007ff8df3a0000 - 0x00007ff8df3bf000 	C:\Windows\SYSTEM32\dhcpcsvc.DLL
0x00007ff8e6d40000 - 0x00007ff8e6e38000 	C:\Windows\SYSTEM32\DNSAPI.dll
0x00007ff8da340000 - 0x00007ff8da34a000 	C:\Windows\System32\rasadhlp.dll
0x00007ff8de7c0000 - 0x00007ff8de844000 	C:\Windows\System32\fwpuclnt.dll
0x00007ff8ddc80000 - 0x00007ff8ddc8e000 	C:\Program Files\Java\jdk-17\bin\sunmscapi.dll
0x00007ff8e9230000 - 0x00007ff8e9398000 	C:\Windows\System32\CRYPT32.dll
0x00007ff8e8090000 - 0x00007ff8e80bd000 	C:\Windows\SYSTEM32\ncrypt.dll
0x00007ff8e8050000 - 0x00007ff8e8087000 	C:\Windows\SYSTEM32\NTASN1.dll
0x00007ff8e7f30000 - 0x00007ff8e7f4b000 	C:\Windows\SYSTEM32\CRYPTSP.dll
0x00007ff8e7620000 - 0x00007ff8e7657000 	C:\Windows\system32\rsaenh.dll
0x00007ff8e7dc0000 - 0x00007ff8e7de8000 	C:\Windows\SYSTEM32\USERENV.dll
0x00007ff8e7f20000 - 0x00007ff8e7f2c000 	C:\Windows\SYSTEM32\CRYPTBASE.dll
0x00007ff8de240000 - 0x00007ff8de248000 	C:\Windows\system32\wshunix.dll

dbghelp: loaded successfully - version: 4.0.5 - missing functions: none
symbol engine: initialized successfully - sym options: 0x614 - pdb path: .;C:\Program Files\Java\jdk-17\bin;C:\Windows\SYSTEM32;C:\Windows\WinSxS\amd64_microsoft.windows.common-controls_6595b64144ccf1df_6.0.22621.5840_none_2710ea077384a4fe;C:\Program Files\Java\jdk-17\bin\server;C:\Program Files\JetBrains\IntelliJ IDEA Community Edition 2024.3\bin

VM Arguments:
jvm_args: -javaagent:C:\Program Files\JetBrains\IntelliJ IDEA Community Edition 2024.3\lib\idea_rt.jar=50887:C:\Program Files\JetBrains\IntelliJ IDEA Community Edition 2024.3\bin -Dfile.encoding=UTF-8 
java_command: com.jaya.BillServiceApplication
java_class_path (initial): C:\Users\jayapraj\Downloads\Expense-Tracking-system-With-User\Expense-tracking-System-backend\Expense-tracking-backend-main\Bill-Service\target\classes;C:\Users\jayapraj\.m2\repository\org\apache\poi\poi-ooxml\5.2.3\poi-ooxml-5.2.3.jar;C:\Users\jayapraj\.m2\repository\org\apache\poi\poi-ooxml-lite\5.2.3\poi-ooxml-lite-5.2.3.jar;C:\Users\jayapraj\.m2\repository\org\apache\xmlbeans\xmlbeans\5.1.1\xmlbeans-5.1.1.jar;C:\Users\jayapraj\.m2\repository\org\apache\commons\commons-compress\1.21\commons-compress-1.21.jar;C:\Users\jayapraj\.m2\repository\commons-io\commons-io\2.11.0\commons-io-2.11.0.jar;C:\Users\jayapraj\.m2\repository\com\github\virtuald\curvesapi\1.07\curvesapi-1.07.jar;C:\Users\jayapraj\.m2\repository\org\apache\logging\log4j\log4j-api\2.24.1\log4j-api-2.24.1.jar;C:\Users\jayapraj\.m2\repository\org\apache\commons\commons-collections4\4.4\commons-collections4-4.4.jar;C:\Users\jayapraj\.m2\repository\com\google\auth\google-auth-library-oauth2-http\0.26.0\google-auth-library-oauth2-http-0.26.0.jar;C:\Users\jayapraj\.m2\repository\com\google\auto\value\auto-value-annotations\1.8.1\auto-value-annotations-1.8.1.jar;C:\Users\jayapraj\.m2\repository\com\google\code\findbugs\jsr305\3.0.2\jsr305-3.0.2.jar;C:\Users\jayapraj\.m2\repository\com\google\auth\google-auth-library-credentials\0.26.0\google-auth-library-credentials-0.26.0.jar;C:\Users\jayapraj\.m2\repository\com\google\http-client\google-http-client\1.39.2\google-http-client-1.39.2.jar;C:\Users\jayapraj\.m2\repository\org\apache\httpcomponents\httpclient\4.5.13\httpclient-4.5.13.jar;C:\Users\jayapraj\.m2\repository\commons-logging\commons-logging\1.2\commons-logging-1.2.jar;C:\Users\jayapraj\.m2\repository\org\apache\httpcomponents\httpcore\4.4.16\httpcore-4.4.16.jar;C:\Users\jayapraj\.m2\repository\com\google\j2objc\j2objc-annotations\1.3\j2objc-annotations-1.3.jar;C:\Users\jayapraj\.m2\repository\io\opencensus\opencensus-api\0.28.0\opencensus-api-0.28.0.jar;C:\Users\jayapraj\.
Launcher Type: SUN_STANDARD

[Global flags]
     intx CICompilerCount                          = 3                                         {product} {ergonomic}
     uint ConcGCThreads                            = 1                                         {product} {ergonomic}
     uint G1ConcRefinementThreads                  = 4                                         {product} {ergonomic}
   size_t G1HeapRegionSize                         = 1048576                                   {product} {ergonomic}
    uintx GCDrainStackTargetSize                   = 64                                        {product} {ergonomic}
   size_t InitialHeapSize                          = 134217728                                 {product} {ergonomic}
   size_t MarkStackSize                            = 4194304                                   {product} {ergonomic}
   size_t MaxHeapSize                              = 2147483648                                {product} {ergonomic}
   size_t MaxNewSize                               = 1287651328                                {product} {ergonomic}
   size_t MinHeapDeltaBytes                        = 1048576                                   {product} {ergonomic}
   size_t MinHeapSize                              = 8388608                                   {product} {ergonomic}
    uintx NonNMethodCodeHeapSize                   = 5832780                                {pd product} {ergonomic}
    uintx NonProfiledCodeHeapSize                  = 122912730                              {pd product} {ergonomic}
    uintx ProfiledCodeHeapSize                     = 122912730                              {pd product} {ergonomic}
    uintx ReservedCodeCacheSize                    = 251658240                              {pd product} {ergonomic}
     bool SegmentedCodeCache                       = true                                      {product} {ergonomic}
   size_t SoftMaxHeapSize                          = 2147483648                             {manageable} {ergonomic}
     bool UseCompressedClassPointers               = true                           {product lp64_product} {ergonomic}
     bool UseCompressedOops                        = true                           {product lp64_product} {ergonomic}
     bool UseG1GC                                  = true                                      {product} {ergonomic}
     bool UseLargePagesIndividualAllocation        = false                                  {pd product} {ergonomic}

Logging:
Log output configuration:
 #0: stdout all=warning uptime,level,tags
 #1: stderr all=off uptime,level,tags

Environment Variables:
JAVA_HOME=C:\Program Files\Java\jdk-17
PATH=C:\Python313\Scripts\;C:\Python313\;C:\Program Files\Common Files\Oracle\Java\javapath;C:\Windows\system32;C:\Windows;C:\Windows\System32\Wbem;C:\Windows\System32\WindowsPowerShell\v1.0\;C:\Windows\System32\OpenSSH\;C:\Program Files\Git\cmd;C:\Users\jayapraj\AppData\Local\Microsoft\WindowsApps;C:\Users\jayapraj\AppData\Local\Programs\Microsoft VS Code\bin;C:\Users\jayapraj\Downloads\apache-maven-3.9.9-bin\apache-maven-3.9.9\bin;C:\Program Files\nodejs\;C:\ProgramData\chocolatey\bin;C:\Program Files\MySQL\MySQL Shell 8.0\bin\;True;C:\Users\jayapraj\Downloads\maven-mvnd-1.0.2-windows-amd64\maven-mvnd-1.0.2-windows-amd64\bin;C:\Users\jayapraj\AppData\Roaming\npm;C:\kafka\bin;
USERNAME=jayapraj
OS=Windows_NT
PROCESSOR_IDENTIFIER=Intel64 Family 6 Model 79 Stepping 0, GenuineIntel



---------------  S Y S T E M  ---------------

OS:
 Windows 11 , 64 bit Build 22621 (10.0.22621.5415)
OS uptime: 9 days 7:33 hours
VMWare virtualization detected

CPU: total 4 (initial active 4) (4 cores per cpu, 1 threads per core) family 6 model 79 stepping 0 microcode 0x2007006, cx8, cmov, fxsr, mmx, 3dnowpref, sse, sse2, sse3, ssse3, sse4.1, sse4.2, popcnt, lzcnt, tsc, tscinvbit, avx, avx2, aes, erms, clmul, bmi1, bmi2, adx, fma, vzeroupper, clflush, hv

Memory: 4k page, system-wide physical 8190M (109M free)
TotalPageFile size 27264M (AvailPageFile size 96M)
current process WorkingSet (physical memory assigned to process): 17M, peak: 391M
current process commit charge ("private bytes"): 403M, peak: 430M

vm_info: Java HotSpot(TM) 64-Bit Server VM (17.0.12+8-LTS-286) for windows-amd64 JRE (17.0.12+8-LTS-286), built on Jun  5 2024 06:46:59 by "mach5one" with MS VC++ 17.6 (VS2022)

END.
