#
# There is insufficient memory for the Java Runtime Environment to continue.
# Native memory allocation (malloc) failed to allocate 1301136 bytes for Chunk::new
# Possible reasons:
#   The system is out of physical RAM or swap space
#   The process is running with CompressedOops enabled, and the Java Heap may be blocking the growth of the native heap
# Possible solutions:
#   Reduce memory load on the system
#   Increase physical memory or swap space
#   Check if swap backing store is full
#   Decrease Java heap size (-Xmx/-Xms)
#   Decrease number of Java threads
#   Decrease Java thread stack sizes (-Xss)
#   Set larger code cache with -XX:ReservedCodeCacheSize=
#   JVM is running with Unscaled Compressed Oops mode in which the Java heap is
#     placed in the first 4GB address space. The Java Heap base address is the
#     maximum limit for the native heap growth. Please use -XX:HeapBaseMinAddress
#     to set the Java Heap base and to place the Java Heap above 4GB virtual address.
# This output file may be truncated or incomplete.
#
#  Out of Memory Error (arena.cpp:189), pid=29268, tid=31436
#
# JRE version: Java(TM) SE Runtime Environment (17.0.12+8) (build 17.0.12+8-LTS-286)
# Java VM: Java HotSpot(TM) 64-Bit Server VM (17.0.12+8-LTS-286, mixed mode, sharing, tiered, compressed oops, compressed class ptrs, g1 gc, windows-amd64)
# No core dump will be written. Minidumps are not enabled by default on client versions of Windows
#

---------------  S U M M A R Y ------------

Command Line: -javaagent:C:\Program Files\JetBrains\IntelliJ IDEA Community Edition 2024.3\lib\idea_rt.jar=54358:C:\Program Files\JetBrains\IntelliJ IDEA Community Edition 2024.3\bin -Dfile.encoding=UTF-8 com.jaya.ExpenseTrackingSystemApplication

Host: Intel(R) Xeon(R) Gold 5120 CPU @ 2.20GHz, 4 cores, 7G,  Windows 11 , 64 bit Build 22621 (10.0.22621.5415)
Time: Sat Oct 11 19:38:39 2025 India Standard Time elapsed time: 846.960538 seconds (0d 0h 14m 6s)

---------------  T H R E A D  ---------------

Current thread (0x000001de69aa6130):  JavaThread "C2 CompilerThread0" daemon [_thread_in_native, id=31436, stack(0x000000bde6000000,0x000000bde6100000)]


Current CompileTask:
C2: 846960 19784       4       com.fasterxml.jackson.databind.type.TypeFactory::_fromClass (328 bytes)

Stack: [0x000000bde6000000,0x000000bde6100000]
Native frames: (J=compiled Java code, j=interpreted, Vv=VM code, C=native code)
V  [jvm.dll+0x67a04a]
V  [jvm.dll+0x7da4ed]
V  [jvm.dll+0x7dbe33]
V  [jvm.dll+0x7dc4a3]
V  [jvm.dll+0x24508f]
V  [jvm.dll+0xab773]
V  [jvm.dll+0xabd3c]
V  [jvm.dll+0x361b9f]
V  [jvm.dll+0x32c431]
V  [jvm.dll+0x32b8ca]
V  [jvm.dll+0x21683f]
V  [jvm.dll+0x215c6f]
V  [jvm.dll+0x1a2960]
V  [jvm.dll+0x22610b]
V  [jvm.dll+0x2242ab]
V  [jvm.dll+0x79075c]
V  [jvm.dll+0x78abea]
V  [jvm.dll+0x678f35]
C  [ucrtbase.dll+0x29333]
C  [KERNEL32.DLL+0x1259d]
C  [ntdll.dll+0x5af78]


---------------  P R O C E S S  ---------------

Threads class SMR info:
_java_thread_list=0x000001de6e0f63a0, length=24, elements={
0x000001de69a903d0, 0x000001de69a91160, 0x000001de69a9fde0, 0x000001de69aa3ad0,
0x000001de69aa43a0, 0x000001de69aa5480, 0x000001de69aa6130, 0x000001de69aaab10,
0x000001de6e03c040, 0x000001de69a7b360, 0x000001de6e94ccf0, 0x000001de6e94d1d0,
0x000001de7129e040, 0x000001de7129f480, 0x000001de71b954b0, 0x000001de71b99170,
0x000001de71b99680, 0x000001de71b99b90, 0x000001de71b98750, 0x000001de71b959c0,
0x000001de71b97310, 0x000001de71b9a0a0, 0x000001de71b9aac0, 0x000001de71b9b9f0
}

Java Threads: ( => current thread )
  0x000001de69a903d0 JavaThread "Reference Handler" daemon [_thread_blocked, id=21260, stack(0x000000bde5a00000,0x000000bde5b00000)]
  0x000001de69a91160 JavaThread "Finalizer" daemon [_thread_blocked, id=1152, stack(0x000000bde5b00000,0x000000bde5c00000)]
  0x000001de69a9fde0 JavaThread "Signal Dispatcher" daemon [_thread_blocked, id=38188, stack(0x000000bde5c00000,0x000000bde5d00000)]
  0x000001de69aa3ad0 JavaThread "Attach Listener" daemon [_thread_blocked, id=35528, stack(0x000000bde5d00000,0x000000bde5e00000)]
  0x000001de69aa43a0 JavaThread "Service Thread" daemon [_thread_blocked, id=21580, stack(0x000000bde5e00000,0x000000bde5f00000)]
  0x000001de69aa5480 JavaThread "Monitor Deflation Thread" daemon [_thread_blocked, id=35796, stack(0x000000bde5f00000,0x000000bde6000000)]
=>0x000001de69aa6130 JavaThread "C2 CompilerThread0" daemon [_thread_in_native, id=31436, stack(0x000000bde6000000,0x000000bde6100000)]
  0x000001de69aaab10 JavaThread "C1 CompilerThread0" daemon [_thread_in_vm, id=11752, stack(0x000000bde6100000,0x000000bde6200000)]
  0x000001de6e03c040 JavaThread "Sweeper thread" daemon [_thread_blocked, id=16992, stack(0x000000bde6200000,0x000000bde6300000)]
  0x000001de69a7b360 JavaThread "Common-Cleaner" daemon [_thread_blocked, id=12496, stack(0x000000bde6300000,0x000000bde6400000)]
  0x000001de6e94ccf0 JavaThread "Monitor Ctrl-Break" daemon [_thread_in_native, id=37112, stack(0x000000bde6500000,0x000000bde6600000)]
  0x000001de6e94d1d0 JavaThread "Notification Thread" daemon [_thread_blocked, id=31236, stack(0x000000bde6600000,0x000000bde6700000)]
  0x000001de7129e040 JavaThread "mysql-cj-abandoned-connection-cleanup" daemon [_thread_blocked, id=34860, stack(0x000000bde7000000,0x000000bde7100000)]
  0x000001de7129f480 JavaThread "spectator-gauge-polling-0" daemon [_thread_blocked, id=27340, stack(0x000000bde7500000,0x000000bde7600000)]
  0x000001de71b954b0 JavaThread "DestroyJavaVM" [_thread_blocked, id=30132, stack(0x000000bde5300000,0x000000bde5400000)]
  0x000001de71b99170 JavaThread "Thread-19" [_thread_blocked, id=22828, stack(0x000000bde5000000,0x000000bde5100000)]
  0x000001de71b99680 JavaThread "restartedMain" [_thread_in_Java, id=13240, stack(0x000000bde5100000,0x000000bde5200000)]
  0x000001de71b99b90 JavaThread "Catalina-utility-1" [_thread_blocked, id=2136, stack(0x000000bde6a00000,0x000000bde6b00000)]
  0x000001de71b98750 JavaThread "Catalina-utility-2" [_thread_blocked, id=21912, stack(0x000000bde6b00000,0x000000bde6c00000)]
  0x000001de71b959c0 JavaThread "container-0" [_thread_blocked, id=38168, stack(0x000000bde6d00000,0x000000bde6e00000)]
  0x000001de71b97310 JavaThread "HikariPool-5 housekeeper" daemon [_thread_blocked, id=21076, stack(0x000000bde6e00000,0x000000bde6f00000)]
  0x000001de71b9a0a0 JavaThread "spring.cloud.inetutils" daemon [_thread_blocked, id=21704, stack(0x000000bde7200000,0x000000bde7300000)]
  0x000001de71b9aac0 JavaThread "File Watcher" daemon [_thread_blocked, id=31156, stack(0x000000bde7300000,0x000000bde7400000)]
  0x000001de71b9b9f0 JavaThread "AsyncResolver-bootstrap-%d" daemon [_thread_blocked, id=12704, stack(0x000000bde7400000,0x000000bde7500000)]

Other Threads:
  0x000001de69a8b580 VMThread "VM Thread" [stack: 0x000000bde5900000,0x000000bde5a00000] [id=31228]
  0x000001de4a252c80 WatcherThread [stack: 0x000000bde6700000,0x000000bde6800000] [id=27532]
  0x000001de4a239a20 GCTaskThread "GC Thread#0" [stack: 0x000000bde5400000,0x000000bde5500000] [id=33512]
  0x000001de6ea1b530 GCTaskThread "GC Thread#1" [stack: 0x000000bde6400000,0x000000bde6500000] [id=25444]
  0x000001de6ea1b7f0 GCTaskThread "GC Thread#2" [stack: 0x000000bde6800000,0x000000bde6900000] [id=19576]
  0x000001de6ead6170 GCTaskThread "GC Thread#3" [stack: 0x000000bde6900000,0x000000bde6a00000] [id=33108]
  0x000001de4a02dfe0 ConcurrentGCThread "G1 Main Marker" [stack: 0x000000bde5500000,0x000000bde5600000] [id=29232]
  0x000001de4a02ecd0 ConcurrentGCThread "G1 Conc#0" [stack: 0x000000bde5600000,0x000000bde5700000] [id=12240]
  0x000001de69946140 ConcurrentGCThread "G1 Refine#0" [stack: 0x000000bde5700000,0x000000bde5800000] [id=24968]
  0x000001de705122f0 ConcurrentGCThread "G1 Refine#1" [stack: 0x000000bde6c00000,0x000000bde6d00000] [id=38740]
  0x000001de69946980 ConcurrentGCThread "G1 Service" [stack: 0x000000bde5800000,0x000000bde5900000] [id=15684]

Threads with active compile tasks:
C2 CompilerThread0   847035 19784       4       com.fasterxml.jackson.databind.type.TypeFactory::_fromClass (328 bytes)

VM state: not at safepoint (normal execution)

VM Mutex/Monitor currently owned by a thread: None

Heap address: 0x0000000080000000, size: 2048 MB, Compressed Oops mode: 32-bit

CDS archive(s) mapped at: [0x000001de00000000-0x000001de00bd0000-0x000001de00bd0000), size 12386304, SharedBaseAddress: 0x000001de00000000, ArchiveRelocationMode: 1.
Compressed class space mapped at: 0x000001de01000000-0x000001de41000000, reserved size: 1073741824
Narrow klass base: 0x000001de00000000, Narrow klass shift: 0, Narrow klass range: 0x100000000

GC Precious Log:
 CPUs: 4 total, 4 available
 Memory: 8190M
 Large Page Support: Disabled
 NUMA Support: Disabled
 Compressed Oops: Enabled (32-bit)
 Heap Region Size: 1M
 Heap Min Capacity: 8M
 Heap Initial Capacity: 128M
 Heap Max Capacity: 2G
 Pre-touch: Disabled
 Parallel Workers: 4
 Concurrent Workers: 1
 Concurrent Refinement Workers: 4
 Periodic GC: Disabled

Heap:
 garbage-first heap   total 215040K, used 136191K [0x0000000080000000, 0x0000000100000000)
  region size 1024K, 61 young (62464K), 2 survivors (2048K)
 Metaspace       used 119579K, committed 120512K, reserved 1179648K
  class space    used 15016K, committed 15488K, reserved 1048576K

Heap Regions: E=young(eden), S=young(survivor), O=old, HS=humongous(starts), HC=humongous(continues), CS=collection set, F=free, OA=open archive, CA=closed archive, TAMS=top-at-mark-start (previous, next)
|   0|0x0000000080000000, 0x0000000080100000, 0x0000000080100000|100%|HS|  |TAMS 0x0000000080100000, 0x0000000080000000| Untracked 
|   1|0x0000000080100000, 0x00000000801ffff0, 0x0000000080200000| 99%| O|  |TAMS 0x00000000801ffff0, 0x0000000080100000| Untracked 
|   2|0x0000000080200000, 0x0000000080300000, 0x0000000080300000|100%|HS|  |TAMS 0x0000000080300000, 0x0000000080200000| Untracked 
|   3|0x0000000080300000, 0x0000000080400000, 0x0000000080400000|100%|HS|  |TAMS 0x0000000080400000, 0x0000000080300000| Untracked 
|   4|0x0000000080400000, 0x00000000804f6e48, 0x0000000080500000| 96%| O|  |TAMS 0x00000000804f6e48, 0x0000000080400000| Untracked 
|   5|0x0000000080500000, 0x0000000080600000, 0x0000000080600000|100%| O|  |TAMS 0x0000000080600000, 0x0000000080500000| Untracked 
|   6|0x0000000080600000, 0x0000000080700000, 0x0000000080700000|100%| O|  |TAMS 0x0000000080700000, 0x0000000080600000| Untracked 
|   7|0x0000000080700000, 0x00000000807fffe8, 0x0000000080800000| 99%| O|  |TAMS 0x00000000807fffe8, 0x0000000080700000| Untracked 
|   8|0x0000000080800000, 0x0000000080900000, 0x0000000080900000|100%| O|  |TAMS 0x0000000080900000, 0x0000000080800000| Untracked 
|   9|0x0000000080900000, 0x0000000080a00000, 0x0000000080a00000|100%| O|  |TAMS 0x0000000080a00000, 0x0000000080900000| Untracked 
|  10|0x0000000080a00000, 0x0000000080afffd0, 0x0000000080b00000| 99%| O|  |TAMS 0x0000000080afffd0, 0x0000000080a00000| Untracked 
|  11|0x0000000080b00000, 0x0000000080c00000, 0x0000000080c00000|100%| O|  |TAMS 0x0000000080c00000, 0x0000000080b00000| Untracked 
|  12|0x0000000080c00000, 0x0000000080d00000, 0x0000000080d00000|100%| O|  |TAMS 0x0000000080d00000, 0x0000000080c00000| Untracked 
|  13|0x0000000080d00000, 0x0000000080dfff88, 0x0000000080e00000| 99%| O|  |TAMS 0x0000000080dfff88, 0x0000000080d00000| Untracked 
|  14|0x0000000080e00000, 0x0000000080effff0, 0x0000000080f00000| 99%| O|  |TAMS 0x0000000080effff0, 0x0000000080e00000| Untracked 
|  15|0x0000000080f00000, 0x0000000080ffffe0, 0x0000000081000000| 99%| O|  |TAMS 0x0000000080ffffe0, 0x0000000080f00000| Untracked 
|  16|0x0000000081000000, 0x0000000081100000, 0x0000000081100000|100%| O|  |TAMS 0x0000000081100000, 0x0000000081000000| Untracked 
|  17|0x0000000081100000, 0x00000000811fffe8, 0x0000000081200000| 99%| O|  |TAMS 0x00000000811fffe8, 0x0000000081100000| Untracked 
|  18|0x0000000081200000, 0x0000000081300000, 0x0000000081300000|100%| O|  |TAMS 0x0000000081300000, 0x0000000081200000| Untracked 
|  19|0x0000000081300000, 0x00000000813ffff0, 0x0000000081400000| 99%| O|  |TAMS 0x00000000813ffff0, 0x0000000081300000| Untracked 
|  20|0x0000000081400000, 0x00000000814fffe8, 0x0000000081500000| 99%| O|  |TAMS 0x00000000814fffe8, 0x0000000081400000| Untracked 
|  21|0x0000000081500000, 0x00000000815ffff0, 0x0000000081600000| 99%| O|  |TAMS 0x00000000815ffff0, 0x0000000081500000| Untracked 
|  22|0x0000000081600000, 0x0000000081700000, 0x0000000081700000|100%| O|  |TAMS 0x0000000081700000, 0x0000000081600000| Untracked 
|  23|0x0000000081700000, 0x00000000817ffff0, 0x0000000081800000| 99%| O|  |TAMS 0x00000000817ffff0, 0x0000000081700000| Untracked 
|  24|0x0000000081800000, 0x00000000818ffff0, 0x0000000081900000| 99%| O|  |TAMS 0x00000000818ffff0, 0x0000000081800000| Untracked 
|  25|0x0000000081900000, 0x00000000819fffc8, 0x0000000081a00000| 99%| O|  |TAMS 0x00000000819fffc8, 0x0000000081900000| Untracked 
|  26|0x0000000081a00000, 0x0000000081affff0, 0x0000000081b00000| 99%| O|  |TAMS 0x0000000081affff0, 0x0000000081a00000| Untracked 
|  27|0x0000000081b00000, 0x0000000081bffff8, 0x0000000081c00000| 99%| O|  |TAMS 0x0000000081bffff8, 0x0000000081b00000| Untracked 
|  28|0x0000000081c00000, 0x0000000081d00000, 0x0000000081d00000|100%| O|  |TAMS 0x0000000081d00000, 0x0000000081c00000| Untracked 
|  29|0x0000000081d00000, 0x0000000081dfffd0, 0x0000000081e00000| 99%| O|  |TAMS 0x0000000081dfffd0, 0x0000000081d00000| Untracked 
|  30|0x0000000081e00000, 0x0000000081f00000, 0x0000000081f00000|100%| O|  |TAMS 0x0000000081f00000, 0x0000000081e00000| Untracked 
|  31|0x0000000081f00000, 0x0000000081ffe0f8, 0x0000000082000000| 99%| O|  |TAMS 0x0000000081ffe0f8, 0x0000000081f00000| Untracked 
|  32|0x0000000082000000, 0x00000000820fffe0, 0x0000000082100000| 99%| O|  |TAMS 0x00000000820fffe0, 0x0000000082000000| Untracked 
|  33|0x0000000082100000, 0x0000000082200000, 0x0000000082200000|100%| O|  |TAMS 0x0000000082200000, 0x0000000082100000| Untracked 
|  34|0x0000000082200000, 0x00000000822ffff8, 0x0000000082300000| 99%| O|  |TAMS 0x00000000822ffff8, 0x0000000082200000| Untracked 
|  35|0x0000000082300000, 0x00000000823fff60, 0x0000000082400000| 99%| O|  |TAMS 0x00000000823fff60, 0x0000000082300000| Untracked 
|  36|0x0000000082400000, 0x00000000824fffa8, 0x0000000082500000| 99%| O|  |TAMS 0x00000000824fffa8, 0x0000000082400000| Untracked 
|  37|0x0000000082500000, 0x0000000082600000, 0x0000000082600000|100%| O|  |TAMS 0x0000000082600000, 0x0000000082500000| Untracked 
|  38|0x0000000082600000, 0x00000000826ffff0, 0x0000000082700000| 99%| O|  |TAMS 0x00000000826ffff0, 0x0000000082600000| Untracked 
|  39|0x0000000082700000, 0x00000000827ffff8, 0x0000000082800000| 99%| O|  |TAMS 0x00000000827ffff8, 0x0000000082700000| Untracked 
|  40|0x0000000082800000, 0x00000000828fffe0, 0x0000000082900000| 99%| O|  |TAMS 0x00000000828fffe0, 0x0000000082800000| Untracked 
|  41|0x0000000082900000, 0x00000000829ffff8, 0x0000000082a00000| 99%| O|  |TAMS 0x00000000829ffff8, 0x0000000082900000| Untracked 
|  42|0x0000000082a00000, 0x0000000082afffe8, 0x0000000082b00000| 99%| O|  |TAMS 0x0000000082afffe8, 0x0000000082a00000| Untracked 
|  43|0x0000000082b00000, 0x0000000082bfffb0, 0x0000000082c00000| 99%| O|  |TAMS 0x0000000082bfffb0, 0x0000000082b00000| Untracked 
|  44|0x0000000082c00000, 0x0000000082cfffb8, 0x0000000082d00000| 99%| O|  |TAMS 0x0000000082cfffb8, 0x0000000082c00000| Untracked 
|  45|0x0000000082d00000, 0x0000000082dfceb0, 0x0000000082e00000| 98%| O|  |TAMS 0x0000000082dfceb0, 0x0000000082d00000| Untracked 
|  46|0x0000000082e00000, 0x0000000082efffc8, 0x0000000082f00000| 99%| O|  |TAMS 0x0000000082efffc8, 0x0000000082e00000| Untracked 
|  47|0x0000000082f00000, 0x0000000082fffff8, 0x0000000083000000| 99%| O|  |TAMS 0x0000000082fffff8, 0x0000000082f00000| Untracked 
|  48|0x0000000083000000, 0x00000000830fffb8, 0x0000000083100000| 99%| O|  |TAMS 0x00000000830fffb8, 0x0000000083000000| Untracked 
|  49|0x0000000083100000, 0x0000000083200000, 0x0000000083200000|100%| O|  |TAMS 0x0000000083100000, 0x0000000083100000| Untracked 
|  50|0x0000000083200000, 0x00000000832ffff0, 0x0000000083300000| 99%| O|  |TAMS 0x0000000083200000, 0x0000000083200000| Untracked 
|  51|0x0000000083300000, 0x00000000833fffe8, 0x0000000083400000| 99%| O|  |TAMS 0x0000000083300000, 0x0000000083300000| Untracked 
|  52|0x0000000083400000, 0x0000000083500000, 0x0000000083500000|100%| O|  |TAMS 0x0000000083400000, 0x0000000083400000| Untracked 
|  53|0x0000000083500000, 0x00000000835fffe0, 0x0000000083600000| 99%| O|  |TAMS 0x0000000083500000, 0x0000000083500000| Untracked 
|  54|0x0000000083600000, 0x00000000836ffff0, 0x0000000083700000| 99%| O|  |TAMS 0x0000000083600000, 0x0000000083600000| Untracked 
|  55|0x0000000083700000, 0x00000000837fffc8, 0x0000000083800000| 99%| O|  |TAMS 0x0000000083700000, 0x0000000083700000| Untracked 
|  56|0x0000000083800000, 0x00000000838ffff8, 0x0000000083900000| 99%| O|  |TAMS 0x0000000083800000, 0x0000000083800000| Untracked 
|  57|0x0000000083900000, 0x00000000839fffe8, 0x0000000083a00000| 99%| O|  |TAMS 0x0000000083900000, 0x0000000083900000| Untracked 
|  58|0x0000000083a00000, 0x0000000083afffe0, 0x0000000083b00000| 99%| O|  |TAMS 0x0000000083a00000, 0x0000000083a00000| Untracked 
|  59|0x0000000083b00000, 0x0000000083b0bd08, 0x0000000083c00000|  4%| O|  |TAMS 0x0000000083b00000, 0x0000000083b00000| Untracked 
|  60|0x0000000083c00000, 0x0000000083c76458, 0x0000000083d00000| 46%| O|  |TAMS 0x0000000083c00000, 0x0000000083c00000| Untracked 
|  61|0x0000000083d00000, 0x0000000083df0958, 0x0000000083e00000| 93%| O|  |TAMS 0x0000000083d00000, 0x0000000083d00000| Untracked 
|  62|0x0000000083e00000, 0x0000000083f00000, 0x0000000083f00000|100%| O|  |TAMS 0x0000000083e00000, 0x0000000083e00000| Untracked 
|  63|0x0000000083f00000, 0x0000000084000000, 0x0000000084000000|100%| O|  |TAMS 0x0000000083f00000, 0x0000000083f00000| Untracked 
|  64|0x0000000084000000, 0x0000000084100000, 0x0000000084100000|100%| O|  |TAMS 0x0000000084000000, 0x0000000084000000| Untracked 
|  65|0x0000000084100000, 0x0000000084200000, 0x0000000084200000|100%| O|  |TAMS 0x0000000084100000, 0x0000000084100000| Untracked 
|  66|0x0000000084200000, 0x0000000084300000, 0x0000000084300000|100%| O|  |TAMS 0x0000000084200000, 0x0000000084200000| Untracked 
|  67|0x0000000084300000, 0x0000000084400000, 0x0000000084400000|100%| O|  |TAMS 0x0000000084300000, 0x0000000084300000| Untracked 
|  68|0x0000000084400000, 0x0000000084500000, 0x0000000084500000|100%| O|  |TAMS 0x0000000084400000, 0x0000000084400000| Untracked 
|  69|0x0000000084500000, 0x0000000084600000, 0x0000000084600000|100%| O|  |TAMS 0x0000000084500000, 0x0000000084500000| Untracked 
|  70|0x0000000084600000, 0x0000000084700000, 0x0000000084700000|100%| O|  |TAMS 0x0000000084600000, 0x0000000084600000| Untracked 
|  71|0x0000000084700000, 0x0000000084800000, 0x0000000084800000|100%| O|  |TAMS 0x0000000084700000, 0x0000000084700000| Untracked 
|  72|0x0000000084800000, 0x0000000084900000, 0x0000000084900000|100%| O|  |TAMS 0x0000000084800000, 0x0000000084800000| Untracked 
|  73|0x0000000084900000, 0x0000000084a00000, 0x0000000084a00000|100%| O|  |TAMS 0x0000000084900000, 0x0000000084900000| Untracked 
|  74|0x0000000084a00000, 0x0000000084a50000, 0x0000000084b00000| 31%| O|  |TAMS 0x0000000084a00000, 0x0000000084a00000| Untracked 
|  75|0x0000000084b00000, 0x0000000084b00000, 0x0000000084c00000|  0%| F|  |TAMS 0x0000000084b00000, 0x0000000084b00000| Untracked 
|  76|0x0000000084c00000, 0x0000000084c00000, 0x0000000084d00000|  0%| F|  |TAMS 0x0000000084c00000, 0x0000000084c00000| Untracked 
|  77|0x0000000084d00000, 0x0000000084d00000, 0x0000000084e00000|  0%| F|  |TAMS 0x0000000084d00000, 0x0000000084d00000| Untracked 
|  78|0x0000000084e00000, 0x0000000084e00000, 0x0000000084f00000|  0%| F|  |TAMS 0x0000000084e00000, 0x0000000084e00000| Untracked 
|  79|0x0000000084f00000, 0x0000000084f00000, 0x0000000085000000|  0%| F|  |TAMS 0x0000000084f00000, 0x0000000084f00000| Untracked 
|  80|0x0000000085000000, 0x0000000085000000, 0x0000000085100000|  0%| F|  |TAMS 0x0000000085000000, 0x0000000085000000| Untracked 
|  81|0x0000000085100000, 0x0000000085100000, 0x0000000085200000|  0%| F|  |TAMS 0x0000000085100000, 0x0000000085100000| Untracked 
|  82|0x0000000085200000, 0x0000000085200000, 0x0000000085300000|  0%| F|  |TAMS 0x0000000085200000, 0x0000000085200000| Untracked 
|  83|0x0000000085300000, 0x0000000085300000, 0x0000000085400000|  0%| F|  |TAMS 0x0000000085300000, 0x0000000085300000| Untracked 
|  84|0x0000000085400000, 0x0000000085400000, 0x0000000085500000|  0%| F|  |TAMS 0x0000000085400000, 0x0000000085400000| Untracked 
|  85|0x0000000085500000, 0x0000000085500000, 0x0000000085600000|  0%| F|  |TAMS 0x0000000085500000, 0x0000000085500000| Untracked 
|  86|0x0000000085600000, 0x0000000085600000, 0x0000000085700000|  0%| F|  |TAMS 0x0000000085600000, 0x0000000085600000| Untracked 
|  87|0x0000000085700000, 0x0000000085700000, 0x0000000085800000|  0%| F|  |TAMS 0x0000000085700000, 0x0000000085700000| Untracked 
|  88|0x0000000085800000, 0x0000000085800000, 0x0000000085900000|  0%| F|  |TAMS 0x0000000085800000, 0x0000000085800000| Untracked 
|  89|0x0000000085900000, 0x0000000085900000, 0x0000000085a00000|  0%| F|  |TAMS 0x0000000085900000, 0x0000000085900000| Untracked 
|  90|0x0000000085a00000, 0x0000000085a00000, 0x0000000085b00000|  0%| F|  |TAMS 0x0000000085a00000, 0x0000000085a00000| Untracked 
|  91|0x0000000085b00000, 0x0000000085b00000, 0x0000000085c00000|  0%| F|  |TAMS 0x0000000085b00000, 0x0000000085b00000| Untracked 
|  92|0x0000000085c00000, 0x0000000085c00000, 0x0000000085d00000|  0%| F|  |TAMS 0x0000000085c00000, 0x0000000085c00000| Untracked 
|  93|0x0000000085d00000, 0x0000000085d00000, 0x0000000085e00000|  0%| F|  |TAMS 0x0000000085d00000, 0x0000000085d00000| Untracked 
|  94|0x0000000085e00000, 0x0000000085e00000, 0x0000000085f00000|  0%| F|  |TAMS 0x0000000085e00000, 0x0000000085e00000| Untracked 
|  95|0x0000000085f00000, 0x0000000085f00000, 0x0000000086000000|  0%| F|  |TAMS 0x0000000085f00000, 0x0000000085f00000| Untracked 
|  96|0x0000000086000000, 0x0000000086000000, 0x0000000086100000|  0%| F|  |TAMS 0x0000000086000000, 0x0000000086000000| Untracked 
|  97|0x0000000086100000, 0x0000000086100000, 0x0000000086200000|  0%| F|  |TAMS 0x0000000086100000, 0x0000000086100000| Untracked 
|  98|0x0000000086200000, 0x0000000086200000, 0x0000000086300000|  0%| F|  |TAMS 0x0000000086200000, 0x0000000086200000| Untracked 
|  99|0x0000000086300000, 0x0000000086300000, 0x0000000086400000|  0%| F|  |TAMS 0x0000000086300000, 0x0000000086300000| Untracked 
| 100|0x0000000086400000, 0x0000000086400000, 0x0000000086500000|  0%| F|  |TAMS 0x0000000086400000, 0x0000000086400000| Untracked 
| 101|0x0000000086500000, 0x0000000086500000, 0x0000000086600000|  0%| F|  |TAMS 0x0000000086500000, 0x0000000086500000| Untracked 
| 102|0x0000000086600000, 0x0000000086600000, 0x0000000086700000|  0%| F|  |TAMS 0x0000000086600000, 0x0000000086600000| Untracked 
| 103|0x0000000086700000, 0x0000000086700000, 0x0000000086800000|  0%| F|  |TAMS 0x0000000086700000, 0x0000000086700000| Untracked 
| 104|0x0000000086800000, 0x0000000086800000, 0x0000000086900000|  0%| F|  |TAMS 0x0000000086800000, 0x0000000086800000| Untracked 
| 105|0x0000000086900000, 0x0000000086900000, 0x0000000086a00000|  0%| F|  |TAMS 0x0000000086900000, 0x0000000086900000| Untracked 
| 106|0x0000000086a00000, 0x0000000086a00000, 0x0000000086b00000|  0%| F|  |TAMS 0x0000000086a00000, 0x0000000086a00000| Untracked 
| 107|0x0000000086b00000, 0x0000000086b00000, 0x0000000086c00000|  0%| F|  |TAMS 0x0000000086b00000, 0x0000000086b00000| Untracked 
| 108|0x0000000086c00000, 0x0000000086c00000, 0x0000000086d00000|  0%| F|  |TAMS 0x0000000086c00000, 0x0000000086c00000| Untracked 
| 109|0x0000000086d00000, 0x0000000086d00000, 0x0000000086e00000|  0%| F|  |TAMS 0x0000000086d00000, 0x0000000086d00000| Untracked 
| 110|0x0000000086e00000, 0x0000000086e00000, 0x0000000086f00000|  0%| F|  |TAMS 0x0000000086e00000, 0x0000000086e00000| Untracked 
| 111|0x0000000086f00000, 0x0000000086f00000, 0x0000000087000000|  0%| F|  |TAMS 0x0000000086f00000, 0x0000000086f00000| Untracked 
| 112|0x0000000087000000, 0x0000000087000000, 0x0000000087100000|  0%| F|  |TAMS 0x0000000087000000, 0x0000000087000000| Untracked 
| 113|0x0000000087100000, 0x0000000087100000, 0x0000000087200000|  0%| F|  |TAMS 0x0000000087100000, 0x0000000087100000| Untracked 
| 114|0x0000000087200000, 0x0000000087200000, 0x0000000087300000|  0%| F|  |TAMS 0x0000000087200000, 0x0000000087200000| Untracked 
| 115|0x0000000087300000, 0x0000000087300000, 0x0000000087400000|  0%| F|  |TAMS 0x0000000087300000, 0x0000000087300000| Untracked 
| 116|0x0000000087400000, 0x0000000087400000, 0x0000000087500000|  0%| F|  |TAMS 0x0000000087400000, 0x0000000087400000| Untracked 
| 117|0x0000000087500000, 0x0000000087500000, 0x0000000087600000|  0%| F|  |TAMS 0x0000000087500000, 0x0000000087500000| Untracked 
| 118|0x0000000087600000, 0x0000000087600000, 0x0000000087700000|  0%| F|  |TAMS 0x0000000087600000, 0x0000000087600000| Untracked 
| 119|0x0000000087700000, 0x000000008774b948, 0x0000000087800000| 29%| O|  |TAMS 0x0000000087700000, 0x0000000087700000| Untracked 
| 120|0x0000000087800000, 0x0000000087800000, 0x0000000087900000|  0%| F|  |TAMS 0x0000000087800000, 0x0000000087800000| Untracked 
| 121|0x0000000087900000, 0x0000000087900000, 0x0000000087a00000|  0%| F|  |TAMS 0x0000000087900000, 0x0000000087900000| Untracked 
| 122|0x0000000087a00000, 0x0000000087a00000, 0x0000000087b00000|  0%| F|  |TAMS 0x0000000087a00000, 0x0000000087a00000| Untracked 
| 123|0x0000000087b00000, 0x0000000087b00000, 0x0000000087c00000|  0%| F|  |TAMS 0x0000000087b00000, 0x0000000087b00000| Untracked 
| 124|0x0000000087c00000, 0x0000000087c00000, 0x0000000087d00000|  0%| F|  |TAMS 0x0000000087c00000, 0x0000000087c00000| Untracked 
| 125|0x0000000087d00000, 0x0000000087d00000, 0x0000000087e00000|  0%| F|  |TAMS 0x0000000087d00000, 0x0000000087d00000| Untracked 
| 126|0x0000000087e00000, 0x0000000087e00000, 0x0000000087f00000|  0%| F|  |TAMS 0x0000000087e00000, 0x0000000087e00000| Untracked 
| 127|0x0000000087f00000, 0x0000000087f00000, 0x0000000088000000|  0%| F|  |TAMS 0x0000000087f00000, 0x0000000087f00000| Untracked 
| 128|0x0000000088000000, 0x0000000088000000, 0x0000000088100000|  0%| F|  |TAMS 0x0000000088000000, 0x0000000088000000| Untracked 
| 129|0x0000000088100000, 0x0000000088100000, 0x0000000088200000|  0%| F|  |TAMS 0x0000000088100000, 0x0000000088100000| Untracked 
| 130|0x0000000088200000, 0x0000000088200000, 0x0000000088300000|  0%| F|  |TAMS 0x0000000088200000, 0x0000000088200000| Untracked 
| 131|0x0000000088300000, 0x0000000088300000, 0x0000000088400000|  0%| F|  |TAMS 0x0000000088300000, 0x0000000088300000| Untracked 
| 132|0x0000000088400000, 0x0000000088400000, 0x0000000088500000|  0%| F|  |TAMS 0x0000000088400000, 0x0000000088400000| Untracked 
| 133|0x0000000088500000, 0x0000000088500000, 0x0000000088600000|  0%| F|  |TAMS 0x0000000088500000, 0x0000000088500000| Untracked 
| 134|0x0000000088600000, 0x0000000088600000, 0x0000000088700000|  0%| F|  |TAMS 0x0000000088600000, 0x0000000088600000| Untracked 
| 135|0x0000000088700000, 0x0000000088700000, 0x0000000088800000|  0%| F|  |TAMS 0x0000000088700000, 0x0000000088700000| Untracked 
| 136|0x0000000088800000, 0x0000000088800000, 0x0000000088900000|  0%| F|  |TAMS 0x0000000088800000, 0x0000000088800000| Untracked 
| 137|0x0000000088900000, 0x0000000088900000, 0x0000000088a00000|  0%| F|  |TAMS 0x0000000088900000, 0x0000000088900000| Untracked 
| 138|0x0000000088a00000, 0x0000000088a00000, 0x0000000088b00000|  0%| F|  |TAMS 0x0000000088a00000, 0x0000000088a00000| Untracked 
| 139|0x0000000088b00000, 0x0000000088b00000, 0x0000000088c00000|  0%| F|  |TAMS 0x0000000088b00000, 0x0000000088b00000| Untracked 
| 140|0x0000000088c00000, 0x0000000088c00000, 0x0000000088d00000|  0%| F|  |TAMS 0x0000000088c00000, 0x0000000088c00000| Untracked 
| 141|0x0000000088d00000, 0x0000000088d00000, 0x0000000088e00000|  0%| F|  |TAMS 0x0000000088d00000, 0x0000000088d00000| Untracked 
| 142|0x0000000088e00000, 0x0000000088e00000, 0x0000000088f00000|  0%| F|  |TAMS 0x0000000088e00000, 0x0000000088e00000| Untracked 
| 143|0x0000000088f00000, 0x0000000088f00000, 0x0000000089000000|  0%| F|  |TAMS 0x0000000088f00000, 0x0000000088f00000| Untracked 
| 144|0x0000000089000000, 0x0000000089000000, 0x0000000089100000|  0%| F|  |TAMS 0x0000000089000000, 0x0000000089000000| Untracked 
| 145|0x0000000089100000, 0x0000000089100000, 0x0000000089200000|  0%| F|  |TAMS 0x0000000089100000, 0x0000000089100000| Untracked 
| 146|0x0000000089200000, 0x0000000089200000, 0x0000000089300000|  0%| F|  |TAMS 0x0000000089200000, 0x0000000089200000| Untracked 
| 147|0x0000000089300000, 0x0000000089300000, 0x0000000089400000|  0%| F|  |TAMS 0x0000000089300000, 0x0000000089300000| Untracked 
| 148|0x0000000089400000, 0x0000000089480800, 0x0000000089500000| 50%| E|  |TAMS 0x0000000089400000, 0x0000000089400000| Complete 
| 149|0x0000000089500000, 0x0000000089600000, 0x0000000089600000|100%| E|CS|TAMS 0x0000000089500000, 0x0000000089500000| Complete 
| 150|0x0000000089600000, 0x0000000089700000, 0x0000000089700000|100%| E|CS|TAMS 0x0000000089600000, 0x0000000089600000| Complete 
| 151|0x0000000089700000, 0x0000000089800000, 0x0000000089800000|100%| E|CS|TAMS 0x0000000089700000, 0x0000000089700000| Complete 
| 152|0x0000000089800000, 0x0000000089900000, 0x0000000089900000|100%| E|CS|TAMS 0x0000000089800000, 0x0000000089800000| Complete 
| 153|0x0000000089900000, 0x0000000089a00000, 0x0000000089a00000|100%| E|CS|TAMS 0x0000000089900000, 0x0000000089900000| Complete 
| 154|0x0000000089a00000, 0x0000000089b00000, 0x0000000089b00000|100%| E|CS|TAMS 0x0000000089a00000, 0x0000000089a00000| Complete 
| 155|0x0000000089b00000, 0x0000000089c00000, 0x0000000089c00000|100%| E|CS|TAMS 0x0000000089b00000, 0x0000000089b00000| Complete 
| 156|0x0000000089c00000, 0x0000000089d00000, 0x0000000089d00000|100%| E|CS|TAMS 0x0000000089c00000, 0x0000000089c00000| Complete 
| 157|0x0000000089d00000, 0x0000000089e00000, 0x0000000089e00000|100%| E|CS|TAMS 0x0000000089d00000, 0x0000000089d00000| Complete 
| 158|0x0000000089e00000, 0x0000000089f00000, 0x0000000089f00000|100%| E|CS|TAMS 0x0000000089e00000, 0x0000000089e00000| Complete 
| 159|0x0000000089f00000, 0x000000008a000000, 0x000000008a000000|100%| E|CS|TAMS 0x0000000089f00000, 0x0000000089f00000| Complete 
| 160|0x000000008a000000, 0x000000008a100000, 0x000000008a100000|100%| E|CS|TAMS 0x000000008a000000, 0x000000008a000000| Complete 
| 161|0x000000008a100000, 0x000000008a200000, 0x000000008a200000|100%| E|CS|TAMS 0x000000008a100000, 0x000000008a100000| Complete 
| 162|0x000000008a200000, 0x000000008a300000, 0x000000008a300000|100%| E|CS|TAMS 0x000000008a200000, 0x000000008a200000| Complete 
| 163|0x000000008a300000, 0x000000008a400000, 0x000000008a400000|100%| E|CS|TAMS 0x000000008a300000, 0x000000008a300000| Complete 
| 164|0x000000008a400000, 0x000000008a500000, 0x000000008a500000|100%| E|CS|TAMS 0x000000008a400000, 0x000000008a400000| Complete 
| 165|0x000000008a500000, 0x000000008a600000, 0x000000008a600000|100%| E|CS|TAMS 0x000000008a500000, 0x000000008a500000| Complete 
| 166|0x000000008a600000, 0x000000008a700000, 0x000000008a700000|100%| E|CS|TAMS 0x000000008a600000, 0x000000008a600000| Complete 
| 167|0x000000008a700000, 0x000000008a800000, 0x000000008a800000|100%| E|CS|TAMS 0x000000008a700000, 0x000000008a700000| Complete 
| 168|0x000000008a800000, 0x000000008a900000, 0x000000008a900000|100%| E|CS|TAMS 0x000000008a800000, 0x000000008a800000| Complete 
| 169|0x000000008a900000, 0x000000008aa00000, 0x000000008aa00000|100%| E|CS|TAMS 0x000000008a900000, 0x000000008a900000| Complete 
| 170|0x000000008aa00000, 0x000000008ab00000, 0x000000008ab00000|100%| E|CS|TAMS 0x000000008aa00000, 0x000000008aa00000| Complete 
| 171|0x000000008ab00000, 0x000000008ac00000, 0x000000008ac00000|100%| E|CS|TAMS 0x000000008ab00000, 0x000000008ab00000| Complete 
| 172|0x000000008ac00000, 0x000000008ad00000, 0x000000008ad00000|100%| E|CS|TAMS 0x000000008ac00000, 0x000000008ac00000| Complete 
| 173|0x000000008ad00000, 0x000000008ae00000, 0x000000008ae00000|100%| E|CS|TAMS 0x000000008ad00000, 0x000000008ad00000| Complete 
| 174|0x000000008ae00000, 0x000000008af00000, 0x000000008af00000|100%| E|CS|TAMS 0x000000008ae00000, 0x000000008ae00000| Complete 
| 175|0x000000008af00000, 0x000000008b000000, 0x000000008b000000|100%| E|CS|TAMS 0x000000008af00000, 0x000000008af00000| Complete 
| 176|0x000000008b000000, 0x000000008b100000, 0x000000008b100000|100%| E|CS|TAMS 0x000000008b000000, 0x000000008b000000| Complete 
| 177|0x000000008b100000, 0x000000008b200000, 0x000000008b200000|100%| E|CS|TAMS 0x000000008b100000, 0x000000008b100000| Complete 
| 178|0x000000008b200000, 0x000000008b300000, 0x000000008b300000|100%| E|CS|TAMS 0x000000008b200000, 0x000000008b200000| Complete 
| 179|0x000000008b300000, 0x000000008b400000, 0x000000008b400000|100%| E|CS|TAMS 0x000000008b300000, 0x000000008b300000| Complete 
| 180|0x000000008b400000, 0x000000008b500000, 0x000000008b500000|100%| E|CS|TAMS 0x000000008b400000, 0x000000008b400000| Complete 
| 181|0x000000008b500000, 0x000000008b600000, 0x000000008b600000|100%| E|CS|TAMS 0x000000008b500000, 0x000000008b500000| Complete 
| 182|0x000000008b600000, 0x000000008b700000, 0x000000008b700000|100%| E|CS|TAMS 0x000000008b600000, 0x000000008b600000| Complete 
| 183|0x000000008b700000, 0x000000008b800000, 0x000000008b800000|100%| E|CS|TAMS 0x000000008b700000, 0x000000008b700000| Complete 
| 184|0x000000008b800000, 0x000000008b900000, 0x000000008b900000|100%| E|CS|TAMS 0x000000008b800000, 0x000000008b800000| Complete 
| 185|0x000000008b900000, 0x000000008ba00000, 0x000000008ba00000|100%| E|CS|TAMS 0x000000008b900000, 0x000000008b900000| Complete 
| 186|0x000000008ba00000, 0x000000008bb00000, 0x000000008bb00000|100%| E|CS|TAMS 0x000000008ba00000, 0x000000008ba00000| Complete 
| 187|0x000000008bb00000, 0x000000008bc00000, 0x000000008bc00000|100%| E|CS|TAMS 0x000000008bb00000, 0x000000008bb00000| Complete 
| 188|0x000000008bc00000, 0x000000008bd00000, 0x000000008bd00000|100%| E|CS|TAMS 0x000000008bc00000, 0x000000008bc00000| Complete 
| 189|0x000000008bd00000, 0x000000008be00000, 0x000000008be00000|100%| E|CS|TAMS 0x000000008bd00000, 0x000000008bd00000| Complete 
| 190|0x000000008be00000, 0x000000008bf00000, 0x000000008bf00000|100%| E|CS|TAMS 0x000000008be00000, 0x000000008be00000| Complete 
| 191|0x000000008bf00000, 0x000000008c000000, 0x000000008c000000|100%| E|CS|TAMS 0x000000008bf00000, 0x000000008bf00000| Complete 
| 192|0x000000008c000000, 0x000000008c100000, 0x000000008c100000|100%| E|CS|TAMS 0x000000008c000000, 0x000000008c000000| Complete 
| 193|0x000000008c100000, 0x000000008c200000, 0x000000008c200000|100%| E|CS|TAMS 0x000000008c100000, 0x000000008c100000| Complete 
| 194|0x000000008c200000, 0x000000008c300000, 0x000000008c300000|100%| E|CS|TAMS 0x000000008c200000, 0x000000008c200000| Complete 
| 195|0x000000008c300000, 0x000000008c400000, 0x000000008c400000|100%| E|CS|TAMS 0x000000008c300000, 0x000000008c300000| Complete 
| 196|0x000000008c400000, 0x000000008c500000, 0x000000008c500000|100%| E|CS|TAMS 0x000000008c400000, 0x000000008c400000| Complete 
| 197|0x000000008c500000, 0x000000008c600000, 0x000000008c600000|100%| E|CS|TAMS 0x000000008c500000, 0x000000008c500000| Complete 
| 198|0x000000008c600000, 0x000000008c700000, 0x000000008c700000|100%| E|CS|TAMS 0x000000008c600000, 0x000000008c600000| Complete 
| 199|0x000000008c700000, 0x000000008c800000, 0x000000008c800000|100%| E|CS|TAMS 0x000000008c700000, 0x000000008c700000| Complete 
| 200|0x000000008c800000, 0x000000008c900000, 0x000000008c900000|100%| E|CS|TAMS 0x000000008c800000, 0x000000008c800000| Complete 
| 201|0x000000008c900000, 0x000000008ca00000, 0x000000008ca00000|100%| S|CS|TAMS 0x000000008c900000, 0x000000008c900000| Complete 
| 202|0x000000008ca00000, 0x000000008cb00000, 0x000000008cb00000|100%| S|CS|TAMS 0x000000008ca00000, 0x000000008ca00000| Complete 
| 203|0x000000008cb00000, 0x000000008cc00000, 0x000000008cc00000|100%| E|CS|TAMS 0x000000008cb00000, 0x000000008cb00000| Complete 
| 204|0x000000008cc00000, 0x000000008cd00000, 0x000000008cd00000|100%| E|CS|TAMS 0x000000008cc00000, 0x000000008cc00000| Complete 
| 205|0x000000008cd00000, 0x000000008ce00000, 0x000000008ce00000|100%| E|CS|TAMS 0x000000008cd00000, 0x000000008cd00000| Complete 
| 206|0x000000008ce00000, 0x000000008cf00000, 0x000000008cf00000|100%| E|CS|TAMS 0x000000008ce00000, 0x000000008ce00000| Complete 
| 207|0x000000008cf00000, 0x000000008d000000, 0x000000008d000000|100%| E|CS|TAMS 0x000000008cf00000, 0x000000008cf00000| Complete 
| 208|0x000000008d000000, 0x000000008d100000, 0x000000008d100000|100%| E|CS|TAMS 0x000000008d000000, 0x000000008d000000| Complete 
| 209|0x000000008d100000, 0x000000008d200000, 0x000000008d200000|100%| E|CS|TAMS 0x000000008d100000, 0x000000008d100000| Complete 

Card table byte_map: [0x000001de62c60000,0x000001de63060000] _byte_map_base: 0x000001de62860000

Marking Bits (Prev, Next): (CMBitMap*) 0x000001de4a239f90, (CMBitMap*) 0x000001de4a239f50
 Prev Bits: [0x000001de65460000, 0x000001de67460000)
 Next Bits: [0x000001de63460000, 0x000001de65460000)

Polling page: 0x000001de4a270000

Metaspace:

Usage:
  Non-class:    102.11 MB used.
      Class:     14.66 MB used.
       Both:    116.78 MB used.

Virtual space:
  Non-class space:      128.00 MB reserved,     102.56 MB ( 80%) committed,  2 nodes.
      Class space:        1.00 GB reserved,      15.12 MB (  1%) committed,  1 nodes.
             Both:        1.12 GB reserved,     117.69 MB ( 10%) committed. 

Chunk freelists:
   Non-Class:  9.02 MB
       Class:  901.00 KB
        Both:  9.90 MB

MaxMetaspaceSize: unlimited
CompressedClassSpaceSize: 1.00 GB
Initial GC threshold: 21.00 MB
Current GC threshold: 192.62 MB
CDS: on
MetaspaceReclaimPolicy: balanced
 - commit_granule_bytes: 65536.
 - commit_granule_words: 8192.
 - virtual_space_node_default_size: 8388608.
 - enlarge_chunks_in_place: 1.
 - new_chunks_are_fully_committed: 0.
 - uncommit_free_chunks: 1.
 - use_allocation_guard: 0.
 - handle_deallocations: 1.


Internal statistics:

num_allocs_failed_limit: 6.
num_arena_births: 1572.
num_arena_deaths: 42.
num_vsnodes_births: 3.
num_vsnodes_deaths: 0.
num_space_committed: 1883.
num_space_uncommitted: 0.
num_chunks_returned_to_freelist: 65.
num_chunks_taken_from_freelist: 6477.
num_chunk_merges: 8.
num_chunk_splits: 4443.
num_chunks_enlarged: 3190.
num_inconsistent_stats: 0.

CodeHeap 'non-profiled nmethods': size=120000Kb used=12685Kb max_used=12685Kb free=107314Kb
 bounds [0x000001de5ad10000, 0x000001de5b980000, 0x000001de62240000]
CodeHeap 'profiled nmethods': size=120000Kb used=26728Kb max_used=27175Kb free=93271Kb
 bounds [0x000001de53240000, 0x000001de54cd0000, 0x000001de5a770000]
CodeHeap 'non-nmethods': size=5760Kb used=1497Kb max_used=1551Kb free=4262Kb
 bounds [0x000001de5a770000, 0x000001de5a9e0000, 0x000001de5ad10000]
 total_blobs=16505 nmethods=15641 adapters=774
 compilation: enabled
              stopped_count=0, restarted_count=0
 full_count=0

Compilation events (20 events):
Event: 846.788 Thread 0x000001de69aaab10 nmethod 19781 0x000001de545bd410 code [0x000001de545bd5c0, 0x000001de545bd768]
Event: 846.791 Thread 0x000001de69aaab10 19782       3       com.fasterxml.jackson.databind.introspect.AnnotatedClassResolver::_addSuperTypes (103 bytes)
Event: 846.792 Thread 0x000001de69aaab10 nmethod 19782 0x000001de533eb290 code [0x000001de533eb4e0, 0x000001de533ebe38]
Event: 846.808 Thread 0x000001de69aaab10 19783       3       com.fasterxml.jackson.databind.deser.impl.FieldProperty::<init> (36 bytes)
Event: 846.809 Thread 0x000001de69aa6130 19784       4       com.fasterxml.jackson.databind.type.TypeFactory::_fromClass (328 bytes)
Event: 846.819 Thread 0x000001de69aaab10 nmethod 19783 0x000001de53d63f90 code [0x000001de53d64140, 0x000001de53d64448]
Event: 846.819 Thread 0x000001de69aaab10 19787       3       com.fasterxml.jackson.databind.cfg.MapperConfigBase::getDefaultVisibilityChecker (125 bytes)
Event: 846.827 Thread 0x000001de69aaab10 nmethod 19787 0x000001de5496d510 code [0x000001de5496d7e0, 0x000001de5496e608]
Event: 846.827 Thread 0x000001de69aaab10 19790   !   3       com.fasterxml.jackson.databind.deser.BasicDeserializerFactory::findTypeDeserializer (152 bytes)
Event: 846.853 Thread 0x000001de69aaab10 nmethod 19790 0x000001de54045390 code [0x000001de540456c0, 0x000001de54046c28]
Event: 846.853 Thread 0x000001de69aaab10 19791       3       com.fasterxml.jackson.databind.introspect.POJOPropertiesCollector::_removeDisabledCreators (44 bytes)
Event: 846.854 Thread 0x000001de69aaab10 nmethod 19791 0x000001de53d3f910 code [0x000001de53d3fb00, 0x000001de53d401b8]
Event: 846.854 Thread 0x000001de69aaab10 19792       3       com.fasterxml.jackson.databind.introspect.POJOPropertiesCollector::_addExplicitlyAnnotatedCreators (158 bytes)
Event: 846.858 Thread 0x000001de69aaab10 nmethod 19792 0x000001de5463c890 code [0x000001de5463cb20, 0x000001de5463d9d8]
Event: 846.858 Thread 0x000001de69aaab10 19788       3       com.fasterxml.jackson.databind.cfg.MapperConfig::getAccessorNaming (8 bytes)
Event: 846.860 Thread 0x000001de69aaab10 nmethod 19788 0x000001de53d50090 code [0x000001de53d50220, 0x000001de53d50358]
Event: 846.860 Thread 0x000001de69aaab10 19789       3       com.fasterxml.jackson.databind.introspect.DefaultAccessorNamingStrategy::<init> (60 bytes)
Event: 846.862 Thread 0x000001de69aaab10 nmethod 19789 0x000001de53e63190 code [0x000001de53e63380, 0x000001de53e63a18]
Event: 846.878 Thread 0x000001de69aaab10 19794       3       com.fasterxml.jackson.databind.PropertyMetadata::withMergeInfo (33 bytes)
Event: 846.880 Thread 0x000001de69aaab10 nmethod 19794 0x000001de533eae10 code [0x000001de533eafc0, 0x000001de533eb1a8]

GC Heap History (20 events):
Event: 271.853 GC heap before
{Heap before GC invocations=46 (full 2):
 garbage-first heap   total 188416K, used 147721K [0x0000000080000000, 0x0000000100000000)
  region size 1024K, 78 young (79872K), 4 survivors (4096K)
 Metaspace       used 113738K, committed 114688K, reserved 1179648K
  class space    used 14695K, committed 15168K, reserved 1048576K
}
Event: 272.076 GC heap after
{Heap after GC invocations=47 (full 2):
 garbage-first heap   total 188416K, used 74976K [0x0000000080000000, 0x0000000100000000)
  region size 1024K, 6 young (6144K), 6 survivors (6144K)
 Metaspace       used 113738K, committed 114688K, reserved 1179648K
  class space    used 14695K, committed 15168K, reserved 1048576K
}
Event: 481.224 GC heap before
{Heap before GC invocations=47 (full 2):
 garbage-first heap   total 188416K, used 141536K [0x0000000080000000, 0x0000000100000000)
  region size 1024K, 72 young (73728K), 6 survivors (6144K)
 Metaspace       used 114425K, committed 115328K, reserved 1179648K
  class space    used 14708K, committed 15168K, reserved 1048576K
}
Event: 481.343 GC heap after
{Heap after GC invocations=48 (full 2):
 garbage-first heap   total 188416K, used 75512K [0x0000000080000000, 0x0000000100000000)
  region size 1024K, 3 young (3072K), 3 survivors (3072K)
 Metaspace       used 114425K, committed 115328K, reserved 1179648K
  class space    used 14708K, committed 15168K, reserved 1048576K
}
Event: 542.589 GC heap before
{Heap before GC invocations=48 (full 2):
 garbage-first heap   total 188416K, used 93944K [0x0000000080000000, 0x0000000100000000)
  region size 1024K, 22 young (22528K), 3 survivors (3072K)
 Metaspace       used 114500K, committed 115456K, reserved 1179648K
  class space    used 14714K, committed 15168K, reserved 1048576K
}
Event: 546.944 GC heap after
{Heap after GC invocations=49 (full 3):
 garbage-first heap   total 188416K, used 64533K [0x0000000080000000, 0x0000000100000000)
  region size 1024K, 0 young (0K), 0 survivors (0K)
 Metaspace       used 114481K, committed 115456K, reserved 1179648K
  class space    used 14711K, committed 15168K, reserved 1048576K
}
Event: 550.327 GC heap before
{Heap before GC invocations=49 (full 3):
 garbage-first heap   total 188416K, used 152597K [0x0000000080000000, 0x0000000100000000)
  region size 1024K, 87 young (89088K), 0 survivors (0K)
 Metaspace       used 115316K, committed 116224K, reserved 1179648K
  class space    used 14773K, committed 15232K, reserved 1048576K
}
Event: 550.383 GC heap after
{Heap after GC invocations=50 (full 3):
 garbage-first heap   total 188416K, used 73284K [0x0000000080000000, 0x0000000100000000)
  region size 1024K, 9 young (9216K), 9 survivors (9216K)
 Metaspace       used 115316K, committed 116224K, reserved 1179648K
  class space    used 14773K, committed 15232K, reserved 1048576K
}
Event: 552.668 GC heap before
{Heap before GC invocations=50 (full 3):
 garbage-first heap   total 188416K, used 152132K [0x0000000080000000, 0x0000000100000000)
  region size 1024K, 85 young (87040K), 9 survivors (9216K)
 Metaspace       used 116104K, committed 117056K, reserved 1179648K
  class space    used 14821K, committed 15296K, reserved 1048576K
}
Event: 552.684 GC heap after
{Heap after GC invocations=51 (full 3):
 garbage-first heap   total 226304K, used 73821K [0x0000000080000000, 0x0000000100000000)
  region size 1024K, 4 young (4096K), 4 survivors (4096K)
 Metaspace       used 116104K, committed 117056K, reserved 1179648K
  class space    used 14821K, committed 15296K, reserved 1048576K
}
Event: 553.830 GC heap before
{Heap before GC invocations=51 (full 3):
 garbage-first heap   total 226304K, used 180317K [0x0000000080000000, 0x0000000100000000)
  region size 1024K, 108 young (110592K), 4 survivors (4096K)
 Metaspace       used 117086K, committed 118016K, reserved 1179648K
  class space    used 14871K, committed 15360K, reserved 1048576K
}
Event: 553.843 GC heap after
{Heap after GC invocations=52 (full 3):
 garbage-first heap   total 226304K, used 81194K [0x0000000080000000, 0x0000000100000000)
  region size 1024K, 12 young (12288K), 12 survivors (12288K)
 Metaspace       used 117086K, committed 118016K, reserved 1179648K
  class space    used 14871K, committed 15360K, reserved 1048576K
}
Event: 769.147 GC heap before
{Heap before GC invocations=52 (full 3):
 garbage-first heap   total 226304K, used 132394K [0x0000000080000000, 0x0000000100000000)
  region size 1024K, 63 young (64512K), 12 survivors (12288K)
 Metaspace       used 117370K, committed 118336K, reserved 1179648K
  class space    used 14884K, committed 15360K, reserved 1048576K
}
Event: 774.468 GC heap after
{Heap after GC invocations=53 (full 4):
 garbage-first heap   total 215040K, used 62143K [0x0000000080000000, 0x0000000100000000)
  region size 1024K, 0 young (0K), 0 survivors (0K)
 Metaspace       used 117354K, committed 118336K, reserved 1179648K
  class space    used 14881K, committed 15360K, reserved 1048576K
}
Event: 798.878 GC heap before
{Heap before GC invocations=53 (full 4):
 garbage-first heap   total 215040K, used 169663K [0x0000000080000000, 0x0000000100000000)
  region size 1024K, 105 young (107520K), 0 survivors (0K)
 Metaspace       used 118221K, committed 119232K, reserved 1179648K
  class space    used 14938K, committed 15424K, reserved 1048576K
}
Event: 798.955 GC heap after
{Heap after GC invocations=54 (full 4):
 garbage-first heap   total 215040K, used 69772K [0x0000000080000000, 0x0000000100000000)
  region size 1024K, 8 young (8192K), 8 survivors (8192K)
 Metaspace       used 118221K, committed 119232K, reserved 1179648K
  class space    used 14938K, committed 15424K, reserved 1048576K
}
Event: 837.216 GC heap before
{Heap before GC invocations=54 (full 4):
 garbage-first heap   total 215040K, used 171148K [0x0000000080000000, 0x0000000100000000)
  region size 1024K, 107 young (109568K), 8 survivors (8192K)
 Metaspace       used 119236K, committed 120192K, reserved 1179648K
  class space    used 14999K, committed 15488K, reserved 1048576K
}
Event: 837.754 GC heap after
{Heap after GC invocations=55 (full 4):
 garbage-first heap   total 215040K, used 75174K [0x0000000080000000, 0x0000000100000000)
  region size 1024K, 13 young (13312K), 13 survivors (13312K)
 Metaspace       used 119236K, committed 120192K, reserved 1179648K
  class space    used 14999K, committed 15488K, reserved 1048576K
}
Event: 838.647 GC heap before
{Heap before GC invocations=55 (full 4):
 garbage-first heap   total 215040K, used 82342K [0x0000000080000000, 0x0000000100000000)
  region size 1024K, 20 young (20480K), 13 survivors (13312K)
 Metaspace       used 119300K, committed 120256K, reserved 1179648K
  class space    used 15002K, committed 15488K, reserved 1048576K
}
Event: 838.861 GC heap after
{Heap after GC invocations=56 (full 4):
 garbage-first heap   total 215040K, used 76799K [0x0000000080000000, 0x0000000100000000)
  region size 1024K, 2 young (2048K), 2 survivors (2048K)
 Metaspace       used 119300K, committed 120256K, reserved 1179648K
  class space    used 15002K, committed 15488K, reserved 1048576K
}

Deoptimization events (20 events):
Event: 802.647 Thread 0x000001de71b99680 Uncommon trap: trap_request=0xffffffbe fr.pc=0x000001de5b825544 relative=0x0000000000001f44
Event: 802.647 Thread 0x000001de71b99680 Uncommon trap: reason=profile_predicate action=maybe_recompile pc=0x000001de5b825544 method=net.bytebuddy.implementation.bytecode.StackManipulation$Compound.<init>(Ljava/util/List;)V @ 28 c2
Event: 802.647 Thread 0x000001de71b99680 DEOPT PACKING pc=0x000001de5b825544 sp=0x000000bde51fc890
Event: 802.647 Thread 0x000001de71b99680 DEOPT UNPACKING pc=0x000001de5a7c23a3 sp=0x000000bde51fc890 mode 2
Event: 802.647 Thread 0x000001de71b99680 Uncommon trap: trap_request=0xffffffbe fr.pc=0x000001de5b825544 relative=0x0000000000001f44
Event: 802.647 Thread 0x000001de71b99680 Uncommon trap: reason=profile_predicate action=maybe_recompile pc=0x000001de5b825544 method=net.bytebuddy.implementation.bytecode.StackManipulation$Compound.<init>(Ljava/util/List;)V @ 28 c2
Event: 802.647 Thread 0x000001de71b99680 DEOPT PACKING pc=0x000001de5b825544 sp=0x000000bde51fc880
Event: 802.647 Thread 0x000001de71b99680 DEOPT UNPACKING pc=0x000001de5a7c23a3 sp=0x000000bde51fc880 mode 2
Event: 802.647 Thread 0x000001de71b99680 Uncommon trap: trap_request=0xffffffbe fr.pc=0x000001de5b825544 relative=0x0000000000001f44
Event: 802.647 Thread 0x000001de71b99680 Uncommon trap: reason=profile_predicate action=maybe_recompile pc=0x000001de5b825544 method=net.bytebuddy.implementation.bytecode.StackManipulation$Compound.<init>(Ljava/util/List;)V @ 28 c2
Event: 802.647 Thread 0x000001de71b99680 DEOPT PACKING pc=0x000001de5b825544 sp=0x000000bde51fc930
Event: 802.649 Thread 0x000001de71b99680 DEOPT UNPACKING pc=0x000001de5a7c23a3 sp=0x000000bde51fc930 mode 2
Event: 802.649 Thread 0x000001de71b99680 Uncommon trap: trap_request=0xffffffbe fr.pc=0x000001de5b825544 relative=0x0000000000001f44
Event: 802.649 Thread 0x000001de71b99680 Uncommon trap: reason=profile_predicate action=maybe_recompile pc=0x000001de5b825544 method=net.bytebuddy.implementation.bytecode.StackManipulation$Compound.<init>(Ljava/util/List;)V @ 28 c2
Event: 802.649 Thread 0x000001de71b99680 DEOPT PACKING pc=0x000001de5b825544 sp=0x000000bde51fca00
Event: 802.649 Thread 0x000001de71b99680 DEOPT UNPACKING pc=0x000001de5a7c23a3 sp=0x000000bde51fca00 mode 2
Event: 837.815 Thread 0x000001de71b99680 Uncommon trap: trap_request=0xffffff6e fr.pc=0x000001de5b8f40fc relative=0x00000000000001dc
Event: 837.819 Thread 0x000001de71b99680 Uncommon trap: reason=loop_limit_check action=maybe_recompile pc=0x000001de5b8f40fc method=java.util.regex.Pattern$StartS.match(Ljava/util/regex/Matcher;ILjava/lang/CharSequence;)Z @ 34 c2
Event: 837.820 Thread 0x000001de71b99680 DEOPT PACKING pc=0x000001de5b8f40fc sp=0x000000bde51fbf60
Event: 837.823 Thread 0x000001de71b99680 DEOPT UNPACKING pc=0x000001de5a7c23a3 sp=0x000000bde51fbef0 mode 2

Classes unloaded (20 events):
Event: 47.053 Thread 0x000001de69a8b580 Unloading class 0x000001de01b69400 'jdk/internal/reflect/GeneratedSerializationConstructorAccessor5'
Event: 47.054 Thread 0x000001de69a8b580 Unloading class 0x000001de01b68000 'jdk/internal/reflect/GeneratedSerializationConstructorAccessor4'
Event: 47.054 Thread 0x000001de69a8b580 Unloading class 0x000001de01b5cc00 'jdk/internal/reflect/GeneratedSerializationConstructorAccessor3'
Event: 55.666 Thread 0x000001de69a8b580 Unloading class 0x000001de01d24800 'jdk/internal/reflect/GeneratedSerializationConstructorAccessor11'
Event: 55.666 Thread 0x000001de69a8b580 Unloading class 0x000001de01d24400 'jdk/internal/reflect/GeneratedSerializationConstructorAccessor10'
Event: 55.666 Thread 0x000001de69a8b580 Unloading class 0x000001de01d24000 'jdk/internal/reflect/GeneratedSerializationConstructorAccessor9'
Event: 55.666 Thread 0x000001de69a8b580 Unloading class 0x000001de01d1a000 'jdk/internal/reflect/GeneratedSerializationConstructorAccessor8'
Event: 55.666 Thread 0x000001de69a8b580 Unloading class 0x000001de01d00000 'org/apache/catalina/loader/JdbcLeakPrevention'
Event: 543.273 Thread 0x000001de69a8b580 Unloading class 0x000001de01ead800 'java/lang/invoke/LambdaForm$MH+0x000001de01ead800'
Event: 543.274 Thread 0x000001de69a8b580 Unloading class 0x000001de01eac400 'java/lang/invoke/LambdaForm$DMH+0x000001de01eac400'
Event: 543.275 Thread 0x000001de69a8b580 Unloading class 0x000001de01d54c00 'jdk/internal/reflect/GeneratedSerializationConstructorAccessor17'
Event: 543.275 Thread 0x000001de69a8b580 Unloading class 0x000001de01d54800 'jdk/internal/reflect/GeneratedSerializationConstructorAccessor16'
Event: 543.275 Thread 0x000001de69a8b580 Unloading class 0x000001de01d4e800 'jdk/internal/reflect/GeneratedSerializationConstructorAccessor15'
Event: 543.276 Thread 0x000001de69a8b580 Unloading class 0x000001de01d4c000 'jdk/internal/reflect/GeneratedSerializationConstructorAccessor14'
Event: 543.277 Thread 0x000001de69a8b580 Unloading class 0x000001de01d30c00 'org/apache/catalina/loader/JdbcLeakPrevention'
Event: 770.117 Thread 0x000001de69a8b580 Unloading class 0x000001de01ef5000 'jdk/internal/reflect/GeneratedSerializationConstructorAccessor24'
Event: 770.119 Thread 0x000001de69a8b580 Unloading class 0x000001de01ef4400 'jdk/internal/reflect/GeneratedSerializationConstructorAccessor23'
Event: 770.120 Thread 0x000001de69a8b580 Unloading class 0x000001de01eebc00 'jdk/internal/reflect/GeneratedSerializationConstructorAccessor22'
Event: 770.122 Thread 0x000001de69a8b580 Unloading class 0x000001de01eea400 'jdk/internal/reflect/GeneratedSerializationConstructorAccessor21'
Event: 770.124 Thread 0x000001de69a8b580 Unloading class 0x000001de01ec8000 'org/apache/catalina/loader/JdbcLeakPrevention'

Classes redefined (0 events):
No events

Internal exceptions (20 events):
Event: 795.650 Thread 0x000001de71b99680 Exception <a 'java/lang/NoClassDefFoundError'{0x00000000889e57d8}: org/quartz/Scheduler> (0x00000000889e57d8) 
thrown [s\open\src\hotspot\share\oops\constantPool.cpp, line 837]
Event: 795.650 Thread 0x000001de71b99680 Exception <a 'java/lang/NoClassDefFoundError'{0x00000000889e5e48}: org/springframework/session/jdbc/JdbcIndexedSessionRepository> (0x00000000889e5e48) 
thrown [s\open\src\hotspot\share\oops\constantPool.cpp, line 837]
Event: 795.906 Thread 0x000001de71b99680 Exception <a 'java/lang/ArrayIndexOutOfBoundsException'{0x00000000887727d0}: Index 5 out of bounds for length 5> (0x00000000887727d0) 
thrown [s\open\src\hotspot\share\interpreter\interpreterRuntime.cpp, line 428]
Event: 795.907 Thread 0x000001de71b99680 Exception <a 'java/lang/ArrayIndexOutOfBoundsException'{0x0000000088772d98}: Index 5 out of bounds for length 5> (0x0000000088772d98) 
thrown [s\open\src\hotspot\share\interpreter\interpreterRuntime.cpp, line 428]
Event: 796.292 Thread 0x000001de71b99680 Implicit null exception at 0x000001de5b792dda to 0x000001de5b798628
Event: 797.359 Thread 0x000001de71b99680 Exception <a 'sun/nio/fs/WindowsException'{0x000000008769c0e8}> (0x000000008769c0e8) 
thrown [s\open\src\hotspot\share\prims\jni.cpp, line 516]
Event: 797.368 Thread 0x000001de71b99680 Exception <a 'sun/nio/fs/WindowsException'{0x000000008769c800}> (0x000000008769c800) 
thrown [s\open\src\hotspot\share\prims\jni.cpp, line 516]
Event: 797.374 Thread 0x000001de71b99680 Exception <a 'sun/nio/fs/WindowsException'{0x000000008769cef8}> (0x000000008769cef8) 
thrown [s\open\src\hotspot\share\prims\jni.cpp, line 516]
Event: 797.625 Thread 0x000001de71b99680 Exception <a 'java/io/FileNotFoundException'{0x00000000875084c8}> (0x00000000875084c8) 
thrown [s\open\src\hotspot\share\prims\jni.cpp, line 516]
Event: 798.165 Thread 0x000001de71b99680 Exception <a 'java/io/FileNotFoundException'{0x000000008717f458}> (0x000000008717f458) 
thrown [s\open\src\hotspot\share\prims\jni.cpp, line 516]
Event: 798.640 Thread 0x000001de71b99680 Exception <a 'sun/nio/fs/WindowsException'{0x00000000869481c0}> (0x00000000869481c0) 
thrown [s\open\src\hotspot\share\prims\jni.cpp, line 516]
Event: 801.006 Thread 0x000001de71b99680 Implicit null exception at 0x000001de5b6bcc93 to 0x000001de5b6bd138
Event: 801.023 Thread 0x000001de71b99680 Implicit null exception at 0x000001de5b7d6d5b to 0x000001de5b7d71bc
Event: 802.025 Thread 0x000001de71b99680 Implicit null exception at 0x000001de5b7d81ac to 0x000001de5b7d8610
Event: 802.086 Thread 0x000001de71b99680 Implicit null exception at 0x000001de5b805571 to 0x000001de5b8059a0
Event: 814.404 Thread 0x000001de71b99680 Exception <a 'java/net/BindException'{0x0000000089e15948}: Address already in use: bind> (0x0000000089e15948) 
thrown [s\open\src\hotspot\share\prims\jni.cpp, line 535]
Event: 814.416 Thread 0x000001de71b99680 Exception <a 'java/net/SocketException'{0x0000000089e161d0}: Socket is not connected: shutdown> (0x0000000089e161d0) 
thrown [s\open\src\hotspot\share\prims\jni.cpp, line 535]
Event: 835.787 Thread 0x000001de71b99680 Exception <a 'java/io/FileNotFoundException'{0x0000000087525478}> (0x0000000087525478) 
thrown [s\open\src\hotspot\share\prims\jni.cpp, line 516]
Event: 835.795 Thread 0x000001de71b99680 Exception <a 'java/io/FileNotFoundException'{0x0000000087531208}> (0x0000000087531208) 
thrown [s\open\src\hotspot\share\prims\jni.cpp, line 516]
Event: 841.070 Thread 0x000001de71b99680 Exception <a 'sun/nio/fs/WindowsException'{0x000000008b7c0c98}> (0x000000008b7c0c98) 
thrown [s\open\src\hotspot\share\prims\jni.cpp, line 516]

VM Operations (20 events):
Event: 837.207 Executing VM operation: G1CollectForAllocation
Event: 837.754 Executing VM operation: G1CollectForAllocation done
Event: 838.647 Executing VM operation: G1CollectForAllocation
Event: 838.904 Executing VM operation: G1CollectForAllocation done
Event: 839.918 Executing VM operation: Cleanup
Event: 839.935 Executing VM operation: Cleanup done
Event: 840.948 Executing VM operation: Cleanup
Event: 840.965 Executing VM operation: Cleanup done
Event: 841.976 Executing VM operation: Cleanup
Event: 842.054 Executing VM operation: Cleanup done
Event: 842.206 Executing VM operation: HandshakeAllThreads
Event: 842.220 Executing VM operation: HandshakeAllThreads done
Event: 843.222 Executing VM operation: Cleanup
Event: 843.224 Executing VM operation: Cleanup done
Event: 844.227 Executing VM operation: Cleanup
Event: 844.256 Executing VM operation: Cleanup done
Event: 845.257 Executing VM operation: Cleanup
Event: 845.407 Executing VM operation: Cleanup done
Event: 846.408 Executing VM operation: Cleanup
Event: 846.409 Executing VM operation: Cleanup done

Events (20 events):
Event: 828.882 Thread 0x000001de6e03c040 flushing nmethod 0x000001de53969390
Event: 828.912 Thread 0x000001de6e03c040 flushing nmethod 0x000001de539a6110
Event: 828.912 Thread 0x000001de6e03c040 flushing nmethod 0x000001de539a7310
Event: 828.913 Thread 0x000001de6e03c040 flushing nmethod 0x000001de539a9310
Event: 828.931 Thread 0x000001de6e03c040 flushing nmethod 0x000001de539d6110
Event: 828.933 Thread 0x000001de6e03c040 flushing nmethod 0x000001de539d7610
Event: 828.963 Thread 0x000001de6e03c040 flushing nmethod 0x000001de539ead10
Event: 828.967 Thread 0x000001de6e03c040 flushing nmethod 0x000001de539f0210
Event: 828.977 Thread 0x000001de6e03c040 flushing nmethod 0x000001de539f3f90
Event: 829.043 Thread 0x000001de6e03c040 flushing nmethod 0x000001de53a28890
Event: 829.060 Thread 0x000001de6e03c040 flushing nmethod 0x000001de53a38c10
Event: 829.333 Thread 0x000001de6e03c040 flushing nmethod 0x000001de53b49f10
Event: 829.707 Thread 0x000001de6e03c040 flushing nmethod 0x000001de53c64210
Event: 830.949 Thread 0x000001de6e03c040 flushing nmethod 0x000001de54204710
Event: 831.062 Thread 0x000001de6e03c040 flushing nmethod 0x000001de542cb710
Event: 831.740 Thread 0x000001de6e03c040 flushing nmethod 0x000001de54930510
Event: 831.920 Thread 0x000001de6e03c040 flushing nmethod 0x000001de54b60490
Event: 832.067 Thread 0x000001de6e03c040 flushing nmethod 0x000001de54c89390
Event: 843.486 Thread 0x000001de71b9aac0 Thread added: 0x000001de71b9aac0
Event: 845.234 Thread 0x000001de71b9b9f0 Thread added: 0x000001de71b9b9f0


Dynamic libraries:
0x00007ff67bed0000 - 0x00007ff67bee0000 	C:\Program Files\Java\jdk-17\bin\java.exe
0x00007ff8eb710000 - 0x00007ff8eb927000 	C:\Windows\SYSTEM32\ntdll.dll
0x00007ff8eaa80000 - 0x00007ff8eab44000 	C:\Windows\System32\KERNEL32.DLL
0x00007ff8e8970000 - 0x00007ff8e8d40000 	C:\Windows\System32\KERNELBASE.dll
0x00007ff8e8f50000 - 0x00007ff8e9061000 	C:\Windows\System32\ucrtbase.dll
0x00007ff8e1b90000 - 0x00007ff8e1ba9000 	C:\Program Files\Java\jdk-17\bin\jli.dll
0x00007ff8ddef0000 - 0x00007ff8ddf0b000 	C:\Program Files\Java\jdk-17\bin\VCRUNTIME140.dll
0x00007ff8eb610000 - 0x00007ff8eb6c1000 	C:\Windows\System32\ADVAPI32.dll
0x00007ff8ea2e0000 - 0x00007ff8ea387000 	C:\Windows\System32\msvcrt.dll
0x00007ff8ea230000 - 0x00007ff8ea2d8000 	C:\Windows\System32\sechost.dll
0x00007ff8e8de0000 - 0x00007ff8e8e08000 	C:\Windows\System32\bcrypt.dll
0x00007ff8ea960000 - 0x00007ff8eaa78000 	C:\Windows\System32\RPCRT4.dll
0x00007ff8eb440000 - 0x00007ff8eb5f1000 	C:\Windows\System32\USER32.dll
0x00007ff8c36d0000 - 0x00007ff8c396c000 	C:\Windows\WinSxS\amd64_microsoft.windows.common-controls_6595b64144ccf1df_6.0.22621.5840_none_2710ea077384a4fe\COMCTL32.dll
0x00007ff8e8810000 - 0x00007ff8e8836000 	C:\Windows\System32\win32u.dll
0x00007ff8ea590000 - 0x00007ff8ea5b9000 	C:\Windows\System32\GDI32.dll
0x00007ff8e8840000 - 0x00007ff8e8963000 	C:\Windows\System32\gdi32full.dll
0x00007ff8e8d40000 - 0x00007ff8e8dda000 	C:\Windows\System32\msvcp_win.dll
0x00007ff8e72a0000 - 0x00007ff8e72aa000 	C:\Windows\SYSTEM32\VERSION.dll
0x00007ff8eb0a0000 - 0x00007ff8eb0d1000 	C:\Windows\System32\IMM32.DLL
0x00007ff8e8680000 - 0x00007ff8e86b9000 	C:\Windows\system32\vmwsci.dll
0x00007ff8e9530000 - 0x00007ff8e9538000 	C:\Windows\System32\PSAPI.DLL
0x00007ff8e1b80000 - 0x00007ff8e1b8c000 	C:\Program Files\Java\jdk-17\bin\vcruntime140_1.dll
0x00007ff8cbad0000 - 0x00007ff8cbb5e000 	C:\Program Files\Java\jdk-17\bin\msvcp140.dll
0x00007ff87eb80000 - 0x00007ff87f760000 	C:\Program Files\Java\jdk-17\bin\server\jvm.dll
0x00007ff8d8cc0000 - 0x00007ff8d8cf4000 	C:\Windows\SYSTEM32\WINMM.dll
0x00007ff8d90d0000 - 0x00007ff8d90d9000 	C:\Windows\SYSTEM32\WSOCK32.dll
0x00007ff8eaba0000 - 0x00007ff8eac11000 	C:\Windows\System32\WS2_32.dll
0x00007ff8e76c0000 - 0x00007ff8e76d8000 	C:\Windows\SYSTEM32\kernel.appcore.dll
0x00007ff8de1b0000 - 0x00007ff8de1ba000 	C:\Program Files\Java\jdk-17\bin\jimage.dll
0x00007ff8e5bc0000 - 0x00007ff8e5df3000 	C:\Windows\SYSTEM32\DBGHELP.DLL
0x00007ff8ea5c0000 - 0x00007ff8ea951000 	C:\Windows\System32\combase.dll
0x00007ff8e9540000 - 0x00007ff8e9618000 	C:\Windows\System32\OLEAUT32.dll
0x00007ff8d6940000 - 0x00007ff8d6972000 	C:\Windows\SYSTEM32\dbgcore.DLL
0x00007ff8e9070000 - 0x00007ff8e90eb000 	C:\Windows\System32\bcryptPrimitives.dll
0x00007ff8de0c0000 - 0x00007ff8de0ce000 	C:\Program Files\Java\jdk-17\bin\instrument.dll
0x00007ff8cc510000 - 0x00007ff8cc535000 	C:\Program Files\Java\jdk-17\bin\java.dll
0x00007ff8af670000 - 0x00007ff8af747000 	C:\Program Files\Java\jdk-17\bin\jsvml.dll
0x00007ff8e9620000 - 0x00007ff8e9ec1000 	C:\Windows\System32\SHELL32.dll
0x00007ff8e90f0000 - 0x00007ff8e922f000 	C:\Windows\System32\wintypes.dll
0x00007ff8e5e50000 - 0x00007ff8e676a000 	C:\Windows\SYSTEM32\windows.storage.dll
0x00007ff8e9420000 - 0x00007ff8e952a000 	C:\Windows\System32\SHCORE.dll
0x00007ff8ea0f0000 - 0x00007ff8ea159000 	C:\Windows\System32\shlwapi.dll
0x00007ff8e8740000 - 0x00007ff8e8765000 	C:\Windows\SYSTEM32\profapi.dll
0x00007ff8cf440000 - 0x00007ff8cf458000 	C:\Program Files\Java\jdk-17\bin\zip.dll
0x00007ff8d3160000 - 0x00007ff8d3179000 	C:\Program Files\Java\jdk-17\bin\net.dll
0x00007ff8e76e0000 - 0x00007ff8e780c000 	C:\Windows\SYSTEM32\WINHTTP.dll
0x00007ff8e7cd0000 - 0x00007ff8e7d39000 	C:\Windows\system32\mswsock.dll
0x00007ff8d0bc0000 - 0x00007ff8d0bd6000 	C:\Program Files\Java\jdk-17\bin\nio.dll
0x00007ff8cbc90000 - 0x00007ff8cbcaa000 	C:\Program Files\JetBrains\IntelliJ IDEA Community Edition 2024.3\bin\breakgen64.dll
0x00007ff8dc4d0000 - 0x00007ff8dc4e0000 	C:\Program Files\Java\jdk-17\bin\verify.dll
0x00007ff8dd6f0000 - 0x00007ff8dd6fa000 	C:\Program Files\Java\jdk-17\bin\management.dll
0x00007ff8dcd60000 - 0x00007ff8dcd6b000 	C:\Program Files\Java\jdk-17\bin\management_ext.dll
0x00007ff8e6d10000 - 0x00007ff8e6d3d000 	C:\Windows\SYSTEM32\IPHLPAPI.DLL
0x00007ff8ea560000 - 0x00007ff8ea569000 	C:\Windows\System32\NSI.dll
0x00007ff8df3c0000 - 0x00007ff8df3d9000 	C:\Windows\SYSTEM32\dhcpcsvc6.DLL
0x00007ff8df3a0000 - 0x00007ff8df3bf000 	C:\Windows\SYSTEM32\dhcpcsvc.DLL
0x00007ff8e6d40000 - 0x00007ff8e6e38000 	C:\Windows\SYSTEM32\DNSAPI.dll
0x00007ff8da340000 - 0x00007ff8da34a000 	C:\Windows\System32\rasadhlp.dll
0x00007ff8de7c0000 - 0x00007ff8de844000 	C:\Windows\System32\fwpuclnt.dll
0x00007ff8ddc80000 - 0x00007ff8ddc8e000 	C:\Program Files\Java\jdk-17\bin\sunmscapi.dll
0x00007ff8e9230000 - 0x00007ff8e9398000 	C:\Windows\System32\CRYPT32.dll
0x00007ff8e8090000 - 0x00007ff8e80bd000 	C:\Windows\SYSTEM32\ncrypt.dll
0x00007ff8e8050000 - 0x00007ff8e8087000 	C:\Windows\SYSTEM32\NTASN1.dll
0x00007ff8e7f30000 - 0x00007ff8e7f4b000 	C:\Windows\SYSTEM32\CRYPTSP.dll
0x00007ff8e7620000 - 0x00007ff8e7657000 	C:\Windows\system32\rsaenh.dll
0x00007ff8e7dc0000 - 0x00007ff8e7de8000 	C:\Windows\SYSTEM32\USERENV.dll
0x00007ff8e7f20000 - 0x00007ff8e7f2c000 	C:\Windows\SYSTEM32\CRYPTBASE.dll
0x00007ff8de240000 - 0x00007ff8de248000 	C:\Windows\system32\wshunix.dll

dbghelp: loaded successfully - version: 4.0.5 - missing functions: none
symbol engine: initialized successfully - sym options: 0x614 - pdb path: .;C:\Program Files\Java\jdk-17\bin;C:\Windows\SYSTEM32;C:\Windows\WinSxS\amd64_microsoft.windows.common-controls_6595b64144ccf1df_6.0.22621.5840_none_2710ea077384a4fe;C:\Program Files\Java\jdk-17\bin\server;C:\Program Files\JetBrains\IntelliJ IDEA Community Edition 2024.3\bin

VM Arguments:
jvm_args: -javaagent:C:\Program Files\JetBrains\IntelliJ IDEA Community Edition 2024.3\lib\idea_rt.jar=54358:C:\Program Files\JetBrains\IntelliJ IDEA Community Edition 2024.3\bin -Dfile.encoding=UTF-8 
java_command: com.jaya.ExpenseTrackingSystemApplication
java_class_path (initial): C:\Users\jayapraj\Downloads\Expense-Tracking-system-With-User\Expense-tracking-System-backend\Expense-tracking-backend-main\social-media-app\target\classes;C:\Users\jayapraj\.m2\repository\org\apache\poi\poi-ooxml\5.2.3\poi-ooxml-5.2.3.jar;C:\Users\jayapraj\.m2\repository\org\apache\poi\poi-ooxml-lite\5.2.3\poi-ooxml-lite-5.2.3.jar;C:\Users\jayapraj\.m2\repository\org\apache\xmlbeans\xmlbeans\5.1.1\xmlbeans-5.1.1.jar;C:\Users\jayapraj\.m2\repository\org\apache\commons\commons-compress\1.21\commons-compress-1.21.jar;C:\Users\jayapraj\.m2\repository\commons-io\commons-io\2.11.0\commons-io-2.11.0.jar;C:\Users\jayapraj\.m2\repository\com\github\virtuald\curvesapi\1.07\curvesapi-1.07.jar;C:\Users\jayapraj\.m2\repository\org\apache\logging\log4j\log4j-api\2.24.1\log4j-api-2.24.1.jar;C:\Users\jayapraj\.m2\repository\org\apache\commons\commons-collections4\4.4\commons-collections4-4.4.jar;C:\Users\jayapraj\.m2\repository\com\google\auth\google-auth-library-oauth2-http\0.26.0\google-auth-library-oauth2-http-0.26.0.jar;C:\Users\jayapraj\.m2\repository\com\google\auto\value\auto-value-annotations\1.8.1\auto-value-annotations-1.8.1.jar;C:\Users\jayapraj\.m2\repository\com\google\code\findbugs\jsr305\3.0.2\jsr305-3.0.2.jar;C:\Users\jayapraj\.m2\repository\com\google\auth\google-auth-library-credentials\0.26.0\google-auth-library-credentials-0.26.0.jar;C:\Users\jayapraj\.m2\repository\com\google\http-client\google-http-client\1.39.2\google-http-client-1.39.2.jar;C:\Users\jayapraj\.m2\repository\org\apache\httpcomponents\httpclient\4.5.13\httpclient-4.5.13.jar;C:\Users\jayapraj\.m2\repository\commons-logging\commons-logging\1.2\commons-logging-1.2.jar;C:\Users\jayapraj\.m2\repository\org\apache\httpcomponents\httpcore\4.4.16\httpcore-4.4.16.jar;C:\Users\jayapraj\.m2\repository\com\google\j2objc\j2objc-annotations\1.3\j2objc-annotations-1.3.jar;C:\Users\jayapraj\.m2\repository\io\opencensus\opencensus-api\0.28.0\opencensus-api-0.28.0.jar;C:\Users\jayapr
Launcher Type: SUN_STANDARD

[Global flags]
     intx CICompilerCount                          = 3                                         {product} {ergonomic}
     uint ConcGCThreads                            = 1                                         {product} {ergonomic}
     uint G1ConcRefinementThreads                  = 4                                         {product} {ergonomic}
   size_t G1HeapRegionSize                         = 1048576                                   {product} {ergonomic}
    uintx GCDrainStackTargetSize                   = 64                                        {product} {ergonomic}
   size_t InitialHeapSize                          = 134217728                                 {product} {ergonomic}
   size_t MarkStackSize                            = 4194304                                   {product} {ergonomic}
   size_t MaxHeapSize                              = 2147483648                                {product} {ergonomic}
   size_t MaxNewSize                               = 1287651328                                {product} {ergonomic}
   size_t MinHeapDeltaBytes                        = 1048576                                   {product} {ergonomic}
   size_t MinHeapSize                              = 8388608                                   {product} {ergonomic}
    uintx NonNMethodCodeHeapSize                   = 5832780                                {pd product} {ergonomic}
    uintx NonProfiledCodeHeapSize                  = 122912730                              {pd product} {ergonomic}
    uintx ProfiledCodeHeapSize                     = 122912730                              {pd product} {ergonomic}
    uintx ReservedCodeCacheSize                    = 251658240                              {pd product} {ergonomic}
     bool SegmentedCodeCache                       = true                                      {product} {ergonomic}
   size_t SoftMaxHeapSize                          = 2147483648                             {manageable} {ergonomic}
     bool UseCompressedClassPointers               = true                           {product lp64_product} {ergonomic}
     bool UseCompressedOops                        = true                           {product lp64_product} {ergonomic}
     bool UseG1GC                                  = true                                      {product} {ergonomic}
     bool UseLargePagesIndividualAllocation        = false                                  {pd product} {ergonomic}

Logging:
Log output configuration:
 #0: stdout all=warning uptime,level,tags
 #1: stderr all=off uptime,level,tags

Environment Variables:
JAVA_HOME=C:\Program Files\Java\jdk-17
PATH=C:\Python313\Scripts\;C:\Python313\;C:\Program Files\Common Files\Oracle\Java\javapath;C:\Windows\system32;C:\Windows;C:\Windows\System32\Wbem;C:\Windows\System32\WindowsPowerShell\v1.0\;C:\Windows\System32\OpenSSH\;C:\Program Files\Git\cmd;C:\Users\jayapraj\AppData\Local\Microsoft\WindowsApps;C:\Users\jayapraj\AppData\Local\Programs\Microsoft VS Code\bin;C:\Users\jayapraj\Downloads\apache-maven-3.9.9-bin\apache-maven-3.9.9\bin;C:\Program Files\nodejs\;C:\ProgramData\chocolatey\bin;C:\Program Files\MySQL\MySQL Shell 8.0\bin\;True;C:\Users\jayapraj\Downloads\maven-mvnd-1.0.2-windows-amd64\maven-mvnd-1.0.2-windows-amd64\bin;C:\Users\jayapraj\AppData\Roaming\npm;C:\kafka\bin;
USERNAME=jayapraj
OS=Windows_NT
PROCESSOR_IDENTIFIER=Intel64 Family 6 Model 79 Stepping 0, GenuineIntel



---------------  S Y S T E M  ---------------

OS:
 Windows 11 , 64 bit Build 22621 (10.0.22621.5415)
OS uptime: 9 days 7:34 hours
VMWare virtualization detected

CPU: total 4 (initial active 4) (4 cores per cpu, 1 threads per core) family 6 model 79 stepping 0 microcode 0x2007006, cx8, cmov, fxsr, mmx, 3dnowpref, sse, sse2, sse3, ssse3, sse4.1, sse4.2, popcnt, lzcnt, tsc, tscinvbit, avx, avx2, aes, erms, clmul, bmi1, bmi2, adx, fma, vzeroupper, clflush, hv

Memory: 4k page, system-wide physical 8190M (175M free)
TotalPageFile size 27264M (AvailPageFile size 15M)
current process WorkingSet (physical memory assigned to process): 186M, peak: 510M
current process commit charge ("private bytes"): 524M, peak: 705M

vm_info: Java HotSpot(TM) 64-Bit Server VM (17.0.12+8-LTS-286) for windows-amd64 JRE (17.0.12+8-LTS-286), built on Jun  5 2024 06:46:59 by "mach5one" with MS VC++ 17.6 (VS2022)

END.
