#
# A fatal error has been detected by the Java Runtime Environment:
#
#  EXCEPTION_ACCESS_VIOLATION (0xc0000005) at pc=0x00007ffcc5484db3, pid=13768, tid=10252
#
# JRE version: Java(TM) SE Runtime Environment (17.0.12+8) (build 17.0.12+8-LTS-286)
# Java VM: Java HotSpot(TM) 64-Bit Server VM (17.0.12+8-LTS-286, mixed mode, emulated-client, sharing, tiered, compressed oops, compressed class ptrs, g1 gc, windows-amd64)
# Problematic frame:
# V  [jvm.dll+0x384db3]
#
# No core dump will be written. Minidumps are not enabled by default on client versions of Windows
#
# If you would like to submit a bug report, please visit:
#   https://bugreport.java.com/bugreport/crash.jsp
#

---------------  S U M M A R Y ------------

Command Line: -XX:TieredStopAtLevel=1 com.jaya.BillServiceApplication

Host: Intel(R) Xeon(R) Gold 5120 CPU @ 2.20GHz, 4 cores, 7G,  Windows 11 , 64 bit Build 22621 (10.0.22621.5415)
Time: Sun Sep 28 14:02:08 2025 India Standard Time elapsed time: 12453.342411 seconds (0d 3h 27m 33s)

---------------  T H R E A D  ---------------

Current thread (0x00000217fce47fa0):  JavaThread "HikariPool-1 connection adder" daemon [_thread_in_vm, id=10252, stack(0x000000249be00000,0x000000249bf00000)]

Stack: [0x000000249be00000,0x000000249bf00000],  sp=0x000000249beff6c0,  free space=1021k
Native frames: (J=compiled Java code, j=interpreted, Vv=VM code, C=native code)
V  [jvm.dll+0x384db3]
V  [jvm.dll+0x679f72]
V  [jvm.dll+0x3859eb]
V  [jvm.dll+0x385c77]
V  [jvm.dll+0x40e01e]
V  [jvm.dll+0x79075c]
V  [jvm.dll+0x78abea]
