#
# There is insufficient memory for the Java Runtime Environment to continue.
# Native memory allocation (mmap) failed to map 65536 bytes for Failed to commit metaspace.
# Possible reasons:
#   The system is out of physical RAM or swap space
#   The process is running with CompressedOops enabled, and the Java Heap may be blocking the growth of the native heap
# Possible solutions:
#   Reduce memory load on the system
#   Increase physical memory or swap space
#   Check if swap backing store is full
#   Decrease Java heap size (-Xmx/-Xms)
#   Decrease number of Java threads
#   Decrease Java thread stack sizes (-Xss)
#   Set larger code cache with -XX:ReservedCodeCacheSize=
#   JVM is running with Unscaled Compressed Oops mode in which the Java heap is
#     placed in the first 4GB address space. The Java Heap base address is the
#     maximum limit for the native heap growth. Please use -XX:HeapBaseMinAddress
#     to set the Java Heap base and to place the Java Heap above 4GB virtual address.
# This output file may be truncated or incomplete.
#
#  Out of Memory Error (virtualSpaceNode.cpp:110), pid=17068, tid=10928
#
# JRE version: Java(TM) SE Runtime Environment (17.0.12+8) (build 17.0.12+8-LTS-286)
# Java VM: Java HotSpot(TM) 64-Bit Server VM (17.0.12+8-LTS-286, mixed mode, emulated-client, sharing, tiered, compressed oops, compressed class ptrs, g1 gc, windows-amd64)
# No core dump will be written. Minidumps are not enabled by default on client versions of Windows
#

---------------  S U M M A R Y ------------

Command Line: -XX:TieredStopAtLevel=1 com.jaya.PaymentMethodServiceApplication

Host: Intel(R) Xeon(R) Gold 5120 CPU @ 2.20GHz, 4 cores, 7G,  Windows 11 , 64 bit Build 22621 (10.0.22621.5415)
Time: Sun Sep 28 13:56:47 2025 India Standard Time elapsed time: 5.999204 seconds (0d 0h 0m 5s)

---------------  T H R E A D  ---------------

Current thread (0x0000012470e393e0):  JavaThread "restartedMain" [_thread_in_vm, id=10928, stack(0x0000000f82500000,0x0000000f82600000)]

Stack: [0x0000000f82500000,0x0000000f82600000]
Native frames: (J=compiled Java code, j=interpreted, Vv=VM code, C=native code)
V  [jvm.dll+0x67a04a]
V  [jvm.dll+0x7da4ed]
V  [jvm.dll+0x7dbe33]
V  [jvm.dll+0x7dc4a3]
V  [jvm.dll+0x24508f]
V  [jvm.dll+0x7d60bb]
V  [jvm.dll+0x6206c6]
V  [jvm.dll+0x1bed07]
V  [jvm.dll+0x623022]
V  [jvm.dll+0x621086]
V  [jvm.dll+0x23a821]
V  [jvm.dll+0x1e8e87]
V  [jvm.dll+0x1dea41]
V  [jvm.dll+0x53f78c]
V  [jvm.dll+0x7553b8]
V  [jvm.dll+0x7554a4]
V  [jvm.dll+0x40d1af]
V  [jvm.dll+0x413c39]
C  [java.dll+0x17ec]

Java frames: (J=compiled Java code, j=interpreted, Vv=VM code)
J 1027  java.lang.ClassLoader.defineClass1(Ljava/lang/ClassLoader;Ljava/lang/String;[BIILjava/security/ProtectionDomain;Ljava/lang/String;)Ljava/lang/Class; java.base@17.0.12 (0 bytes) @ 0x0000012421191ce3 [0x0000012421191c20+0x00000000000000c3]
J 1038 c1 java.lang.ClassLoader.defineClass(Ljava/lang/String;[BIILjava/security/ProtectionDomain;)Ljava/lang/Class; java.base@17.0.12 (43 bytes) @ 0x000001242119605c [0x0000012421195f60+0x00000000000000fc]
J 937 c1 jdk.internal.loader.BuiltinClassLoader.defineClass(Ljava/lang/String;Ljdk/internal/loader/Resource;)Ljava/lang/Class; java.base@17.0.12 (121 bytes) @ 0x0000012421172fe4 [0x0000012421172b20+0x00000000000004c4]
J 936 c1 jdk.internal.loader.BuiltinClassLoader.findClassOnClassPathOrNull(Ljava/lang/String;)Ljava/lang/Class; java.base@17.0.12 (64 bytes) @ 0x0000012421171a34 [0x0000012421171780+0x00000000000002b4]
J 477 c1 jdk.internal.loader.BuiltinClassLoader.loadClassOrNull(Ljava/lang/String;Z)Ljava/lang/Class; java.base@17.0.12 (143 bytes) @ 0x00000124210a985c [0x00000124210a9400+0x000000000000045c]
J 691 c1 jdk.internal.loader.ClassLoaders$AppClassLoader.loadClass(Ljava/lang/String;Z)Ljava/lang/Class; java.base@17.0.12 (40 bytes) @ 0x0000012421106824 [0x00000124211066e0+0x0000000000000144]
J 690 c1 java.lang.ClassLoader.loadClass(Ljava/lang/String;)Ljava/lang/Class; java.base@17.0.12 (7 bytes) @ 0x0000012421105c64 [0x0000012421105c20+0x0000000000000044]
v  ~StubRoutines::call_stub
J 1023  java.lang.Class.forName0(Ljava/lang/String;ZLjava/lang/ClassLoader;Ljava/lang/Class;)Ljava/lang/Class; java.base@17.0.12 (0 bytes) @ 0x000001242119022f [0x00000124211901a0+0x000000000000008f]
J 1152 c1 java.lang.Class.forName(Ljava/lang/String;ZLjava/lang/ClassLoader;)Ljava/lang/Class; java.base@17.0.12 (47 bytes) @ 0x00000124211c21b4 [0x00000124211c20c0+0x00000000000000f4]
J 2616 c1 org.springframework.boot.devtools.restart.classloader.RestartClassLoader.loadClass(Ljava/lang/String;Z)Ljava/lang/Class; (119 bytes) @ 0x0000012421481234 [0x0000012421480c80+0x00000000000005b4]
J 690 c1 java.lang.ClassLoader.loadClass(Ljava/lang/String;)Ljava/lang/Class; java.base@17.0.12 (7 bytes) @ 0x0000012421105c64 [0x0000012421105c20+0x0000000000000044]
v  ~StubRoutines::call_stub
J 1023  java.lang.Class.forName0(Ljava/lang/String;ZLjava/lang/ClassLoader;Ljava/lang/Class;)Ljava/lang/Class; java.base@17.0.12 (0 bytes) @ 0x000001242119022f [0x00000124211901a0+0x000000000000008f]
J 1152 c1 java.lang.Class.forName(Ljava/lang/String;ZLjava/lang/ClassLoader;)Ljava/lang/Class; java.base@17.0.12 (47 bytes) @ 0x00000124211c21b4 [0x00000124211c20c0+0x00000000000000f4]
J 2460 c1 org.springframework.util.ClassUtils.forName(Ljava/lang/String;Ljava/lang/ClassLoader;)Ljava/lang/Class; (251 bytes) @ 0x0000012421441cec [0x0000012421441a60+0x000000000000028c]
j  org.springframework.beans.factory.support.AbstractBeanDefinition.resolveBeanClass(Ljava/lang/ClassLoader;)Ljava/lang/Class;+13
j  org.springframework.beans.factory.support.AbstractBeanFactory.doResolveBeanClass(Lorg/springframework/beans/factory/support/RootBeanDefinition;[Ljava/lang/Class;)Ljava/lang/Class;+242
j  org.springframework.beans.factory.support.AbstractBeanFactory.resolveBeanClass(Lorg/springframework/beans/factory/support/RootBeanDefinition;Ljava/lang/String;[Ljava/lang/Class;)Ljava/lang/Class;+15
J 3384 c1 org.springframework.beans.factory.support.AbstractAutowireCapableBeanFactory.determineTargetType(Ljava/lang/String;Lorg/springframework/beans/factory/support/RootBeanDefinition;[Ljava/lang/Class;)Ljava/lang/Class; (83 bytes) @ 0x00000124215d618c [0x00000124215d60c0+0x00000000000000cc]
J 3383 c1 org.springframework.beans.factory.support.AbstractAutowireCapableBeanFactory.predictBeanType(Ljava/lang/String;Lorg/springframework/beans/factory/support/RootBeanDefinition;[Ljava/lang/Class;)Ljava/lang/Class; (128 bytes) @ 0x00000124215d5824 [0x00000124215d57c0+0x0000000000000064]
J 3379 c1 org.springframework.beans.factory.support.AbstractBeanFactory.isFactoryBean(Ljava/lang/String;Lorg/springframework/beans/factory/support/RootBeanDefinition;)Z (62 bytes) @ 0x00000124215d3e64 [0x00000124215d3ce0+0x0000000000000184]
J 3551 c1 org.springframework.beans.factory.support.DefaultListableBeanFactory.doGetBeanNamesForType(Lorg/springframework/core/ResolvableType;ZZ)[Ljava/lang/String; (505 bytes) @ 0x0000012421607514 [0x0000012421607180+0x0000000000000394]
j  org.springframework.beans.factory.support.DefaultListableBeanFactory.getBeanNamesForType(Ljava/lang/Class;ZZ)[Ljava/lang/String;+22
j  org.springframework.boot.autoconfigure.condition.OnBeanCondition.collectBeanDefinitionsForType(Lorg/springframework/beans/factory/ListableBeanFactory;ZLjava/lang/Class;Ljava/util/Set;Ljava/util/Map;)Ljava/util/Map;+6
j  org.springframework.boot.autoconfigure.condition.OnBeanCondition.getBeanDefinitionsForType(Lorg/springframework/beans/factory/ListableBeanFactory;ZLjava/lang/Class;Ljava/util/Set;)Ljava/util/Map;+7
j  org.springframework.boot.autoconfigure.condition.OnBeanCondition.getBeanDefinitionsForType(Ljava/lang/ClassLoader;ZLorg/springframework/beans/factory/ListableBeanFactory;Ljava/lang/String;Ljava/util/Set;)Ljava/util/Map;+11
j  org.springframework.boot.autoconfigure.condition.OnBeanCondition.getMatchingBeans(Lorg/springframework/boot/autoconfigure/condition/OnBeanCondition$Spec;)Lorg/springframework/boot/autoconfigure/condition/OnBeanCondition$MatchResult;+145
j  org.springframework.boot.autoconfigure.condition.OnBeanCondition.evaluateConditionalOnSingleCandidate(Lorg/springframework/boot/autoconfigure/condition/OnBeanCondition$Spec;Lorg/springframework/boot/autoconfigure/condition/ConditionMessage;)Lorg/springframework/boot/autoconfigure/condition/ConditionOutcome;+2
j  org.springframework.boot.autoconfigure.condition.OnBeanCondition.getMatchOutcome(Lorg/springframework/context/annotation/ConditionContext;Lorg/springframework/core/type/AnnotatedTypeMetadata;)Lorg/springframework/boot/autoconfigure/condition/ConditionOutcome;+97
J 3376 c1 org.springframework.boot.autoconfigure.condition.SpringBootCondition.matches(Lorg/springframework/context/annotation/ConditionContext;Lorg/springframework/core/type/AnnotatedTypeMetadata;)Z (79 bytes) @ 0x00000124215d21d4 [0x00000124215d2160+0x0000000000000074]
J 3295 c1 org.springframework.context.annotation.ConditionEvaluator.shouldSkip(Lorg/springframework/core/type/AnnotatedTypeMetadata;Lorg/springframework/context/annotation/ConfigurationCondition$ConfigurationPhase;)Z (157 bytes) @ 0x00000124215ab954 [0x00000124215ab600+0x0000000000000354]
j  org.springframework.context.annotation.ConfigurationClassBeanDefinitionReader$TrackedConditionEvaluator.shouldSkip(Lorg/springframework/context/annotation/ConfigurationClass;)Z+104
j  org.springframework.context.annotation.ConfigurationClassBeanDefinitionReader$TrackedConditionEvaluator.shouldSkip(Lorg/springframework/context/annotation/ConfigurationClass;)Z+63
j  org.springframework.context.annotation.ConfigurationClassBeanDefinitionReader.loadBeanDefinitionsForConfigurationClass(Lorg/springframework/context/annotation/ConfigurationClass;Lorg/springframework/context/annotation/ConfigurationClassBeanDefinitionReader$TrackedConditionEvaluator;)V+2
j  org.springframework.context.annotation.ConfigurationClassBeanDefinitionReader.loadBeanDefinitions(Ljava/util/Set;)V+40
j  org.springframework.context.annotation.ConfigurationClassPostProcessor.processConfigBeanDefinitions(Lorg/springframework/beans/factory/support/BeanDefinitionRegistry;)V+375
j  org.springframework.context.annotation.ConfigurationClassPostProcessor.postProcessBeanDefinitionRegistry(Lorg/springframework/beans/factory/support/BeanDefinitionRegistry;)V+81
j  org.springframework.context.support.PostProcessorRegistrationDelegate.invokeBeanDefinitionRegistryPostProcessors(Ljava/util/Collection;Lorg/springframework/beans/factory/support/BeanDefinitionRegistry;Lorg/springframework/core/metrics/ApplicationStartup;)V+59
j  org.springframework.context.support.PostProcessorRegistrationDelegate.invokeBeanFactoryPostProcessors(Lorg/springframework/beans/factory/config/ConfigurableListableBeanFactory;Ljava/util/List;)V+238
j  org.springframework.context.support.AbstractApplicationContext.invokeBeanFactoryPostProcessors(Lorg/springframework/beans/factory/config/ConfigurableListableBeanFactory;)V+5
j  org.springframework.context.support.AbstractApplicationContext.refresh()V+62
j  org.springframework.boot.web.servlet.context.ServletWebServerApplicationContext.refresh()V+1
j  org.springframework.boot.SpringApplication.refresh(Lorg/springframework/context/ConfigurableApplicationContext;)V+1
j  org.springframework.boot.SpringApplication.refreshContext(Lorg/springframework/context/ConfigurableApplicationContext;)V+19
j  org.springframework.boot.SpringApplication.run([Ljava/lang/String;)Lorg/springframework/context/ConfigurableApplicationContext;+113
j  org.springframework.boot.SpringApplication.run([Ljava/lang/Class;[Ljava/lang/String;)Lorg/springframework/context/ConfigurableApplicationContext;+9
j  org.springframework.boot.SpringApplication.run(Ljava/lang/Class;[Ljava/lang/String;)Lorg/springframework/context/ConfigurableApplicationContext;+9
j  com.jaya.PaymentMethodServiceApplication.main([Ljava/lang/String;)V+3
v  ~StubRoutines::call_stub
j  jdk.internal.reflect.NativeMethodAccessorImpl.invoke0(Ljava/lang/reflect/Method;Ljava/lang/Object;[Ljava/lang/Object;)Ljava/lang/Object;+0 java.base@17.0.12
j  jdk.internal.reflect.NativeMethodAccessorImpl.invoke(Ljava/lang/Object;[Ljava/lang/Object;)Ljava/lang/Object;+133 java.base@17.0.12
j  jdk.internal.reflect.DelegatingMethodAccessorImpl.invoke(Ljava/lang/Object;[Ljava/lang/Object;)Ljava/lang/Object;+6 java.base@17.0.12
j  java.lang.reflect.Method.invoke(Ljava/lang/Object;[Ljava/lang/Object;)Ljava/lang/Object;+59 java.base@17.0.12
j  org.springframework.boot.devtools.restart.RestartLauncher.run()V+47
v  ~StubRoutines::call_stub

---------------  P R O C E S S  ---------------

Threads class SMR info:
_java_thread_list=0x00000124715cac40, length=15, elements={
0x00000124195cd6d0, 0x000001242ae0b850, 0x000001242ae0c6d0, 0x000001242ae218e0,
0x000001242ae23410, 0x000001242ae27df0, 0x000001242ae287b0, 0x000001242ae29220,
0x000001242ae5b5e0, 0x00000124701751c0, 0x00000124701846a0, 0x000001247018cff0,
0x0000012470e64790, 0x0000012470e393e0, 0x0000012470e5b6a0
}

Java Threads: ( => current thread )
  0x00000124195cd6d0 JavaThread "main" [_thread_blocked, id=19000, stack(0x0000000f80e00000,0x0000000f80f00000)]
  0x000001242ae0b850 JavaThread "Reference Handler" daemon [_thread_blocked, id=5888, stack(0x0000000f81500000,0x0000000f81600000)]
  0x000001242ae0c6d0 JavaThread "Finalizer" daemon [_thread_blocked, id=17396, stack(0x0000000f81600000,0x0000000f81700000)]
  0x000001242ae218e0 JavaThread "Signal Dispatcher" daemon [_thread_blocked, id=1900, stack(0x0000000f81700000,0x0000000f81800000)]
  0x000001242ae23410 JavaThread "Attach Listener" daemon [_thread_blocked, id=10744, stack(0x0000000f81800000,0x0000000f81900000)]
  0x000001242ae27df0 JavaThread "Service Thread" daemon [_thread_blocked, id=11824, stack(0x0000000f81900000,0x0000000f81a00000)]
  0x000001242ae287b0 JavaThread "Monitor Deflation Thread" daemon [_thread_blocked, id=21572, stack(0x0000000f81a00000,0x0000000f81b00000)]
  0x000001242ae29220 JavaThread "C1 CompilerThread0" daemon [_thread_blocked, id=17812, stack(0x0000000f81b00000,0x0000000f81c00000)]
  0x000001242ae5b5e0 JavaThread "Sweeper thread" daemon [_thread_blocked, id=11472, stack(0x0000000f81c00000,0x0000000f81d00000)]
  0x00000124701751c0 JavaThread "C1 CompilerThread1" daemon [_thread_blocked, id=22648, stack(0x0000000f81d00000,0x0000000f81e00000)]
  0x00000124701846a0 JavaThread "Notification Thread" daemon [_thread_blocked, id=22772, stack(0x0000000f81e00000,0x0000000f81f00000)]
  0x000001247018cff0 JavaThread "Common-Cleaner" daemon [_thread_blocked, id=8736, stack(0x0000000f82000000,0x0000000f82100000)]
  0x0000012470e64790 JavaThread "Thread-0" [_thread_blocked, id=21512, stack(0x0000000f82400000,0x0000000f82500000)]
=>0x0000012470e393e0 JavaThread "restartedMain" [_thread_in_vm, id=10928, stack(0x0000000f82500000,0x0000000f82600000)]
  0x0000012470e5b6a0 JavaThread "C1 CompilerThread2" daemon [_thread_blocked, id=19908, stack(0x0000000f82600000,0x0000000f82700000)]

Other Threads:
  0x000001242ae031b0 VMThread "VM Thread" [stack: 0x0000000f81400000,0x0000000f81500000] [id=22756]
  0x000001247018aba0 WatcherThread [stack: 0x0000000f81f00000,0x0000000f82000000] [id=23320]
  0x0000012419632240 GCTaskThread "GC Thread#0" [stack: 0x0000000f80f00000,0x0000000f81000000] [id=18792]
  0x0000012470858580 GCTaskThread "GC Thread#1" [stack: 0x0000000f82100000,0x0000000f82200000] [id=23016]
  0x0000012470858840 GCTaskThread "GC Thread#2" [stack: 0x0000000f82200000,0x0000000f82300000] [id=20964]
  0x0000012470b5e7c0 GCTaskThread "GC Thread#3" [stack: 0x0000000f82300000,0x0000000f82400000] [id=23076]
  0x0000012419643190 ConcurrentGCThread "G1 Main Marker" [stack: 0x0000000f81000000,0x0000000f81100000] [id=12224]
  0x0000012419644fb0 ConcurrentGCThread "G1 Conc#0" [stack: 0x0000000f81100000,0x0000000f81200000] [id=18304]
  0x000001242acc20d0 ConcurrentGCThread "G1 Refine#0" [stack: 0x0000000f81200000,0x0000000f81300000] [id=21844]
  0x000001242acc2b00 ConcurrentGCThread "G1 Service" [stack: 0x0000000f81300000,0x0000000f81400000] [id=22332]

Threads with active compile tasks:

VM state: not at safepoint (normal execution)

VM Mutex/Monitor currently owned by a thread:  ([mutex/lock_event])
[0x00000124195c7a40] Metaspace_lock - owner thread: 0x0000012470e393e0

Heap address: 0x0000000080000000, size: 2048 MB, Compressed Oops mode: 32-bit

CDS archive(s) mapped at: [0x000001242b000000-0x000001242bbd0000-0x000001242bbd0000), size 12386304, SharedBaseAddress: 0x000001242b000000, ArchiveRelocationMode: 1.
Compressed class space mapped at: 0x000001242c000000-0x000001246c000000, reserved size: 1073741824
Narrow klass base: 0x000001242b000000, Narrow klass shift: 0, Narrow klass range: 0x100000000

GC Precious Log:
 CPUs: 4 total, 4 available
 Memory: 8190M
 Large Page Support: Disabled
 NUMA Support: Disabled
 Compressed Oops: Enabled (32-bit)
 Heap Region Size: 1M
 Heap Min Capacity: 8M
 Heap Initial Capacity: 128M
 Heap Max Capacity: 2G
 Pre-touch: Disabled
 Parallel Workers: 4
 Concurrent Workers: 1
 Concurrent Refinement Workers: 4
 Periodic GC: Disabled

Heap:
 garbage-first heap   total 81920K, used 27264K [0x0000000080000000, 0x0000000100000000)
  region size 1024K, 3 young (3072K), 2 survivors (2048K)
 Metaspace       used 28151K, committed 28544K, reserved 1114112K
  class space    used 3941K, committed 4160K, reserved 1048576K

Heap Regions: E=young(eden), S=young(survivor), O=old, HS=humongous(starts), HC=humongous(continues), CS=collection set, F=free, OA=open archive, CA=closed archive, TAMS=top-at-mark-start (previous, next)
|   0|0x0000000080000000, 0x0000000080100000, 0x0000000080100000|100%|HS|  |TAMS 0x0000000080100000, 0x0000000080000000| Complete 
|   1|0x0000000080100000, 0x0000000080200000, 0x0000000080200000|100%| O|  |TAMS 0x0000000080200000, 0x0000000080100000| Untracked 
|   2|0x0000000080200000, 0x0000000080300000, 0x0000000080300000|100%|HS|  |TAMS 0x0000000080300000, 0x0000000080200000| Complete 
|   3|0x0000000080300000, 0x0000000080400000, 0x0000000080400000|100%|HS|  |TAMS 0x0000000080400000, 0x0000000080300000| Complete 
|   4|0x0000000080400000, 0x0000000080500000, 0x0000000080500000|100%| O|  |TAMS 0x0000000080500000, 0x0000000080400000| Untracked 
|   5|0x0000000080500000, 0x0000000080600000, 0x0000000080600000|100%| O|  |TAMS 0x0000000080600000, 0x0000000080500000| Untracked 
|   6|0x0000000080600000, 0x0000000080700000, 0x0000000080700000|100%| O|  |TAMS 0x0000000080700000, 0x0000000080600000| Untracked 
|   7|0x0000000080700000, 0x0000000080800000, 0x0000000080800000|100%| O|  |TAMS 0x0000000080800000, 0x0000000080700000| Untracked 
|   8|0x0000000080800000, 0x0000000080900000, 0x0000000080900000|100%| O|  |TAMS 0x0000000080900000, 0x0000000080800000| Untracked 
|   9|0x0000000080900000, 0x0000000080a00000, 0x0000000080a00000|100%| O|  |TAMS 0x0000000080a00000, 0x0000000080900000| Untracked 
|  10|0x0000000080a00000, 0x0000000080b00000, 0x0000000080b00000|100%| O|  |TAMS 0x0000000080b00000, 0x0000000080a00000| Untracked 
|  11|0x0000000080b00000, 0x0000000080b78400, 0x0000000080c00000| 46%| O|  |TAMS 0x0000000080b00000, 0x0000000080b00000| Untracked 
|  12|0x0000000080c00000, 0x0000000080d00000, 0x0000000080d00000|100%| O|  |TAMS 0x0000000080d00000, 0x0000000080c00000| Untracked 
|  13|0x0000000080d00000, 0x0000000080e00000, 0x0000000080e00000|100%| O|  |TAMS 0x0000000080e00000, 0x0000000080d00000| Untracked 
|  14|0x0000000080e00000, 0x0000000080f00000, 0x0000000080f00000|100%| O|  |TAMS 0x0000000080e4e200, 0x0000000080e00000| Untracked 
|  15|0x0000000080f00000, 0x0000000081000000, 0x0000000081000000|100%| O|  |TAMS 0x0000000081000000, 0x0000000080f00000| Untracked 
|  16|0x0000000081000000, 0x0000000081100000, 0x0000000081100000|100%| O|  |TAMS 0x0000000081100000, 0x0000000081000000| Untracked 
|  17|0x0000000081100000, 0x0000000081200000, 0x0000000081200000|100%| O|  |TAMS 0x0000000081200000, 0x0000000081100000| Untracked 
|  18|0x0000000081200000, 0x0000000081300000, 0x0000000081300000|100%| O|  |TAMS 0x0000000081200000, 0x0000000081200000| Untracked 
|  19|0x0000000081300000, 0x0000000081400000, 0x0000000081400000|100%| O|  |TAMS 0x0000000081300000, 0x0000000081300000| Untracked 
|  20|0x0000000081400000, 0x0000000081500000, 0x0000000081500000|100%| O|  |TAMS 0x0000000081400000, 0x0000000081400000| Untracked 
|  21|0x0000000081500000, 0x0000000081600000, 0x0000000081600000|100%| O|  |TAMS 0x0000000081500000, 0x0000000081500000| Untracked 
|  22|0x0000000081600000, 0x0000000081700000, 0x0000000081700000|100%| O|  |TAMS 0x0000000081600000, 0x0000000081600000| Untracked 
|  23|0x0000000081700000, 0x0000000081800000, 0x0000000081800000|100%| O|  |TAMS 0x0000000081700000, 0x0000000081700000| Untracked 
|  24|0x0000000081800000, 0x0000000081900000, 0x0000000081900000|100%| O|  |TAMS 0x0000000081800000, 0x0000000081800000| Untracked 
|  25|0x0000000081900000, 0x0000000081997600, 0x0000000081a00000| 59%| O|  |TAMS 0x0000000081900000, 0x0000000081900000| Untracked 
|  26|0x0000000081a00000, 0x0000000081a00000, 0x0000000081b00000|  0%| F|  |TAMS 0x0000000081a00000, 0x0000000081a00000| Untracked 
|  27|0x0000000081b00000, 0x0000000081b00000, 0x0000000081c00000|  0%| F|  |TAMS 0x0000000081b00000, 0x0000000081b00000| Untracked 
|  28|0x0000000081c00000, 0x0000000081c00000, 0x0000000081d00000|  0%| F|  |TAMS 0x0000000081c00000, 0x0000000081c00000| Untracked 
|  29|0x0000000081d00000, 0x0000000081d00000, 0x0000000081e00000|  0%| F|  |TAMS 0x0000000081d00000, 0x0000000081d00000| Untracked 
|  30|0x0000000081e00000, 0x0000000081e00000, 0x0000000081f00000|  0%| F|  |TAMS 0x0000000081e00000, 0x0000000081e00000| Untracked 
|  31|0x0000000081f00000, 0x0000000081f00000, 0x0000000082000000|  0%| F|  |TAMS 0x0000000081f00000, 0x0000000081f00000| Untracked 
|  32|0x0000000082000000, 0x0000000082000000, 0x0000000082100000|  0%| F|  |TAMS 0x0000000082000000, 0x0000000082000000| Untracked 
|  33|0x0000000082100000, 0x0000000082100000, 0x0000000082200000|  0%| F|  |TAMS 0x0000000082100000, 0x0000000082100000| Untracked 
|  34|0x0000000082200000, 0x0000000082200000, 0x0000000082300000|  0%| F|  |TAMS 0x0000000082200000, 0x0000000082200000| Untracked 
|  35|0x0000000082300000, 0x0000000082300000, 0x0000000082400000|  0%| F|  |TAMS 0x0000000082300000, 0x0000000082300000| Untracked 
|  36|0x0000000082400000, 0x0000000082400000, 0x0000000082500000|  0%| F|  |TAMS 0x0000000082400000, 0x0000000082400000| Untracked 
|  37|0x0000000082500000, 0x0000000082500000, 0x0000000082600000|  0%| F|  |TAMS 0x0000000082500000, 0x0000000082500000| Untracked 
|  38|0x0000000082600000, 0x0000000082600000, 0x0000000082700000|  0%| F|  |TAMS 0x0000000082600000, 0x0000000082600000| Untracked 
|  39|0x0000000082700000, 0x0000000082700000, 0x0000000082800000|  0%| F|  |TAMS 0x0000000082700000, 0x0000000082700000| Untracked 
|  40|0x0000000082800000, 0x0000000082800000, 0x0000000082900000|  0%| F|  |TAMS 0x0000000082800000, 0x0000000082800000| Untracked 
|  41|0x0000000082900000, 0x0000000082900000, 0x0000000082a00000|  0%| F|  |TAMS 0x0000000082900000, 0x0000000082900000| Untracked 
|  42|0x0000000082a00000, 0x0000000082a00000, 0x0000000082b00000|  0%| F|  |TAMS 0x0000000082a00000, 0x0000000082a00000| Untracked 
|  43|0x0000000082b00000, 0x0000000082b00000, 0x0000000082c00000|  0%| F|  |TAMS 0x0000000082b00000, 0x0000000082b00000| Untracked 
|  44|0x0000000082c00000, 0x0000000082c907b0, 0x0000000082d00000| 56%| S|CS|TAMS 0x0000000082c00000, 0x0000000082c00000| Complete 
|  45|0x0000000082d00000, 0x0000000082e00000, 0x0000000082e00000|100%| S|CS|TAMS 0x0000000082d00000, 0x0000000082d00000| Complete 
|  46|0x0000000082e00000, 0x0000000082e00000, 0x0000000082f00000|  0%| F|  |TAMS 0x0000000082e00000, 0x0000000082e00000| Untracked 
|  47|0x0000000082f00000, 0x0000000082f00000, 0x0000000083000000|  0%| F|  |TAMS 0x0000000082f00000, 0x0000000082f00000| Untracked 
|  48|0x0000000083000000, 0x0000000083000000, 0x0000000083100000|  0%| F|  |TAMS 0x0000000083000000, 0x0000000083000000| Untracked 
|  49|0x0000000083100000, 0x0000000083100000, 0x0000000083200000|  0%| F|  |TAMS 0x0000000083100000, 0x0000000083100000| Untracked 
|  50|0x0000000083200000, 0x0000000083200000, 0x0000000083300000|  0%| F|  |TAMS 0x0000000083200000, 0x0000000083200000| Untracked 
|  51|0x0000000083300000, 0x0000000083300000, 0x0000000083400000|  0%| F|  |TAMS 0x0000000083300000, 0x0000000083300000| Untracked 
|  52|0x0000000083400000, 0x0000000083400000, 0x0000000083500000|  0%| F|  |TAMS 0x0000000083400000, 0x0000000083400000| Untracked 
|  53|0x0000000083500000, 0x0000000083500000, 0x0000000083600000|  0%| F|  |TAMS 0x0000000083500000, 0x0000000083500000| Untracked 
|  54|0x0000000083600000, 0x0000000083600000, 0x0000000083700000|  0%| F|  |TAMS 0x0000000083600000, 0x0000000083600000| Untracked 
|  55|0x0000000083700000, 0x0000000083700000, 0x0000000083800000|  0%| F|  |TAMS 0x0000000083700000, 0x0000000083700000| Untracked 
|  56|0x0000000083800000, 0x0000000083800000, 0x0000000083900000|  0%| F|  |TAMS 0x0000000083800000, 0x0000000083800000| Untracked 
|  57|0x0000000083900000, 0x0000000083900000, 0x0000000083a00000|  0%| F|  |TAMS 0x0000000083900000, 0x0000000083900000| Untracked 
|  58|0x0000000083a00000, 0x0000000083a00000, 0x0000000083b00000|  0%| F|  |TAMS 0x0000000083a00000, 0x0000000083a00000| Untracked 
|  59|0x0000000083b00000, 0x0000000083b00000, 0x0000000083c00000|  0%| F|  |TAMS 0x0000000083b00000, 0x0000000083b00000| Untracked 
|  60|0x0000000083c00000, 0x0000000083c00000, 0x0000000083d00000|  0%| F|  |TAMS 0x0000000083c00000, 0x0000000083c00000| Untracked 
|  61|0x0000000083d00000, 0x0000000083d00000, 0x0000000083e00000|  0%| F|  |TAMS 0x0000000083d00000, 0x0000000083d00000| Untracked 
|  62|0x0000000083e00000, 0x0000000083e00000, 0x0000000083f00000|  0%| F|  |TAMS 0x0000000083e00000, 0x0000000083e00000| Untracked 
|  63|0x0000000083f00000, 0x0000000083f00000, 0x0000000084000000|  0%| F|  |TAMS 0x0000000083f00000, 0x0000000083f00000| Untracked 
|  64|0x0000000084000000, 0x0000000084000000, 0x0000000084100000|  0%| F|  |TAMS 0x0000000084000000, 0x0000000084000000| Untracked 
|  65|0x0000000084100000, 0x0000000084100000, 0x0000000084200000|  0%| F|  |TAMS 0x0000000084100000, 0x0000000084100000| Untracked 
|  66|0x0000000084200000, 0x0000000084200000, 0x0000000084300000|  0%| F|  |TAMS 0x0000000084200000, 0x0000000084200000| Untracked 
|  67|0x0000000084300000, 0x0000000084300000, 0x0000000084400000|  0%| F|  |TAMS 0x0000000084300000, 0x0000000084300000| Untracked 
|  68|0x0000000084400000, 0x0000000084400000, 0x0000000084500000|  0%| F|  |TAMS 0x0000000084400000, 0x0000000084400000| Untracked 
|  69|0x0000000084500000, 0x0000000084500000, 0x0000000084600000|  0%| F|  |TAMS 0x0000000084500000, 0x0000000084500000| Untracked 
|  70|0x0000000084600000, 0x0000000084600000, 0x0000000084700000|  0%| F|  |TAMS 0x0000000084600000, 0x0000000084600000| Untracked 
|  71|0x0000000084700000, 0x0000000084700000, 0x0000000084800000|  0%| F|  |TAMS 0x0000000084700000, 0x0000000084700000| Untracked 
|  72|0x0000000084800000, 0x0000000084800000, 0x0000000084900000|  0%| F|  |TAMS 0x0000000084800000, 0x0000000084800000| Untracked 
|  73|0x0000000084900000, 0x0000000084900000, 0x0000000084a00000|  0%| F|  |TAMS 0x0000000084900000, 0x0000000084900000| Untracked 
| 115|0x0000000087300000, 0x0000000087300000, 0x0000000087400000|  0%| F|  |TAMS 0x0000000087300000, 0x0000000087300000| Untracked 
| 116|0x0000000087400000, 0x0000000087400000, 0x0000000087500000|  0%| F|  |TAMS 0x0000000087400000, 0x0000000087400000| Untracked 
| 117|0x0000000087500000, 0x0000000087500000, 0x0000000087600000|  0%| F|  |TAMS 0x0000000087500000, 0x0000000087500000| Untracked 
| 118|0x0000000087600000, 0x0000000087600000, 0x0000000087700000|  0%| F|  |TAMS 0x0000000087600000, 0x0000000087600000| Untracked 
| 119|0x0000000087700000, 0x0000000087700000, 0x0000000087800000|  0%| F|  |TAMS 0x0000000087700000, 0x0000000087700000| Untracked 
| 127|0x0000000087f00000, 0x0000000087f80800, 0x0000000088000000| 50%| E|  |TAMS 0x0000000087f00000, 0x0000000087f00000| Complete 

Card table byte_map: [0x0000012424260000,0x0000012424660000] _byte_map_base: 0x0000012423e60000

Marking Bits (Prev, Next): (CMBitMap*) 0x00000124196328a0, (CMBitMap*) 0x0000012419632860
 Prev Bits: [0x0000012426a60000, 0x0000012428a60000)
 Next Bits: [0x0000012424a60000, 0x0000012426a60000)

Polling page: 0x00000124175b0000

Metaspace:

Usage:
  Non-class:     23.64 MB used.
      Class:      3.85 MB used.
       Both:     27.49 MB used.

Virtual space:
  Non-class space:       64.00 MB reserved,      23.81 MB ( 37%) committed,  1 nodes.
      Class space:        1.00 GB reserved,       4.06 MB ( <1%) committed,  1 nodes.
             Both:        1.06 GB reserved,      27.88 MB (  3%) committed. 

Chunk freelists:
   Non-Class:  8.17 MB
       Class:  11.81 MB
        Both:  19.98 MB

MaxMetaspaceSize: unlimited
CompressedClassSpaceSize: 1.00 GB
Initial GC threshold: 21.00 MB
Current GC threshold: 35.12 MB
CDS: on
MetaspaceReclaimPolicy: balanced
 - commit_granule_bytes: 65536.
 - commit_granule_words: 8192.
 - virtual_space_node_default_size: 8388608.
 - enlarge_chunks_in_place: 1.
 - new_chunks_are_fully_committed: 0.
 - uncommit_free_chunks: 1.
 - use_allocation_guard: 0.
 - handle_deallocations: 1.


Internal statistics:

num_allocs_failed_limit: 3.
num_arena_births: 332.
num_arena_deaths: 0.
num_vsnodes_births: 2.
num_vsnodes_deaths: 0.
num_space_committed: 446.
num_space_uncommitted: 0.
num_chunks_returned_to_freelist: 3.
num_chunks_taken_from_freelist: 1318.
num_chunk_merges: 3.
num_chunk_splits: 932.
num_chunks_enlarged: 741.
num_inconsistent_stats: 0.

CodeCache: size=49152Kb used=8141Kb max_used=8141Kb free=41010Kb
 bounds [0x0000012420e60000, 0x0000012421660000, 0x0000012423e60000]
 total_blobs=4227 nmethods=3716 adapters=436
 compilation: enabled
              stopped_count=0, restarted_count=0
 full_count=0

Compilation events (20 events):
Event: 5.918 Thread 0x000001242ae29220 3707       1       java.time.temporal.ValueRange::getMinimum (5 bytes)
Event: 5.918 Thread 0x0000012470e5b6a0 3708       1       java.time.temporal.ValueRange::getMaximum (5 bytes)
Event: 5.918 Thread 0x000001242ae29220 nmethod 3707 0x000001242164f810 code [0x000001242164f9a0, 0x000001242164fa78]
Event: 5.918 Thread 0x0000012470e5b6a0 nmethod 3708 0x000001242164fb10 code [0x000001242164fca0, 0x000001242164fd78]
Event: 5.918 Thread 0x000001242ae29220 3709       1       java.lang.Long::longValue (5 bytes)
Event: 5.918 Thread 0x000001242ae29220 nmethod 3709 0x000001242164fe10 code [0x000001242164ffa0, 0x0000012421650078]
Event: 5.928 Thread 0x000001242ae29220 3710       1       org.springframework.context.annotation.ConfigurationClass::getBeanName (5 bytes)
Event: 5.928 Thread 0x00000124701751c0 3711       1       java.util.Spliterators$ArraySpliterator::forEachRemaining (68 bytes)
Event: 5.928 Thread 0x000001242ae29220 nmethod 3710 0x0000012421650110 code [0x00000124216502a0, 0x0000012421650378]
Event: 5.928 Thread 0x00000124701751c0 nmethod 3711 0x0000012421650410 code [0x00000124216505c0, 0x00000124216507d8]
Event: 5.934 Thread 0x00000124701751c0 3712   !   1       org.springframework.core.ResolvableType::getSuperType (53 bytes)
Event: 5.935 Thread 0x00000124701751c0 nmethod 3712 0x0000012421650910 code [0x0000012421650b20, 0x00000124216510d8]
Event: 5.948 Thread 0x0000012470e5b6a0 3713       1       org.springframework.context.annotation.AnnotationBeanNameGenerator$$Lambda$302/0x000001242c2050d8::<init> (15 bytes)
Event: 5.948 Thread 0x00000124701751c0 3714       1       org.springframework.context.annotation.AnnotationBeanNameGenerator::isStereotypeWithNameValue (76 bytes)
Event: 5.948 Thread 0x0000012470e5b6a0 nmethod 3713 0x0000012421651510 code [0x00000124216516a0, 0x00000124216517f8]
Event: 5.949 Thread 0x00000124701751c0 nmethod 3714 0x0000012421651890 code [0x0000012421651a80, 0x0000012421651cd8]
Event: 5.954 Thread 0x00000124701751c0 3715       1       org.springframework.core.SerializableTypeWrapper::forTypeProvider (178 bytes)
Event: 5.955 Thread 0x00000124701751c0 nmethod 3715 0x0000012421651e10 code [0x00000124216520c0, 0x0000012421652bf8]
Event: 5.965 Thread 0x0000012470e5b6a0 3716       1       org.springframework.beans.factory.config.BeanDefinitionHolder::getBeanDefinition (5 bytes)
Event: 5.966 Thread 0x0000012470e5b6a0 nmethod 3716 0x0000012421653190 code [0x0000012421653320, 0x00000124216533f8]

GC Heap History (16 events):
Event: 0.498 GC heap before
{Heap before GC invocations=0 (full 0):
 garbage-first heap   total 131072K, used 16384K [0x0000000080000000, 0x0000000100000000)
  region size 1024K, 13 young (13312K), 0 survivors (0K)
 Metaspace       used 425K, committed 576K, reserved 1114112K
  class space    used 43K, committed 128K, reserved 1048576K
}
Event: 0.504 GC heap after
{Heap after GC invocations=1 (full 0):
 garbage-first heap   total 131072K, used 11188K [0x0000000080000000, 0x0000000100000000)
  region size 1024K, 2 young (2048K), 2 survivors (2048K)
 Metaspace       used 425K, committed 576K, reserved 1114112K
  class space    used 43K, committed 128K, reserved 1048576K
}
Event: 0.938 GC heap before
{Heap before GC invocations=1 (full 0):
 garbage-first heap   total 131072K, used 19380K [0x0000000080000000, 0x0000000100000000)
  region size 1024K, 10 young (10240K), 2 survivors (2048K)
 Metaspace       used 2507K, committed 2688K, reserved 1114112K
  class space    used 298K, committed 384K, reserved 1048576K
}
Event: 0.941 GC heap after
{Heap after GC invocations=2 (full 0):
 garbage-first heap   total 131072K, used 13272K [0x0000000080000000, 0x0000000100000000)
  region size 1024K, 2 young (2048K), 2 survivors (2048K)
 Metaspace       used 2507K, committed 2688K, reserved 1114112K
  class space    used 298K, committed 384K, reserved 1048576K
}
Event: 1.365 GC heap before
{Heap before GC invocations=2 (full 0):
 garbage-first heap   total 131072K, used 31704K [0x0000000080000000, 0x0000000100000000)
  region size 1024K, 17 young (17408K), 2 survivors (2048K)
 Metaspace       used 5029K, committed 5120K, reserved 1114112K
  class space    used 595K, committed 640K, reserved 1048576K
}
Event: 1.371 GC heap after
{Heap after GC invocations=3 (full 0):
 garbage-first heap   total 131072K, used 16523K [0x0000000080000000, 0x0000000100000000)
  region size 1024K, 3 young (3072K), 3 survivors (3072K)
 Metaspace       used 5029K, committed 5120K, reserved 1114112K
  class space    used 595K, committed 640K, reserved 1048576K
}
Event: 2.080 GC heap before
{Heap before GC invocations=3 (full 0):
 garbage-first heap   total 131072K, used 48267K [0x0000000080000000, 0x0000000100000000)
  region size 1024K, 33 young (33792K), 3 survivors (3072K)
 Metaspace       used 8732K, committed 8896K, reserved 1114112K
  class space    used 1152K, committed 1216K, reserved 1048576K
}
Event: 2.085 GC heap after
{Heap after GC invocations=4 (full 0):
 garbage-first heap   total 131072K, used 18223K [0x0000000080000000, 0x0000000100000000)
  region size 1024K, 2 young (2048K), 2 survivors (2048K)
 Metaspace       used 8732K, committed 8896K, reserved 1114112K
  class space    used 1152K, committed 1216K, reserved 1048576K
}
Event: 3.869 GC heap before
{Heap before GC invocations=4 (full 0):
 garbage-first heap   total 131072K, used 89903K [0x0000000080000000, 0x0000000100000000)
  region size 1024K, 73 young (74752K), 2 survivors (2048K)
 Metaspace       used 20211K, committed 20544K, reserved 1114112K
  class space    used 2719K, committed 2880K, reserved 1048576K
}
Event: 3.875 GC heap after
{Heap after GC invocations=5 (full 0):
 garbage-first heap   total 131072K, used 22201K [0x0000000080000000, 0x0000000100000000)
  region size 1024K, 6 young (6144K), 6 survivors (6144K)
 Metaspace       used 20211K, committed 20544K, reserved 1114112K
  class space    used 2719K, committed 2880K, reserved 1048576K
}
Event: 3.960 GC heap before
{Heap before GC invocations=5 (full 0):
 garbage-first heap   total 131072K, used 29369K [0x0000000080000000, 0x0000000100000000)
  region size 1024K, 14 young (14336K), 6 survivors (6144K)
 Metaspace       used 21237K, committed 21504K, reserved 1114112K
  class space    used 2884K, committed 3008K, reserved 1048576K
}
Event: 3.965 GC heap after
{Heap after GC invocations=6 (full 0):
 garbage-first heap   total 131072K, used 23009K [0x0000000080000000, 0x0000000100000000)
  region size 1024K, 5 young (5120K), 5 survivors (5120K)
 Metaspace       used 21237K, committed 21504K, reserved 1114112K
  class space    used 2884K, committed 3008K, reserved 1048576K
}
Event: 5.056 GC heap before
{Heap before GC invocations=7 (full 0):
 garbage-first heap   total 81920K, used 67041K [0x0000000080000000, 0x0000000100000000)
  region size 1024K, 48 young (49152K), 5 survivors (5120K)
 Metaspace       used 24036K, committed 24320K, reserved 1114112K
  class space    used 3287K, committed 3392K, reserved 1048576K
}
Event: 5.065 GC heap after
{Heap after GC invocations=8 (full 0):
 garbage-first heap   total 81920K, used 25628K [0x0000000080000000, 0x0000000100000000)
  region size 1024K, 4 young (4096K), 4 survivors (4096K)
 Metaspace       used 24036K, committed 24320K, reserved 1114112K
  class space    used 3287K, committed 3392K, reserved 1048576K
}
Event: 5.976 GC heap before
{Heap before GC invocations=8 (full 0):
 garbage-first heap   total 81920K, used 59420K [0x0000000080000000, 0x0000000100000000)
  region size 1024K, 38 young (38912K), 4 survivors (4096K)
 Metaspace       used 28134K, committed 28544K, reserved 1114112K
  class space    used 3938K, committed 4160K, reserved 1048576K
}
Event: 5.986 GC heap after
{Heap after GC invocations=9 (full 0):
 garbage-first heap   total 81920K, used 27264K [0x0000000080000000, 0x0000000100000000)
  region size 1024K, 2 young (2048K), 2 survivors (2048K)
 Metaspace       used 28134K, committed 28544K, reserved 1114112K
  class space    used 3938K, committed 4160K, reserved 1048576K
}

Deoptimization events (2 events):
Event: 4.920 Thread 0x0000012470e393e0 DEOPT PACKING pc=0x00000124211a119c sp=0x0000000f825fd990
Event: 4.920 Thread 0x0000012470e393e0 DEOPT UNPACKING pc=0x0000012420eb2b43 sp=0x0000000f825fce58 mode 0

Classes unloaded (0 events):
No events

Classes redefined (0 events):
No events

Internal exceptions (20 events):
Event: 2.685 Thread 0x0000012470e393e0 Exception <a 'java/lang/IncompatibleClassChangeError'{0x00000000874f7920}: Found class java.lang.Object, but interface was expected> (0x00000000874f7920) 
thrown [s\open\src\hotspot\share\interpreter\linkResolver.cpp, line 826]
Event: 2.732 Thread 0x0000012470f50a10 Exception <a 'java/lang/NoSuchMethodError'{0x00000000872c7a58}: 'java.lang.Object java.lang.invoke.Invokers$Holder.invoke_MT(java.lang.Object, java.lang.Object, java.lang.Object)'> (0x00000000872c7a58) 
thrown [s\open\src\hotspot\share\interpreter\linkResolver.cpp, line 759]
Event: 3.338 Thread 0x0000012470e393e0 Exception <a 'sun/nio/fs/WindowsException'{0x000000008559f1a0}> (0x000000008559f1a0) 
thrown [s\open\src\hotspot\share\prims\jni.cpp, line 516]
Event: 3.339 Thread 0x0000012470e393e0 Exception <a 'java/lang/NoSuchMethodError'{0x00000000855a0e10}: 'int java.lang.invoke.DirectMethodHandle$Holder.invokeSpecial(java.lang.Object, java.lang.Object, java.lang.Object, java.lang.Object, java.lang.Object)'> (0x00000000855a0e10) 
thrown [s\open\src\hotspot\share\interpreter\linkResolver.cpp, line 759]
Event: 3.341 Thread 0x0000012470e393e0 Exception <a 'java/lang/NoSuchMethodError'{0x00000000855aa090}: 'void java.lang.invoke.DirectMethodHandle$Holder.invokeVirtual(java.lang.Object, java.lang.Object)'> (0x00000000855aa090) 
thrown [s\open\src\hotspot\share\interpreter\linkResolver.cpp, line 759]
Event: 3.922 Thread 0x0000012470e393e0 Exception <a 'java/lang/IncompatibleClassChangeError'{0x0000000087b0c910}: Found class java.lang.Object, but interface was expected> (0x0000000087b0c910) 
thrown [s\open\src\hotspot\share\interpreter\linkResolver.cpp, line 826]
Event: 3.970 Thread 0x0000012470f50a10 Exception <a 'java/lang/NoSuchMethodError'{0x0000000087f10b38}: 'long java.lang.invoke.DirectMethodHandle$Holder.invokeSpecial(java.lang.Object, java.lang.Object)'> (0x0000000087f10b38) 
thrown [s\open\src\hotspot\share\interpreter\linkResolver.cpp, line 759]
Event: 3.974 Thread 0x0000012470f50a10 Exception <a 'java/lang/NoSuchMethodError'{0x0000000087f1b760}: 'long java.lang.invoke.DirectMethodHandle$Holder.invokeStatic(java.lang.Object, java.lang.Object)'> (0x0000000087f1b760) 
thrown [s\open\src\hotspot\share\interpreter\linkResolver.cpp, line 759]
Event: 3.975 Thread 0x0000012470f50a10 Exception <a 'java/lang/NoSuchMethodError'{0x0000000087f1eab8}: 'long java.lang.invoke.DirectMethodHandle$Holder.invokeStaticInit(java.lang.Object, java.lang.Object)'> (0x0000000087f1eab8) 
thrown [s\open\src\hotspot\share\interpreter\linkResolver.cpp, line 759]
Event: 3.978 Thread 0x0000012470f50a10 Exception <a 'java/lang/NoSuchMethodError'{0x0000000087f2c3b8}: 'long java.lang.invoke.DirectMethodHandle$Holder.invokeInterface(java.lang.Object, java.lang.Object)'> (0x0000000087f2c3b8) 
thrown [s\open\src\hotspot\share\interpreter\linkResolver.cpp, line 759]
Event: 3.979 Thread 0x0000012470f50a10 Exception <a 'java/lang/IncompatibleClassChangeError'{0x0000000087f2f6a0}: Found class java.lang.Object, but interface was expected> (0x0000000087f2f6a0) 
thrown [s\open\src\hotspot\share\interpreter\linkResolver.cpp, line 826]
Event: 3.991 Thread 0x0000012470f50a10 Exception <a 'java/lang/NoSuchMethodError'{0x0000000087f4f048}: 'java.lang.Object java.lang.invoke.DirectMethodHandle$Holder.invokeVirtual(java.lang.Object, java.lang.Object, java.lang.Object, java.lang.Object)'> (0x0000000087f4f048) 
thrown [s\open\src\hotspot\share\interpreter\linkResolver.cpp, line 759]
Event: 4.908 Thread 0x0000012470e393e0 Exception <a 'sun/nio/fs/WindowsException'{0x000000008258e4e0}> (0x000000008258e4e0) 
thrown [s\open\src\hotspot\share\prims\jni.cpp, line 516]
Event: 5.485 Thread 0x0000012470e393e0 Exception <a 'sun/nio/fs/WindowsException'{0x0000000083dc5aa0}> (0x0000000083dc5aa0) 
thrown [s\open\src\hotspot\share\prims\jni.cpp, line 516]
Event: 5.736 Thread 0x0000012470e393e0 Exception <a 'java/lang/NoSuchMethodError'{0x00000000837f1448}: 'int java.lang.invoke.DirectMethodHandle$Holder.invokeStatic(java.lang.Object)'> (0x00000000837f1448) 
thrown [s\open\src\hotspot\share\interpreter\linkResolver.cpp, line 759]
Event: 5.736 Thread 0x0000012470e393e0 Exception <a 'java/lang/NoSuchMethodError'{0x00000000837f4d98}: 'int java.lang.invoke.DirectMethodHandle$Holder.invokeStaticInit(java.lang.Object)'> (0x00000000837f4d98) 
thrown [s\open\src\hotspot\share\interpreter\linkResolver.cpp, line 759]
Event: 5.737 Thread 0x0000012470e393e0 Exception <a 'java/lang/NoSuchMethodError'{0x00000000837fa4e8}: 'int java.lang.invoke.DirectMethodHandle$Holder.invokeVirtual(java.lang.Object, java.lang.Object, java.lang.Object)'> (0x00000000837fa4e8) 
thrown [s\open\src\hotspot\share\interpreter\linkResolver.cpp, line 759]
Event: 5.810 Thread 0x0000012470e393e0 Exception <a 'sun/nio/fs/WindowsException'{0x000000008349a950}> (0x000000008349a950) 
thrown [s\open\src\hotspot\share\prims\jni.cpp, line 516]
Event: 5.818 Thread 0x0000012470e393e0 Exception <a 'java/lang/NoSuchMethodError'{0x00000000834e8398}: 'java.lang.Object java.lang.invoke.DirectMethodHandle$Holder.invokeSpecialIFC(java.lang.Object, java.lang.Object, java.lang.Object)'> (0x00000000834e8398) 
thrown [s\open\src\hotspot\share\interpreter\linkResolver.cpp, line 759]
Event: 5.908 Thread 0x0000012470e393e0 Exception <a 'sun/nio/fs/WindowsException'{0x00000000830577f8}> (0x00000000830577f8) 
thrown [s\open\src\hotspot\share\prims\jni.cpp, line 516]

VM Operations (20 events):
Event: 4.921 Executing VM operation: HandshakeAllThreads
Event: 4.921 Executing VM operation: HandshakeAllThreads done
Event: 5.056 Executing VM operation: G1CollectForAllocation
Event: 5.065 Executing VM operation: G1CollectForAllocation done
Event: 5.283 Executing VM operation: HandshakeAllThreads
Event: 5.283 Executing VM operation: HandshakeAllThreads done
Event: 5.465 Executing VM operation: HandshakeAllThreads
Event: 5.465 Executing VM operation: HandshakeAllThreads done
Event: 5.466 Executing VM operation: HandshakeAllThreads
Event: 5.466 Executing VM operation: HandshakeAllThreads done
Event: 5.472 Executing VM operation: HandshakeAllThreads
Event: 5.472 Executing VM operation: HandshakeAllThreads done
Event: 5.476 Executing VM operation: HandshakeAllThreads
Event: 5.476 Executing VM operation: HandshakeAllThreads done
Event: 5.736 Executing VM operation: HandshakeAllThreads
Event: 5.736 Executing VM operation: HandshakeAllThreads done
Event: 5.833 Executing VM operation: HandshakeAllThreads
Event: 5.833 Executing VM operation: HandshakeAllThreads done
Event: 5.976 Executing VM operation: G1CollectForAllocation
Event: 5.986 Executing VM operation: G1CollectForAllocation done

Events (20 events):
Event: 5.340 loading class java/lang/ClassFormatError done
Event: 5.340 loading class java/lang/UnsupportedClassVersionError done
Event: 5.471 loading class java/util/Collections$UnmodifiableMap$UnmodifiableEntrySet$1
Event: 5.471 loading class java/util/Collections$UnmodifiableMap$UnmodifiableEntrySet$1 done
Event: 5.535 loading class java/util/stream/Streams$ConcatSpliterator$OfRef
Event: 5.535 loading class java/util/stream/Streams$ConcatSpliterator
Event: 5.535 loading class java/util/stream/Streams$ConcatSpliterator done
Event: 5.535 loading class java/util/stream/Streams$ConcatSpliterator$OfRef done
Event: 5.535 loading class java/util/stream/Streams$2
Event: 5.535 loading class java/util/stream/Streams$2 done
Event: 5.739 loading class java/util/concurrent/Flow$Publisher
Event: 5.739 loading class java/util/concurrent/Flow$Publisher done
Event: 5.765 loading class java/util/concurrent/CompletionStage
Event: 5.766 loading class java/util/concurrent/CompletionStage done
Event: 5.796 loading class java/util/concurrent/CompletableFuture
Event: 5.798 loading class java/util/concurrent/CompletableFuture done
Event: 5.826 loading class java/util/stream/ReferencePipeline$15
Event: 5.827 loading class java/util/stream/ReferencePipeline$15 done
Event: 5.828 loading class java/util/stream/ReferencePipeline$15$1
Event: 5.828 loading class java/util/stream/ReferencePipeline$15$1 done


Dynamic libraries:
0x00007ff629850000 - 0x00007ff629860000 	C:\Program Files\Java\jdk-17\bin\java.exe
0x00007ffd1ef90000 - 0x00007ffd1f1a7000 	C:\Windows\SYSTEM32\ntdll.dll
0x00007ffd1e550000 - 0x00007ffd1e614000 	C:\Windows\System32\KERNEL32.DLL
0x00007ffd1c230000 - 0x00007ffd1c600000 	C:\Windows\System32\KERNELBASE.dll
0x00007ffd1cb00000 - 0x00007ffd1cc11000 	C:\Windows\System32\ucrtbase.dll
0x00007ffcc5e80000 - 0x00007ffcc5e99000 	C:\Program Files\Java\jdk-17\bin\jli.dll
0x00007ffd1e480000 - 0x00007ffd1e531000 	C:\Windows\System32\ADVAPI32.dll
0x00007ffd1ea60000 - 0x00007ffd1eb07000 	C:\Windows\System32\msvcrt.dll
0x00007ffcddfc0000 - 0x00007ffcddfdb000 	C:\Program Files\Java\jdk-17\bin\VCRUNTIME140.dll
0x00007ffd1ce40000 - 0x00007ffd1cee8000 	C:\Windows\System32\sechost.dll
0x00007ffd1c7b0000 - 0x00007ffd1c7d8000 	C:\Windows\System32\bcrypt.dll
0x00007ffd1eb10000 - 0x00007ffd1ec28000 	C:\Windows\System32\RPCRT4.dll
0x00007ffd1e8a0000 - 0x00007ffd1ea51000 	C:\Windows\System32\USER32.dll
0x00007ffd1c090000 - 0x00007ffd1c0b6000 	C:\Windows\System32\win32u.dll
0x00007ffd04620000 - 0x00007ffd048bc000 	C:\Windows\WinSxS\amd64_microsoft.windows.common-controls_6595b64144ccf1df_6.0.22621.5840_none_2710ea077384a4fe\COMCTL32.dll
0x00007ffd1d760000 - 0x00007ffd1d789000 	C:\Windows\System32\GDI32.dll
0x00007ffd1c600000 - 0x00007ffd1c723000 	C:\Windows\System32\gdi32full.dll
0x00007ffd1c7e0000 - 0x00007ffd1c87a000 	C:\Windows\System32\msvcp_win.dll
0x00007ffd1ab20000 - 0x00007ffd1ab2a000 	C:\Windows\SYSTEM32\VERSION.dll
0x00007ffd1e7d0000 - 0x00007ffd1e801000 	C:\Windows\System32\IMM32.DLL
0x00007ffd1bf00000 - 0x00007ffd1bf39000 	C:\Windows\system32\vmwsci.dll
0x00007ffd1e890000 - 0x00007ffd1e898000 	C:\Windows\System32\PSAPI.DLL
0x00007ffcf8c00000 - 0x00007ffcf8c0c000 	C:\Program Files\Java\jdk-17\bin\vcruntime140_1.dll
0x00007ffcc5ce0000 - 0x00007ffcc5d6e000 	C:\Program Files\Java\jdk-17\bin\msvcp140.dll
0x00007ffcc5100000 - 0x00007ffcc5ce0000 	C:\Program Files\Java\jdk-17\bin\server\jvm.dll
0x00007ffd0cc60000 - 0x00007ffd0cc69000 	C:\Windows\SYSTEM32\WSOCK32.dll
0x00007ffd1ed00000 - 0x00007ffd1ed71000 	C:\Windows\System32\WS2_32.dll
0x00007ffd0cf70000 - 0x00007ffd0cfa4000 	C:\Windows\SYSTEM32\WINMM.dll
0x00007ffd1af40000 - 0x00007ffd1af58000 	C:\Windows\SYSTEM32\kernel.appcore.dll
0x00007ffcf81a0000 - 0x00007ffcf81aa000 	C:\Program Files\Java\jdk-17\bin\jimage.dll
0x00007ffd19440000 - 0x00007ffd19673000 	C:\Windows\SYSTEM32\DBGHELP.DLL
0x00007ffd1d370000 - 0x00007ffd1d701000 	C:\Windows\System32\combase.dll
0x00007ffd1e240000 - 0x00007ffd1e318000 	C:\Windows\System32\OLEAUT32.dll
0x00007ffd0acf0000 - 0x00007ffd0ad22000 	C:\Windows\SYSTEM32\dbgcore.DLL
0x00007ffd1c730000 - 0x00007ffd1c7ab000 	C:\Windows\System32\bcryptPrimitives.dll
0x00007ffcc50d0000 - 0x00007ffcc50f5000 	C:\Program Files\Java\jdk-17\bin\java.dll
0x00007ffcc4ff0000 - 0x00007ffcc50c7000 	C:\Program Files\Java\jdk-17\bin\jsvml.dll
0x00007ffd1d890000 - 0x00007ffd1e131000 	C:\Windows\System32\SHELL32.dll
0x00007ffd1c880000 - 0x00007ffd1c9bf000 	C:\Windows\System32\wintypes.dll
0x00007ffd19a70000 - 0x00007ffd1a38a000 	C:\Windows\SYSTEM32\windows.storage.dll
0x00007ffd1cd30000 - 0x00007ffd1ce3a000 	C:\Windows\System32\SHCORE.dll
0x00007ffd1d790000 - 0x00007ffd1d7f9000 	C:\Windows\System32\shlwapi.dll
0x00007ffd1bfc0000 - 0x00007ffd1bfe5000 	C:\Windows\SYSTEM32\profapi.dll
0x00007ffcf72b0000 - 0x00007ffcf72c9000 	C:\Program Files\Java\jdk-17\bin\net.dll
0x00007ffd1af60000 - 0x00007ffd1b08c000 	C:\Windows\SYSTEM32\WINHTTP.dll
0x00007ffd1b550000 - 0x00007ffd1b5b9000 	C:\Windows\system32\mswsock.dll
0x00007ffcc5e60000 - 0x00007ffcc5e76000 	C:\Program Files\Java\jdk-17\bin\nio.dll
0x00007ffcc5e40000 - 0x00007ffcc5e58000 	C:\Program Files\Java\jdk-17\bin\zip.dll
0x00007ffcf6840000 - 0x00007ffcf6850000 	C:\Program Files\Java\jdk-17\bin\verify.dll
0x00007ffcf8090000 - 0x00007ffcf809a000 	C:\Program Files\Java\jdk-17\bin\management.dll
0x00007ffcf72a0000 - 0x00007ffcf72ab000 	C:\Program Files\Java\jdk-17\bin\management_ext.dll
0x00007ffd1a560000 - 0x00007ffd1a58d000 	C:\Windows\SYSTEM32\IPHLPAPI.DLL
0x00007ffd1e540000 - 0x00007ffd1e549000 	C:\Windows\System32\NSI.dll
0x00007ffd14090000 - 0x00007ffd140a9000 	C:\Windows\SYSTEM32\dhcpcsvc6.DLL
0x00007ffd12c20000 - 0x00007ffd12c3f000 	C:\Windows\SYSTEM32\dhcpcsvc.DLL
0x00007ffd1a5c0000 - 0x00007ffd1a6b8000 	C:\Windows\SYSTEM32\DNSAPI.dll
0x00007ffd0da00000 - 0x00007ffd0da0a000 	C:\Windows\System32\rasadhlp.dll
0x00007ffd12120000 - 0x00007ffd121a4000 	C:\Windows\System32\fwpuclnt.dll
0x00007ffcf67c0000 - 0x00007ffcf67ce000 	C:\Program Files\Java\jdk-17\bin\sunmscapi.dll
0x00007ffd1c0c0000 - 0x00007ffd1c228000 	C:\Windows\System32\CRYPT32.dll
0x00007ffd1b910000 - 0x00007ffd1b93d000 	C:\Windows\SYSTEM32\ncrypt.dll
0x00007ffd1b8d0000 - 0x00007ffd1b907000 	C:\Windows\SYSTEM32\NTASN1.dll

dbghelp: loaded successfully - version: 4.0.5 - missing functions: none
symbol engine: initialized successfully - sym options: 0x614 - pdb path: .;C:\Program Files\Java\jdk-17\bin;C:\Windows\SYSTEM32;C:\Windows\WinSxS\amd64_microsoft.windows.common-controls_6595b64144ccf1df_6.0.22621.5840_none_2710ea077384a4fe;C:\Program Files\Java\jdk-17\bin\server

VM Arguments:
jvm_args: -XX:TieredStopAtLevel=1 
java_command: com.jaya.PaymentMethodServiceApplication
java_class_path (initial): C:\Users\jayapraj\Downloads\Expense-Tracking-system-With-User\Expense-tracking-System-backend\Expense-tracking-backend-main\Payment-method-Service\target\classes;C:\Users\jayapraj\.m2\repository\org\apache\poi\poi-ooxml\5.2.3\poi-ooxml-5.2.3.jar;C:\Users\jayapraj\.m2\repository\org\apache\poi\poi-ooxml-lite\5.2.3\poi-ooxml-lite-5.2.3.jar;C:\Users\jayapraj\.m2\repository\org\apache\xmlbeans\xmlbeans\5.1.1\xmlbeans-5.1.1.jar;C:\Users\jayapraj\.m2\repository\org\apache\commons\commons-compress\1.21\commons-compress-1.21.jar;C:\Users\jayapraj\.m2\repository\commons-io\commons-io\2.11.0\commons-io-2.11.0.jar;C:\Users\jayapraj\.m2\repository\com\github\virtuald\curvesapi\1.07\curvesapi-1.07.jar;C:\Users\jayapraj\.m2\repository\org\apache\logging\log4j\log4j-api\2.24.1\log4j-api-2.24.1.jar;C:\Users\jayapraj\.m2\repository\org\apache\commons\commons-collections4\4.4\commons-collections4-4.4.jar;C:\Users\jayapraj\.m2\repository\com\google\auth\google-auth-library-oauth2-http\0.26.0\google-auth-library-oauth2-http-0.26.0.jar;C:\Users\jayapraj\.m2\repository\com\google\auto\value\auto-value-annotations\1.8.1\auto-value-annotations-1.8.1.jar;C:\Users\jayapraj\.m2\repository\com\google\code\findbugs\jsr305\3.0.2\jsr305-3.0.2.jar;C:\Users\jayapraj\.m2\repository\com\google\auth\google-auth-library-credentials\0.26.0\google-auth-library-credentials-0.26.0.jar;C:\Users\jayapraj\.m2\repository\com\google\http-client\google-http-client\1.39.2\google-http-client-1.39.2.jar;C:\Users\jayapraj\.m2\repository\org\apache\httpcomponents\httpclient\4.5.13\httpclient-4.5.13.jar;C:\Users\jayapraj\.m2\repository\commons-logging\commons-logging\1.2\commons-logging-1.2.jar;C:\Users\jayapraj\.m2\repository\org\apache\httpcomponents\httpcore\4.4.16\httpcore-4.4.16.jar;C:\Users\jayapraj\.m2\repository\com\google\j2objc\j2objc-annotations\1.3\j2objc-annotations-1.3.jar;C:\Users\jayapraj\.m2\repository\io\opencensus\opencensus-api\0.28.0\opencensus-api-0.28.0.jar;C:\Users\
Launcher Type: SUN_STANDARD

[Global flags]
     intx CICompilerCount                          = 3                                         {product} {ergonomic}
     uint ConcGCThreads                            = 1                                         {product} {ergonomic}
     uint G1ConcRefinementThreads                  = 4                                         {product} {ergonomic}
   size_t G1HeapRegionSize                         = 1048576                                   {product} {ergonomic}
    uintx GCDrainStackTargetSize                   = 64                                        {product} {ergonomic}
   size_t InitialHeapSize                          = 134217728                                 {product} {ergonomic}
   size_t MarkStackSize                            = 4194304                                   {product} {ergonomic}
   size_t MaxHeapSize                              = 2147483648                                {product} {ergonomic}
   size_t MaxNewSize                               = 1287651328                                {product} {ergonomic}
   size_t MinHeapDeltaBytes                        = 1048576                                   {product} {ergonomic}
   size_t MinHeapSize                              = 8388608                                   {product} {ergonomic}
    uintx NonProfiledCodeHeapSize                  = 0                                      {pd product} {ergonomic}
     bool ProfileInterpreter                       = false                                  {pd product} {command line}
    uintx ProfiledCodeHeapSize                     = 0                                      {pd product} {ergonomic}
   size_t SoftMaxHeapSize                          = 2147483648                             {manageable} {ergonomic}
     intx TieredStopAtLevel                        = 1                                         {product} {command line}
     bool UseCompressedClassPointers               = true                           {product lp64_product} {ergonomic}
     bool UseCompressedOops                        = true                           {product lp64_product} {ergonomic}
     bool UseG1GC                                  = true                                      {product} {ergonomic}
     bool UseLargePagesIndividualAllocation        = false                                  {pd product} {ergonomic}

Logging:
Log output configuration:
 #0: stdout all=warning uptime,level,tags
 #1: stderr all=off uptime,level,tags

Environment Variables:
JAVA_HOME=C:\Program Files\Java\jdk-17
PATH=C:\Python313\Scripts\;C:\Python313\;C:\Program Files\Common Files\Oracle\Java\javapath;C:\Windows\system32;C:\Windows;C:\Windows\System32\Wbem;C:\Windows\System32\WindowsPowerShell\v1.0\;C:\Windows\System32\OpenSSH\;C:\Program Files\Git\cmd;C:\Users\jayapraj\AppData\Local\Microsoft\WindowsApps;C:\Users\jayapraj\AppData\Local\Programs\Microsoft VS Code\bin;C:\Users\jayapraj\Downloads\apache-maven-3.9.9-bin\apache-maven-3.9.9\bin;C:\Program Files\nodejs\;C:\ProgramData\chocolatey\bin;C:\Program Files\MySQL\MySQL Shell 8.0\bin\;True;C:\Users\jayapraj\Downloads\maven-mvnd-1.0.2-windows-amd64\maven-mvnd-1.0.2-windows-amd64\bin;C:\Users\jayapraj\AppData\Roaming\npm;C:\kafka\bin
USERNAME=jayapraj
OS=Windows_NT
PROCESSOR_IDENTIFIER=Intel64 Family 6 Model 79 Stepping 0, GenuineIntel



---------------  S Y S T E M  ---------------

OS:
 Windows 11 , 64 bit Build 22621 (10.0.22621.5415)
OS uptime: 0 days 3:28 hours
VMWare virtualization detected

CPU: total 4 (initial active 4) (4 cores per cpu, 1 threads per core) family 6 model 79 stepping 0 microcode 0x2007006, cx8, cmov, fxsr, mmx, 3dnowpref, sse, sse2, sse3, ssse3, sse4.1, sse4.2, popcnt, lzcnt, tsc, tscinvbit, avx, avx2, aes, erms, clmul, bmi1, bmi2, adx, fma, vzeroupper, clflush, hv

Memory: 4k page, system-wide physical 8190M (717M free)
TotalPageFile size 27264M (AvailPageFile size 0M)
current process WorkingSet (physical memory assigned to process): 165M, peak: 169M
current process commit charge ("private bytes"): 204M, peak: 241M

vm_info: Java HotSpot(TM) 64-Bit Server VM (17.0.12+8-LTS-286) for windows-amd64 JRE (17.0.12+8-LTS-286), built on Jun  5 2024 06:46:59 by "mach5one" with MS VC++ 17.6 (VS2022)

END.
